Not searching for unused variables given on the command line.
-- The C compiler identification is GNU 13.2.0
-- The CXX compiler identification is GNU 13.2.0
-- Detecting C compiler ABI info
-- Detecting C compiler ABI info - done
-- Check for working C compiler: /home/proto/.espressif/tools/xtensa-esp-elf/esp-13.2.0_20230928/xtensa-esp-elf/bin/xtensa-esp32-elf-gcc - skipped
-- Detecting C compile features
-- Detecting C compile features - done
-- Detecting CXX compiler ABI info
-- Detecting CXX compiler ABI info - done
-- Check for working CXX compiler: /home/proto/.espressif/tools/xtensa-esp-elf/esp-13.2.0_20230928/xtensa-esp-elf/bin/xtensa-esp32-elf-g++ - skipped
-- Detecting CXX compile features
-- Detecting CXX compile features - done
-- Found ament_cmake: 1.3.8 (/home/proto/MARIO/firmware/components/micro_ros_espidf_component/micro_ros_dev/install/ament_cmake/share/ament_cmake/cmake)
-- Found Python3: /home/proto/.espressif/python_env/idf5.2_py3.10_env/bin/python3 (found version "3.10.12") found components: Interpreter 
-- Found builtin_interfaces: 1.2.1 (/home/proto/MARIO/firmware/components/micro_ros_espidf_component/micro_ros_src/install/share/builtin_interfaces/cmake)
-- Using all available rosidl_typesupport_c: rosidl_typesupport_introspection_c;rosidl_typesupport_microxrcedds_c
-- Found rosidl_adapter: 3.1.5 (/home/proto/MARIO/firmware/components/micro_ros_espidf_component/micro_ros_src/install/share/rosidl_adapter/cmake)
-- Found geometry_msgs: 4.2.3 (/home/proto/MARIO/firmware/components/micro_ros_espidf_component/micro_ros_src/install/share/geometry_msgs/cmake)
-- Found rosidl_default_generators: 1.2.0 (/home/proto/MARIO/firmware/components/micro_ros_espidf_component/micro_ros_src/install/share/rosidl_default_generators/cmake)
-- Found ament_cmake_ros: 0.10.0 (/home/proto/MARIO/firmware/components/micro_ros_espidf_component/micro_ros_dev/install/ament_cmake_ros/share/ament_cmake_ros/cmake)
-- Using all available rosidl_typesupport_c: rosidl_typesupport_introspection_c;rosidl_typesupport_microxrcedds_c
-- Configuring done
-- Generating done
-- Build files have been written to: /home/proto/MARIO/firmware/components/micro_ros_espidf_component/micro_ros_src/build/nav_msgs
gmake[1]: Entering directory '/home/proto/MARIO/firmware/components/micro_ros_espidf_component/micro_ros_src/build/nav_msgs'
gmake[2]: Entering directory '/home/proto/MARIO/firmware/components/micro_ros_espidf_component/micro_ros_src/build/nav_msgs'
gmake[3]: Entering directory '/home/proto/MARIO/firmware/components/micro_ros_espidf_component/micro_ros_src/build/nav_msgs'
[  2%] Generating C code for ROS interfaces
gmake[3]: Leaving directory '/home/proto/MARIO/firmware/components/micro_ros_espidf_component/micro_ros_src/build/nav_msgs'
gmake[3]: Entering directory '/home/proto/MARIO/firmware/components/micro_ros_espidf_component/micro_ros_src/build/nav_msgs'
[  4%] Building C object CMakeFiles/nav_msgs__rosidl_generator_c.dir/rosidl_generator_c/nav_msgs/msg/detail/grid_cells__functions.c.obj
[  9%] Building C object CMakeFiles/nav_msgs__rosidl_generator_c.dir/rosidl_generator_c/nav_msgs/msg/detail/map_meta_data__functions.c.obj
[  9%] Building C object CMakeFiles/nav_msgs__rosidl_generator_c.dir/rosidl_generator_c/nav_msgs/msg/detail/occupancy_grid__functions.c.obj
[ 13%] Building C object CMakeFiles/nav_msgs__rosidl_generator_c.dir/rosidl_generator_c/nav_msgs/srv/detail/get_map__functions.c.obj
[ 13%] Building C object CMakeFiles/nav_msgs__rosidl_generator_c.dir/rosidl_generator_c/nav_msgs/msg/detail/odometry__functions.c.obj
[ 15%] Building C object CMakeFiles/nav_msgs__rosidl_generator_c.dir/rosidl_generator_c/nav_msgs/msg/detail/path__functions.c.obj
[ 18%] Building C object CMakeFiles/nav_msgs__rosidl_generator_c.dir/rosidl_generator_c/nav_msgs/srv/detail/get_plan__functions.c.obj
[ 20%] Building C object CMakeFiles/nav_msgs__rosidl_generator_c.dir/rosidl_generator_c/nav_msgs/srv/detail/load_map__functions.c.obj
[ 22%] Building C object CMakeFiles/nav_msgs__rosidl_generator_c.dir/rosidl_generator_c/nav_msgs/srv/detail/set_map__functions.c.obj
[ 25%] Linking C static library libnav_msgs__rosidl_generator_c.a
gmake[3]: Leaving directory '/home/proto/MARIO/firmware/components/micro_ros_espidf_component/micro_ros_src/build/nav_msgs'
[ 25%] Built target nav_msgs__rosidl_generator_c
gmake[3]: Entering directory '/home/proto/MARIO/firmware/components/micro_ros_espidf_component/micro_ros_src/build/nav_msgs'
gmake[3]: Entering directory '/home/proto/MARIO/firmware/components/micro_ros_espidf_component/micro_ros_src/build/nav_msgs'
gmake[3]: Entering directory '/home/proto/MARIO/firmware/components/micro_ros_espidf_component/micro_ros_src/build/nav_msgs'
[ 27%] Generating C type support for eProsima Micro XRCE-DDS
[ 29%] Generating C introspection for ROS interfaces
[ 31%] Generating C type support dispatch for ROS interfaces
gmake[3]: Leaving directory '/home/proto/MARIO/firmware/components/micro_ros_espidf_component/micro_ros_src/build/nav_msgs'
gmake[3]: Entering directory '/home/proto/MARIO/firmware/components/micro_ros_espidf_component/micro_ros_src/build/nav_msgs'
[ 34%] Building CXX object CMakeFiles/nav_msgs__rosidl_typesupport_c.dir/rosidl_typesupport_c/nav_msgs/msg/grid_cells__type_support.cpp.obj
[ 36%] Building CXX object CMakeFiles/nav_msgs__rosidl_typesupport_c.dir/rosidl_typesupport_c/nav_msgs/msg/odometry__type_support.cpp.obj
[ 38%] Building CXX object CMakeFiles/nav_msgs__rosidl_typesupport_c.dir/rosidl_typesupport_c/nav_msgs/msg/occupancy_grid__type_support.cpp.obj
[ 40%] Building CXX object CMakeFiles/nav_msgs__rosidl_typesupport_c.dir/rosidl_typesupport_c/nav_msgs/msg/map_meta_data__type_support.cpp.obj
[ 45%] Building CXX object CMakeFiles/nav_msgs__rosidl_typesupport_c.dir/rosidl_typesupport_c/nav_msgs/msg/path__type_support.cpp.obj
[ 45%] Building CXX object CMakeFiles/nav_msgs__rosidl_typesupport_c.dir/rosidl_typesupport_c/nav_msgs/srv/get_map__type_support.cpp.obj
[ 47%] Building CXX object CMakeFiles/nav_msgs__rosidl_typesupport_c.dir/rosidl_typesupport_c/nav_msgs/srv/get_plan__type_support.cpp.obj
[ 50%] Building CXX object CMakeFiles/nav_msgs__rosidl_typesupport_c.dir/rosidl_typesupport_c/nav_msgs/srv/load_map__type_support.cpp.obj
[ 52%] Building CXX object CMakeFiles/nav_msgs__rosidl_typesupport_c.dir/rosidl_typesupport_c/nav_msgs/srv/set_map__type_support.cpp.obj
[ 54%] Linking CXX static library libnav_msgs__rosidl_typesupport_c.a
gmake[3]: Leaving directory '/home/proto/MARIO/firmware/components/micro_ros_espidf_component/micro_ros_src/build/nav_msgs'
[ 54%] Built target nav_msgs__rosidl_typesupport_c
gmake[3]: Leaving directory '/home/proto/MARIO/firmware/components/micro_ros_espidf_component/micro_ros_src/build/nav_msgs'
gmake[3]: Entering directory '/home/proto/MARIO/firmware/components/micro_ros_espidf_component/micro_ros_src/build/nav_msgs'
[ 56%] Building C object CMakeFiles/nav_msgs__rosidl_typesupport_introspection_c.dir/rosidl_typesupport_introspection_c/nav_msgs/msg/detail/grid_cells__type_support.c.obj
[ 59%] Building C object CMakeFiles/nav_msgs__rosidl_typesupport_introspection_c.dir/rosidl_typesupport_introspection_c/nav_msgs/msg/detail/map_meta_data__type_support.c.obj
[ 63%] Building C object CMakeFiles/nav_msgs__rosidl_typesupport_introspection_c.dir/rosidl_typesupport_introspection_c/nav_msgs/msg/detail/odometry__type_support.c.obj
[ 63%] Building C object CMakeFiles/nav_msgs__rosidl_typesupport_introspection_c.dir/rosidl_typesupport_introspection_c/nav_msgs/msg/detail/occupancy_grid__type_support.c.obj
[ 65%] Building C object CMakeFiles/nav_msgs__rosidl_typesupport_introspection_c.dir/rosidl_typesupport_introspection_c/nav_msgs/msg/detail/path__type_support.c.obj
[ 68%] Building C object CMakeFiles/nav_msgs__rosidl_typesupport_introspection_c.dir/rosidl_typesupport_introspection_c/nav_msgs/srv/detail/get_plan__type_support.c.obj
gmake[3]: Leaving directory '/home/proto/MARIO/firmware/components/micro_ros_espidf_component/micro_ros_src/build/nav_msgs'
[ 70%] Building C object CMakeFiles/nav_msgs__rosidl_typesupport_introspection_c.dir/rosidl_typesupport_introspection_c/nav_msgs/srv/detail/get_map__type_support.c.obj
gmake[3]: Entering directory '/home/proto/MARIO/firmware/components/micro_ros_espidf_component/micro_ros_src/build/nav_msgs'
[ 72%] Building C object CMakeFiles/nav_msgs__rosidl_typesupport_microxrcedds_c.dir/rosidl_typesupport_microxrcedds_c/nav_msgs/msg/detail/microxrcedds/grid_cells__type_support_c.c.obj
[ 75%] Building C object CMakeFiles/nav_msgs__rosidl_typesupport_microxrcedds_c.dir/rosidl_typesupport_microxrcedds_c/nav_msgs/msg/detail/microxrcedds/map_meta_data__type_support_c.c.obj
[ 77%] Building C object CMakeFiles/nav_msgs__rosidl_typesupport_microxrcedds_c.dir/rosidl_typesupport_microxrcedds_c/nav_msgs/msg/detail/microxrcedds/odometry__type_support_c.c.obj
[ 79%] Building C object CMakeFiles/nav_msgs__rosidl_typesupport_microxrcedds_c.dir/rosidl_typesupport_microxrcedds_c/nav_msgs/msg/detail/microxrcedds/occupancy_grid__type_support_c.c.obj
[ 81%] Building C object CMakeFiles/nav_msgs__rosidl_typesupport_microxrcedds_c.dir/rosidl_typesupport_microxrcedds_c/nav_msgs/msg/detail/microxrcedds/path__type_support_c.c.obj
[ 84%] Building C object CMakeFiles/nav_msgs__rosidl_typesupport_introspection_c.dir/rosidl_typesupport_introspection_c/nav_msgs/srv/detail/load_map__type_support.c.obj
[ 86%] Building C object CMakeFiles/nav_msgs__rosidl_typesupport_introspection_c.dir/rosidl_typesupport_introspection_c/nav_msgs/srv/detail/set_map__type_support.c.obj
[ 88%] Building C object CMakeFiles/nav_msgs__rosidl_typesupport_microxrcedds_c.dir/rosidl_typesupport_microxrcedds_c/nav_msgs/srv/detail/microxrcedds/get_map__type_support_c.c.obj
[ 90%] Building C object CMakeFiles/nav_msgs__rosidl_typesupport_microxrcedds_c.dir/rosidl_typesupport_microxrcedds_c/nav_msgs/srv/detail/microxrcedds/load_map__type_support_c.c.obj
[ 93%] Building C object CMakeFiles/nav_msgs__rosidl_typesupport_microxrcedds_c.dir/rosidl_typesupport_microxrcedds_c/nav_msgs/srv/detail/microxrcedds/get_plan__type_support_c.c.obj
[ 95%] Building C object CMakeFiles/nav_msgs__rosidl_typesupport_microxrcedds_c.dir/rosidl_typesupport_microxrcedds_c/nav_msgs/srv/detail/microxrcedds/set_map__type_support_c.c.obj
[ 97%] Linking C static library libnav_msgs__rosidl_typesupport_introspection_c.a
gmake[3]: Leaving directory '/home/proto/MARIO/firmware/components/micro_ros_espidf_component/micro_ros_src/build/nav_msgs'
[ 97%] Built target nav_msgs__rosidl_typesupport_introspection_c
[100%] Linking CXX static library libnav_msgs__rosidl_typesupport_microxrcedds_c.a
gmake[3]: Leaving directory '/home/proto/MARIO/firmware/components/micro_ros_espidf_component/micro_ros_src/build/nav_msgs'
[100%] Built target nav_msgs__rosidl_typesupport_microxrcedds_c
gmake[3]: Entering directory '/home/proto/MARIO/firmware/components/micro_ros_espidf_component/micro_ros_src/build/nav_msgs'
gmake[3]: Leaving directory '/home/proto/MARIO/firmware/components/micro_ros_espidf_component/micro_ros_src/build/nav_msgs'
[100%] Built target nav_msgs
gmake[2]: Leaving directory '/home/proto/MARIO/firmware/components/micro_ros_espidf_component/micro_ros_src/build/nav_msgs'
gmake[1]: Leaving directory '/home/proto/MARIO/firmware/components/micro_ros_espidf_component/micro_ros_src/build/nav_msgs'
-- Install configuration: "Release"
-- Installing: /home/proto/MARIO/firmware/components/micro_ros_espidf_component/micro_ros_src/install/share/ament_index/resource_index/rosidl_interfaces/nav_msgs
-- Installing: /home/proto/MARIO/firmware/components/micro_ros_espidf_component/micro_ros_src/install/include/nav_msgs/nav_msgs
-- Installing: /home/proto/MARIO/firmware/components/micro_ros_espidf_component/micro_ros_src/install/include/nav_msgs/nav_msgs/srv
-- Installing: /home/proto/MARIO/firmware/components/micro_ros_espidf_component/micro_ros_src/install/include/nav_msgs/nav_msgs/srv/detail
-- Installing: /home/proto/MARIO/firmware/components/micro_ros_espidf_component/micro_ros_src/install/include/nav_msgs/nav_msgs/srv/detail/set_map__type_support.h
-- Installing: /home/proto/MARIO/firmware/components/micro_ros_espidf_component/micro_ros_src/install/include/nav_msgs/nav_msgs/srv/detail/get_plan__functions.h
-- Installing: /home/proto/MARIO/firmware/components/micro_ros_espidf_component/micro_ros_src/install/include/nav_msgs/nav_msgs/srv/detail/load_map__struct.h
-- Installing: /home/proto/MARIO/firmware/components/micro_ros_espidf_component/micro_ros_src/install/include/nav_msgs/nav_msgs/srv/detail/load_map__type_support.h
-- Installing: /home/proto/MARIO/firmware/components/micro_ros_espidf_component/micro_ros_src/install/include/nav_msgs/nav_msgs/srv/detail/set_map__functions.c
-- Installing: /home/proto/MARIO/firmware/components/micro_ros_espidf_component/micro_ros_src/install/include/nav_msgs/nav_msgs/srv/detail/get_plan__type_support.h
-- Installing: /home/proto/MARIO/firmware/components/micro_ros_espidf_component/micro_ros_src/install/include/nav_msgs/nav_msgs/srv/detail/set_map__struct.h
-- Installing: /home/proto/MARIO/firmware/components/micro_ros_espidf_component/micro_ros_src/install/include/nav_msgs/nav_msgs/srv/detail/set_map__functions.h
-- Installing: /home/proto/MARIO/firmware/components/micro_ros_espidf_component/micro_ros_src/install/include/nav_msgs/nav_msgs/srv/detail/get_plan__functions.c
-- Installing: /home/proto/MARIO/firmware/components/micro_ros_espidf_component/micro_ros_src/install/include/nav_msgs/nav_msgs/srv/detail/get_map__functions.c
-- Installing: /home/proto/MARIO/firmware/components/micro_ros_espidf_component/micro_ros_src/install/include/nav_msgs/nav_msgs/srv/detail/get_map__struct.h
-- Installing: /home/proto/MARIO/firmware/components/micro_ros_espidf_component/micro_ros_src/install/include/nav_msgs/nav_msgs/srv/detail/get_map__functions.h
-- Installing: /home/proto/MARIO/firmware/components/micro_ros_espidf_component/micro_ros_src/install/include/nav_msgs/nav_msgs/srv/detail/get_map__type_support.h
-- Installing: /home/proto/MARIO/firmware/components/micro_ros_espidf_component/micro_ros_src/install/include/nav_msgs/nav_msgs/srv/detail/load_map__functions.c
-- Installing: /home/proto/MARIO/firmware/components/micro_ros_espidf_component/micro_ros_src/install/include/nav_msgs/nav_msgs/srv/detail/get_plan__struct.h
-- Installing: /home/proto/MARIO/firmware/components/micro_ros_espidf_component/micro_ros_src/install/include/nav_msgs/nav_msgs/srv/detail/load_map__functions.h
-- Installing: /home/proto/MARIO/firmware/components/micro_ros_espidf_component/micro_ros_src/install/include/nav_msgs/nav_msgs/srv/get_map.h
-- Installing: /home/proto/MARIO/firmware/components/micro_ros_espidf_component/micro_ros_src/install/include/nav_msgs/nav_msgs/srv/get_plan.h
-- Installing: /home/proto/MARIO/firmware/components/micro_ros_espidf_component/micro_ros_src/install/include/nav_msgs/nav_msgs/srv/set_map.h
-- Installing: /home/proto/MARIO/firmware/components/micro_ros_espidf_component/micro_ros_src/install/include/nav_msgs/nav_msgs/srv/load_map.h
-- Installing: /home/proto/MARIO/firmware/components/micro_ros_espidf_component/micro_ros_src/install/include/nav_msgs/nav_msgs/msg
-- Installing: /home/proto/MARIO/firmware/components/micro_ros_espidf_component/micro_ros_src/install/include/nav_msgs/nav_msgs/msg/odometry.h
-- Installing: /home/proto/MARIO/firmware/components/micro_ros_espidf_component/micro_ros_src/install/include/nav_msgs/nav_msgs/msg/detail
-- Installing: /home/proto/MARIO/firmware/components/micro_ros_espidf_component/micro_ros_src/install/include/nav_msgs/nav_msgs/msg/detail/odometry__struct.h
-- Installing: /home/proto/MARIO/firmware/components/micro_ros_espidf_component/micro_ros_src/install/include/nav_msgs/nav_msgs/msg/detail/odometry__functions.h
-- Installing: /home/proto/MARIO/firmware/components/micro_ros_espidf_component/micro_ros_src/install/include/nav_msgs/nav_msgs/msg/detail/occupancy_grid__type_support.h
-- Installing: /home/proto/MARIO/firmware/components/micro_ros_espidf_component/micro_ros_src/install/include/nav_msgs/nav_msgs/msg/detail/occupancy_grid__functions.h
-- Installing: /home/proto/MARIO/firmware/components/micro_ros_espidf_component/micro_ros_src/install/include/nav_msgs/nav_msgs/msg/detail/map_meta_data__functions.c
-- Installing: /home/proto/MARIO/firmware/components/micro_ros_espidf_component/micro_ros_src/install/include/nav_msgs/nav_msgs/msg/detail/map_meta_data__functions.h
-- Installing: /home/proto/MARIO/firmware/components/micro_ros_espidf_component/micro_ros_src/install/include/nav_msgs/nav_msgs/msg/detail/path__type_support.h
-- Installing: /home/proto/MARIO/firmware/components/micro_ros_espidf_component/micro_ros_src/install/include/nav_msgs/nav_msgs/msg/detail/path__struct.h
-- Installing: /home/proto/MARIO/firmware/components/micro_ros_espidf_component/micro_ros_src/install/include/nav_msgs/nav_msgs/msg/detail/grid_cells__functions.c
-- Installing: /home/proto/MARIO/firmware/components/micro_ros_espidf_component/micro_ros_src/install/include/nav_msgs/nav_msgs/msg/detail/occupancy_grid__struct.h
-- Installing: /home/proto/MARIO/firmware/components/micro_ros_espidf_component/micro_ros_src/install/include/nav_msgs/nav_msgs/msg/detail/grid_cells__struct.h
-- Installing: /home/proto/MARIO/firmware/components/micro_ros_espidf_component/micro_ros_src/install/include/nav_msgs/nav_msgs/msg/detail/map_meta_data__struct.h
-- Installing: /home/proto/MARIO/firmware/components/micro_ros_espidf_component/micro_ros_src/install/include/nav_msgs/nav_msgs/msg/detail/odometry__functions.c
-- Installing: /home/proto/MARIO/firmware/components/micro_ros_espidf_component/micro_ros_src/install/include/nav_msgs/nav_msgs/msg/detail/path__functions.c
-- Installing: /home/proto/MARIO/firmware/components/micro_ros_espidf_component/micro_ros_src/install/include/nav_msgs/nav_msgs/msg/detail/odometry__type_support.h
-- Installing: /home/proto/MARIO/firmware/components/micro_ros_espidf_component/micro_ros_src/install/include/nav_msgs/nav_msgs/msg/detail/grid_cells__functions.h
-- Installing: /home/proto/MARIO/firmware/components/micro_ros_espidf_component/micro_ros_src/install/include/nav_msgs/nav_msgs/msg/detail/map_meta_data__type_support.h
-- Installing: /home/proto/MARIO/firmware/components/micro_ros_espidf_component/micro_ros_src/install/include/nav_msgs/nav_msgs/msg/detail/path__functions.h
-- Installing: /home/proto/MARIO/firmware/components/micro_ros_espidf_component/micro_ros_src/install/include/nav_msgs/nav_msgs/msg/detail/grid_cells__type_support.h
-- Installing: /home/proto/MARIO/firmware/components/micro_ros_espidf_component/micro_ros_src/install/include/nav_msgs/nav_msgs/msg/detail/occupancy_grid__functions.c
-- Installing: /home/proto/MARIO/firmware/components/micro_ros_espidf_component/micro_ros_src/install/include/nav_msgs/nav_msgs/msg/grid_cells.h
-- Installing: /home/proto/MARIO/firmware/components/micro_ros_espidf_component/micro_ros_src/install/include/nav_msgs/nav_msgs/msg/rosidl_generator_c__visibility_control.h
-- Installing: /home/proto/MARIO/firmware/components/micro_ros_espidf_component/micro_ros_src/install/include/nav_msgs/nav_msgs/msg/occupancy_grid.h
-- Installing: /home/proto/MARIO/firmware/components/micro_ros_espidf_component/micro_ros_src/install/include/nav_msgs/nav_msgs/msg/path.h
-- Installing: /home/proto/MARIO/firmware/components/micro_ros_espidf_component/micro_ros_src/install/include/nav_msgs/nav_msgs/msg/map_meta_data.h
-- Installing: /home/proto/MARIO/firmware/components/micro_ros_espidf_component/micro_ros_src/install/share/nav_msgs/environment/library_path.sh
-- Installing: /home/proto/MARIO/firmware/components/micro_ros_espidf_component/micro_ros_src/install/share/nav_msgs/environment/library_path.dsv
-- Installing: /home/proto/MARIO/firmware/components/micro_ros_espidf_component/micro_ros_src/install/lib/libnav_msgs__rosidl_generator_c.a
-- Up-to-date: /home/proto/MARIO/firmware/components/micro_ros_espidf_component/micro_ros_src/install/include/nav_msgs/nav_msgs
-- Up-to-date: /home/proto/MARIO/firmware/components/micro_ros_espidf_component/micro_ros_src/install/include/nav_msgs/nav_msgs/srv
-- Up-to-date: /home/proto/MARIO/firmware/components/micro_ros_espidf_component/micro_ros_src/install/include/nav_msgs/nav_msgs/srv/detail
-- Installing: /home/proto/MARIO/firmware/components/micro_ros_espidf_component/micro_ros_src/install/include/nav_msgs/nav_msgs/srv/detail/load_map__rosidl_typesupport_introspection_c.h
-- Installing: /home/proto/MARIO/firmware/components/micro_ros_espidf_component/micro_ros_src/install/include/nav_msgs/nav_msgs/srv/detail/get_plan__type_support.c
-- Installing: /home/proto/MARIO/firmware/components/micro_ros_espidf_component/micro_ros_src/install/include/nav_msgs/nav_msgs/srv/detail/get_map__type_support.c
-- Installing: /home/proto/MARIO/firmware/components/micro_ros_espidf_component/micro_ros_src/install/include/nav_msgs/nav_msgs/srv/detail/get_map__rosidl_typesupport_introspection_c.h
-- Installing: /home/proto/MARIO/firmware/components/micro_ros_espidf_component/micro_ros_src/install/include/nav_msgs/nav_msgs/srv/detail/set_map__rosidl_typesupport_introspection_c.h
-- Installing: /home/proto/MARIO/firmware/components/micro_ros_espidf_component/micro_ros_src/install/include/nav_msgs/nav_msgs/srv/detail/get_plan__rosidl_typesupport_introspection_c.h
-- Installing: /home/proto/MARIO/firmware/components/micro_ros_espidf_component/micro_ros_src/install/include/nav_msgs/nav_msgs/srv/detail/load_map__type_support.c
-- Installing: /home/proto/MARIO/firmware/components/micro_ros_espidf_component/micro_ros_src/install/include/nav_msgs/nav_msgs/srv/detail/set_map__type_support.c
-- Up-to-date: /home/proto/MARIO/firmware/components/micro_ros_espidf_component/micro_ros_src/install/include/nav_msgs/nav_msgs/msg
-- Installing: /home/proto/MARIO/firmware/components/micro_ros_espidf_component/micro_ros_src/install/include/nav_msgs/nav_msgs/msg/rosidl_typesupport_introspection_c__visibility_control.h
-- Up-to-date: /home/proto/MARIO/firmware/components/micro_ros_espidf_component/micro_ros_src/install/include/nav_msgs/nav_msgs/msg/detail
-- Installing: /home/proto/MARIO/firmware/components/micro_ros_espidf_component/micro_ros_src/install/include/nav_msgs/nav_msgs/msg/detail/grid_cells__rosidl_typesupport_introspection_c.h
-- Installing: /home/proto/MARIO/firmware/components/micro_ros_espidf_component/micro_ros_src/install/include/nav_msgs/nav_msgs/msg/detail/map_meta_data__rosidl_typesupport_introspection_c.h
-- Installing: /home/proto/MARIO/firmware/components/micro_ros_espidf_component/micro_ros_src/install/include/nav_msgs/nav_msgs/msg/detail/occupancy_grid__type_support.c
-- Installing: /home/proto/MARIO/firmware/components/micro_ros_espidf_component/micro_ros_src/install/include/nav_msgs/nav_msgs/msg/detail/grid_cells__type_support.c
-- Installing: /home/proto/MARIO/firmware/components/micro_ros_espidf_component/micro_ros_src/install/include/nav_msgs/nav_msgs/msg/detail/path__rosidl_typesupport_introspection_c.h
-- Installing: /home/proto/MARIO/firmware/components/micro_ros_espidf_component/micro_ros_src/install/include/nav_msgs/nav_msgs/msg/detail/odometry__type_support.c
-- Installing: /home/proto/MARIO/firmware/components/micro_ros_espidf_component/micro_ros_src/install/include/nav_msgs/nav_msgs/msg/detail/odometry__rosidl_typesupport_introspection_c.h
-- Installing: /home/proto/MARIO/firmware/components/micro_ros_espidf_component/micro_ros_src/install/include/nav_msgs/nav_msgs/msg/detail/path__type_support.c
-- Installing: /home/proto/MARIO/firmware/components/micro_ros_espidf_component/micro_ros_src/install/include/nav_msgs/nav_msgs/msg/detail/map_meta_data__type_support.c
-- Installing: /home/proto/MARIO/firmware/components/micro_ros_espidf_component/micro_ros_src/install/include/nav_msgs/nav_msgs/msg/detail/occupancy_grid__rosidl_typesupport_introspection_c.h
-- Installing: /home/proto/MARIO/firmware/components/micro_ros_espidf_component/micro_ros_src/install/lib/libnav_msgs__rosidl_typesupport_introspection_c.a
-- Up-to-date: /home/proto/MARIO/firmware/components/micro_ros_espidf_component/micro_ros_src/install/include/nav_msgs
-- Installing: /home/proto/MARIO/firmware/components/micro_ros_espidf_component/micro_ros_src/install/include/nav_msgs/srv
-- Installing: /home/proto/MARIO/firmware/components/micro_ros_espidf_component/micro_ros_src/install/include/nav_msgs/srv/detail
-- Installing: /home/proto/MARIO/firmware/components/micro_ros_espidf_component/micro_ros_src/install/include/nav_msgs/srv/detail/get_map__rosidl_typesupport_microxrcedds_c.h
-- Installing: /home/proto/MARIO/firmware/components/micro_ros_espidf_component/micro_ros_src/install/include/nav_msgs/srv/detail/get_plan__rosidl_typesupport_microxrcedds_c.h
-- Installing: /home/proto/MARIO/firmware/components/micro_ros_espidf_component/micro_ros_src/install/include/nav_msgs/srv/detail/set_map__rosidl_typesupport_microxrcedds_c.h
-- Installing: /home/proto/MARIO/firmware/components/micro_ros_espidf_component/micro_ros_src/install/include/nav_msgs/srv/detail/load_map__rosidl_typesupport_microxrcedds_c.h
-- Installing: /home/proto/MARIO/firmware/components/micro_ros_espidf_component/micro_ros_src/install/include/nav_msgs/srv/detail/microxrcedds
-- Installing: /home/proto/MARIO/firmware/components/micro_ros_espidf_component/micro_ros_src/install/include/nav_msgs/msg
-- Installing: /home/proto/MARIO/firmware/components/micro_ros_espidf_component/micro_ros_src/install/include/nav_msgs/msg/detail
-- Installing: /home/proto/MARIO/firmware/components/micro_ros_espidf_component/micro_ros_src/install/include/nav_msgs/msg/detail/grid_cells__rosidl_typesupport_microxrcedds_c.h
-- Installing: /home/proto/MARIO/firmware/components/micro_ros_espidf_component/micro_ros_src/install/include/nav_msgs/msg/detail/path__rosidl_typesupport_microxrcedds_c.h
-- Installing: /home/proto/MARIO/firmware/components/micro_ros_espidf_component/micro_ros_src/install/include/nav_msgs/msg/detail/map_meta_data__rosidl_typesupport_microxrcedds_c.h
-- Installing: /home/proto/MARIO/firmware/components/micro_ros_espidf_component/micro_ros_src/install/include/nav_msgs/msg/detail/occupancy_grid__rosidl_typesupport_microxrcedds_c.h
-- Installing: /home/proto/MARIO/firmware/components/micro_ros_espidf_component/micro_ros_src/install/include/nav_msgs/msg/detail/odometry__rosidl_typesupport_microxrcedds_c.h
-- Installing: /home/proto/MARIO/firmware/components/micro_ros_espidf_component/micro_ros_src/install/include/nav_msgs/msg/detail/microxrcedds
-- Installing: /home/proto/MARIO/firmware/components/micro_ros_espidf_component/micro_ros_src/install/include/nav_msgs/msg/rosidl_typesupport_microxrcedds_c__visibility_control.h
-- Installing: /home/proto/MARIO/firmware/components/micro_ros_espidf_component/micro_ros_src/install/lib/libnav_msgs__rosidl_typesupport_microxrcedds_c.a
-- Installing: /home/proto/MARIO/firmware/components/micro_ros_espidf_component/micro_ros_src/install/lib/libnav_msgs__rosidl_typesupport_c.a
-- Installing: /home/proto/MARIO/firmware/components/micro_ros_espidf_component/micro_ros_src/install/share/nav_msgs/msg/GridCells.idl
-- Installing: /home/proto/MARIO/firmware/components/micro_ros_espidf_component/micro_ros_src/install/share/nav_msgs/msg/MapMetaData.idl
-- Installing: /home/proto/MARIO/firmware/components/micro_ros_espidf_component/micro_ros_src/install/share/nav_msgs/msg/OccupancyGrid.idl
-- Installing: /home/proto/MARIO/firmware/components/micro_ros_espidf_component/micro_ros_src/install/share/nav_msgs/msg/Odometry.idl
-- Installing: /home/proto/MARIO/firmware/components/micro_ros_espidf_component/micro_ros_src/install/share/nav_msgs/msg/Path.idl
-- Installing: /home/proto/MARIO/firmware/components/micro_ros_espidf_component/micro_ros_src/install/share/nav_msgs/srv/GetMap.idl
-- Installing: /home/proto/MARIO/firmware/components/micro_ros_espidf_component/micro_ros_src/install/share/nav_msgs/srv/GetPlan.idl
-- Installing: /home/proto/MARIO/firmware/components/micro_ros_espidf_component/micro_ros_src/install/share/nav_msgs/srv/LoadMap.idl
-- Installing: /home/proto/MARIO/firmware/components/micro_ros_espidf_component/micro_ros_src/install/share/nav_msgs/srv/SetMap.idl
-- Installing: /home/proto/MARIO/firmware/components/micro_ros_espidf_component/micro_ros_src/install/share/nav_msgs/msg/GridCells.msg
-- Installing: /home/proto/MARIO/firmware/components/micro_ros_espidf_component/micro_ros_src/install/share/nav_msgs/msg/MapMetaData.msg
-- Installing: /home/proto/MARIO/firmware/components/micro_ros_espidf_component/micro_ros_src/install/share/nav_msgs/msg/OccupancyGrid.msg
-- Installing: /home/proto/MARIO/firmware/components/micro_ros_espidf_component/micro_ros_src/install/share/nav_msgs/msg/Odometry.msg
-- Installing: /home/proto/MARIO/firmware/components/micro_ros_espidf_component/micro_ros_src/install/share/nav_msgs/msg/Path.msg
-- Installing: /home/proto/MARIO/firmware/components/micro_ros_espidf_component/micro_ros_src/install/share/nav_msgs/srv/GetMap.srv
-- Installing: /home/proto/MARIO/firmware/components/micro_ros_espidf_component/micro_ros_src/install/share/nav_msgs/srv/GetMap_Request.msg
-- Installing: /home/proto/MARIO/firmware/components/micro_ros_espidf_component/micro_ros_src/install/share/nav_msgs/srv/GetMap_Response.msg
-- Installing: /home/proto/MARIO/firmware/components/micro_ros_espidf_component/micro_ros_src/install/share/nav_msgs/srv/GetPlan.srv
-- Installing: /home/proto/MARIO/firmware/components/micro_ros_espidf_component/micro_ros_src/install/share/nav_msgs/srv/GetPlan_Request.msg
-- Installing: /home/proto/MARIO/firmware/components/micro_ros_espidf_component/micro_ros_src/install/share/nav_msgs/srv/GetPlan_Response.msg
-- Installing: /home/proto/MARIO/firmware/components/micro_ros_espidf_component/micro_ros_src/install/share/nav_msgs/srv/LoadMap.srv
-- Installing: /home/proto/MARIO/firmware/components/micro_ros_espidf_component/micro_ros_src/install/share/nav_msgs/srv/LoadMap_Request.msg
-- Installing: /home/proto/MARIO/firmware/components/micro_ros_espidf_component/micro_ros_src/install/share/nav_msgs/srv/LoadMap_Response.msg
-- Installing: /home/proto/MARIO/firmware/components/micro_ros_espidf_component/micro_ros_src/install/share/nav_msgs/srv/SetMap.srv
-- Installing: /home/proto/MARIO/firmware/components/micro_ros_espidf_component/micro_ros_src/install/share/nav_msgs/srv/SetMap_Request.msg
-- Installing: /home/proto/MARIO/firmware/components/micro_ros_espidf_component/micro_ros_src/install/share/nav_msgs/srv/SetMap_Response.msg
-- Installing: /home/proto/MARIO/firmware/components/micro_ros_espidf_component/micro_ros_src/install/share/ament_index/resource_index/package_run_dependencies/nav_msgs
-- Installing: /home/proto/MARIO/firmware/components/micro_ros_espidf_component/micro_ros_src/install/share/ament_index/resource_index/parent_prefix_path/nav_msgs
-- Installing: /home/proto/MARIO/firmware/components/micro_ros_espidf_component/micro_ros_src/install/share/nav_msgs/environment/ament_prefix_path.sh
-- Installing: /home/proto/MARIO/firmware/components/micro_ros_espidf_component/micro_ros_src/install/share/nav_msgs/environment/ament_prefix_path.dsv
-- Installing: /home/proto/MARIO/firmware/components/micro_ros_espidf_component/micro_ros_src/install/share/nav_msgs/environment/path.sh
-- Installing: /home/proto/MARIO/firmware/components/micro_ros_espidf_component/micro_ros_src/install/share/nav_msgs/environment/path.dsv
-- Installing: /home/proto/MARIO/firmware/components/micro_ros_espidf_component/micro_ros_src/install/share/nav_msgs/local_setup.bash
-- Installing: /home/proto/MARIO/firmware/components/micro_ros_espidf_component/micro_ros_src/install/share/nav_msgs/local_setup.sh
-- Installing: /home/proto/MARIO/firmware/components/micro_ros_espidf_component/micro_ros_src/install/share/nav_msgs/local_setup.zsh
-- Installing: /home/proto/MARIO/firmware/components/micro_ros_espidf_component/micro_ros_src/install/share/nav_msgs/local_setup.dsv
-- Installing: /home/proto/MARIO/firmware/components/micro_ros_espidf_component/micro_ros_src/install/share/nav_msgs/package.dsv
-- Installing: /home/proto/MARIO/firmware/components/micro_ros_espidf_component/micro_ros_src/install/share/ament_index/resource_index/packages/nav_msgs
-- Installing: /home/proto/MARIO/firmware/components/micro_ros_espidf_component/micro_ros_src/install/share/nav_msgs/cmake/export_nav_msgs__rosidl_generator_cExport.cmake
-- Installing: /home/proto/MARIO/firmware/components/micro_ros_espidf_component/micro_ros_src/install/share/nav_msgs/cmake/export_nav_msgs__rosidl_generator_cExport-release.cmake
-- Installing: /home/proto/MARIO/firmware/components/micro_ros_espidf_component/micro_ros_src/install/share/nav_msgs/cmake/nav_msgs__rosidl_typesupport_introspection_cExport.cmake
-- Installing: /home/proto/MARIO/firmware/components/micro_ros_espidf_component/micro_ros_src/install/share/nav_msgs/cmake/nav_msgs__rosidl_typesupport_introspection_cExport-release.cmake
-- Installing: /home/proto/MARIO/firmware/components/micro_ros_espidf_component/micro_ros_src/install/share/nav_msgs/cmake/nav_msgs__rosidl_typesupport_cExport.cmake
-- Installing: /home/proto/MARIO/firmware/components/micro_ros_espidf_component/micro_ros_src/install/share/nav_msgs/cmake/nav_msgs__rosidl_typesupport_cExport-release.cmake
-- Installing: /home/proto/MARIO/firmware/components/micro_ros_espidf_component/micro_ros_src/install/share/nav_msgs/cmake/rosidl_cmake-extras.cmake
-- Installing: /home/proto/MARIO/firmware/components/micro_ros_espidf_component/micro_ros_src/install/share/nav_msgs/cmake/ament_cmake_export_dependencies-extras.cmake
-- Installing: /home/proto/MARIO/firmware/components/micro_ros_espidf_component/micro_ros_src/install/share/nav_msgs/cmake/ament_cmake_export_include_directories-extras.cmake
-- Installing: /home/proto/MARIO/firmware/components/micro_ros_espidf_component/micro_ros_src/install/share/nav_msgs/cmake/ament_cmake_export_libraries-extras.cmake
-- Installing: /home/proto/MARIO/firmware/components/micro_ros_espidf_component/micro_ros_src/install/share/nav_msgs/cmake/ament_cmake_export_targets-extras.cmake
-- Installing: /home/proto/MARIO/firmware/components/micro_ros_espidf_component/micro_ros_src/install/share/nav_msgs/cmake/rosidl_cmake_export_typesupport_targets-extras.cmake
-- Installing: /home/proto/MARIO/firmware/components/micro_ros_espidf_component/micro_ros_src/install/share/nav_msgs/cmake/rosidl_cmake_export_typesupport_libraries-extras.cmake
-- Installing: /home/proto/MARIO/firmware/components/micro_ros_espidf_component/micro_ros_src/install/share/nav_msgs/cmake/nav_msgsConfig.cmake
-- Installing: /home/proto/MARIO/firmware/components/micro_ros_espidf_component/micro_ros_src/install/share/nav_msgs/cmake/nav_msgsConfig-version.cmake
-- Installing: /home/proto/MARIO/firmware/components/micro_ros_espidf_component/micro_ros_src/install/share/nav_msgs/package.xml
