Not searching for unused variables given on the command line.
-- The C compiler identification is GNU 13.2.0
-- The CXX compiler identification is GNU 13.2.0
-- Detecting C compiler ABI info
-- Detecting C compiler ABI info - done
-- Check for working C compiler: /home/proto/.espressif/tools/xtensa-esp-elf/esp-13.2.0_20230928/xtensa-esp-elf/bin/xtensa-esp32-elf-gcc - skipped
-- Detecting C compile features
-- Detecting C compile features - done
-- Detecting CXX compiler ABI info
-- Detecting CXX compiler ABI info - done
-- Check for working CXX compiler: /home/proto/.espressif/tools/xtensa-esp-elf/esp-13.2.0_20230928/xtensa-esp-elf/bin/xtensa-esp32-elf-g++ - skipped
-- Detecting CXX compile features
-- Detecting CXX compile features - done
-- Found ament_cmake_ros: 0.10.0 (/home/proto/MARIO/firmware/components/micro_ros_espidf_component/micro_ros_dev/install/ament_cmake_ros/share/ament_cmake_ros/cmake)
-- Found Python3: /home/proto/.espressif/python_env/idf5.2_py3.10_env/bin/python3 (found version "3.10.12") found components: Interpreter 
-- Found rcl_logging_interface: 2.3.1 (/home/proto/MARIO/firmware/components/micro_ros_espidf_component/micro_ros_src/install/share/rcl_logging_interface/cmake)
CMake Warning at /home/proto/MARIO/firmware/components/micro_ros_espidf_component/micro_ros_src/install/share/rcutils/cmake/ament_cmake_export_libraries-extras.cmake:116 (message):
  Package 'rcutils' exports library 'dl' which couldn't be found
Call Stack (most recent call first):
  /home/proto/MARIO/firmware/components/micro_ros_espidf_component/micro_ros_src/install/share/rcutils/cmake/rcutilsConfig.cmake:41 (include)
  /home/proto/MARIO/firmware/components/micro_ros_espidf_component/micro_ros_src/install/share/rcl_logging_interface/cmake/ament_cmake_export_dependencies-extras.cmake:21 (find_package)
  /home/proto/MARIO/firmware/components/micro_ros_espidf_component/micro_ros_src/install/share/rcl_logging_interface/cmake/rcl_logging_interfaceConfig.cmake:41 (include)
  CMakeLists.txt:15 (find_package)


-- Configuring done
-- Generating done
-- Build files have been written to: /home/proto/MARIO/firmware/components/micro_ros_espidf_component/micro_ros_src/build/rcl_logging_noop
gmake[1]: Entering directory '/home/proto/MARIO/firmware/components/micro_ros_espidf_component/micro_ros_src/build/rcl_logging_noop'
gmake[2]: Entering directory '/home/proto/MARIO/firmware/components/micro_ros_espidf_component/micro_ros_src/build/rcl_logging_noop'
gmake[3]: Entering directory '/home/proto/MARIO/firmware/components/micro_ros_espidf_component/micro_ros_src/build/rcl_logging_noop'
gmake[3]: Leaving directory '/home/proto/MARIO/firmware/components/micro_ros_espidf_component/micro_ros_src/build/rcl_logging_noop'
gmake[3]: Entering directory '/home/proto/MARIO/firmware/components/micro_ros_espidf_component/micro_ros_src/build/rcl_logging_noop'
[ 50%] Building CXX object CMakeFiles/rcl_logging_noop.dir/src/rcl_logging_noop/rcl_logging_noop.cpp.obj
[100%] Linking CXX static library librcl_logging_noop.a
gmake[3]: Leaving directory '/home/proto/MARIO/firmware/components/micro_ros_espidf_component/micro_ros_src/build/rcl_logging_noop'
[100%] Built target rcl_logging_noop
gmake[2]: Leaving directory '/home/proto/MARIO/firmware/components/micro_ros_espidf_component/micro_ros_src/build/rcl_logging_noop'
gmake[1]: Leaving directory '/home/proto/MARIO/firmware/components/micro_ros_espidf_component/micro_ros_src/build/rcl_logging_noop'
-- Install configuration: "Release"
-- Installing: /home/proto/MARIO/firmware/components/micro_ros_espidf_component/micro_ros_src/install/lib/librcl_logging_noop.a
-- Installing: /home/proto/MARIO/firmware/components/micro_ros_espidf_component/micro_ros_src/install/share/rcl_logging_noop/environment/library_path.sh
-- Installing: /home/proto/MARIO/firmware/components/micro_ros_espidf_component/micro_ros_src/install/share/rcl_logging_noop/environment/library_path.dsv
-- Installing: /home/proto/MARIO/firmware/components/micro_ros_espidf_component/micro_ros_src/install/share/ament_index/resource_index/package_run_dependencies/rcl_logging_noop
-- Installing: /home/proto/MARIO/firmware/components/micro_ros_espidf_component/micro_ros_src/install/share/ament_index/resource_index/parent_prefix_path/rcl_logging_noop
-- Installing: /home/proto/MARIO/firmware/components/micro_ros_espidf_component/micro_ros_src/install/share/rcl_logging_noop/environment/ament_prefix_path.sh
-- Installing: /home/proto/MARIO/firmware/components/micro_ros_espidf_component/micro_ros_src/install/share/rcl_logging_noop/environment/ament_prefix_path.dsv
-- Installing: /home/proto/MARIO/firmware/components/micro_ros_espidf_component/micro_ros_src/install/share/rcl_logging_noop/environment/path.sh
-- Installing: /home/proto/MARIO/firmware/components/micro_ros_espidf_component/micro_ros_src/install/share/rcl_logging_noop/environment/path.dsv
-- Installing: /home/proto/MARIO/firmware/components/micro_ros_espidf_component/micro_ros_src/install/share/rcl_logging_noop/local_setup.bash
-- Installing: /home/proto/MARIO/firmware/components/micro_ros_espidf_component/micro_ros_src/install/share/rcl_logging_noop/local_setup.sh
-- Installing: /home/proto/MARIO/firmware/components/micro_ros_espidf_component/micro_ros_src/install/share/rcl_logging_noop/local_setup.zsh
-- Installing: /home/proto/MARIO/firmware/components/micro_ros_espidf_component/micro_ros_src/install/share/rcl_logging_noop/local_setup.dsv
-- Installing: /home/proto/MARIO/firmware/components/micro_ros_espidf_component/micro_ros_src/install/share/rcl_logging_noop/package.dsv
-- Installing: /home/proto/MARIO/firmware/components/micro_ros_espidf_component/micro_ros_src/install/share/ament_index/resource_index/packages/rcl_logging_noop
-- Installing: /home/proto/MARIO/firmware/components/micro_ros_espidf_component/micro_ros_src/install/share/rcl_logging_noop/cmake/rcl_logging_noopExport.cmake
-- Installing: /home/proto/MARIO/firmware/components/micro_ros_espidf_component/micro_ros_src/install/share/rcl_logging_noop/cmake/rcl_logging_noopExport-release.cmake
-- Installing: /home/proto/MARIO/firmware/components/micro_ros_espidf_component/micro_ros_src/install/share/rcl_logging_noop/cmake/ament_cmake_export_dependencies-extras.cmake
-- Installing: /home/proto/MARIO/firmware/components/micro_ros_espidf_component/micro_ros_src/install/share/rcl_logging_noop/cmake/ament_cmake_export_libraries-extras.cmake
-- Installing: /home/proto/MARIO/firmware/components/micro_ros_espidf_component/micro_ros_src/install/share/rcl_logging_noop/cmake/ament_cmake_export_targets-extras.cmake
-- Installing: /home/proto/MARIO/firmware/components/micro_ros_espidf_component/micro_ros_src/install/share/rcl_logging_noop/cmake/rcl_logging_noopConfig.cmake
-- Installing: /home/proto/MARIO/firmware/components/micro_ros_espidf_component/micro_ros_src/install/share/rcl_logging_noop/cmake/rcl_logging_noopConfig-version.cmake
-- Installing: /home/proto/MARIO/firmware/components/micro_ros_espidf_component/micro_ros_src/install/share/rcl_logging_noop/package.xml
