[0.945s] Invoking command in '/home/proto/MARIO/firmware/components/micro_ros_espidf_component/micro_ros_src/src/ros2_tracing/tracetools_launch': AMENT_PREFIX_PATH=/home/proto/MARIO/firmware/components/micro_ros_espidf_component/micro_ros_src/install:${AMENT_PREFIX_PATH} CMAKE_PREFIX_PATH=/home/proto/MARIO/firmware/components/micro_ros_espidf_component/micro_ros_src/install:${CMAKE_PREFIX_PATH} PATH=/home/proto/MARIO/firmware/components/micro_ros_espidf_component/micro_ros_src/install/bin:${PATH} PYTHONPATH=/home/proto/MARIO/firmware/components/micro_ros_espidf_component/micro_ros_src/build/tracetools_launch/prefix_override:/home/proto/MARIO/firmware/components/micro_ros_espidf_component/micro_ros_src/install/lib/python3.10/site-packages:/home/proto/MARIO/firmware/components/micro_ros_espidf_component/micro_ros_src/install/lib/python3.10/site-packages:${PYTHONPATH} X_CFLAGS=-mlongcalls -Wno-frame-address X_CXXFLAGS=-mlongcalls -Wno-frame-address /home/proto/.espressif/python_env/idf5.2_py3.10_env/bin/python3 setup.py egg_info --egg-base ../../../build/tracetools_launch build --build-base /home/proto/MARIO/firmware/components/micro_ros_espidf_component/micro_ros_src/build/tracetools_launch/build install --record /home/proto/MARIO/firmware/components/micro_ros_espidf_component/micro_ros_src/build/tracetools_launch/install.log --single-version-externally-managed
[1.133s] running egg_info
[1.135s] creating ../../../build/tracetools_launch/tracetools_launch.egg-info
[1.147s] writing ../../../build/tracetools_launch/tracetools_launch.egg-info/PKG-INFO
[1.148s] writing dependency_links to ../../../build/tracetools_launch/tracetools_launch.egg-info/dependency_links.txt
[1.152s] writing entry points to ../../../build/tracetools_launch/tracetools_launch.egg-info/entry_points.txt
[1.152s] writing requirements to ../../../build/tracetools_launch/tracetools_launch.egg-info/requires.txt
[1.152s] writing top-level names to ../../../build/tracetools_launch/tracetools_launch.egg-info/top_level.txt
[1.152s] writing manifest file '../../../build/tracetools_launch/tracetools_launch.egg-info/SOURCES.txt'
[1.166s] reading manifest file '../../../build/tracetools_launch/tracetools_launch.egg-info/SOURCES.txt'
[1.167s] writing manifest file '../../../build/tracetools_launch/tracetools_launch.egg-info/SOURCES.txt'
[1.168s] running build
[1.168s] running build_py
[1.168s] creating /home/proto/MARIO/firmware/components/micro_ros_espidf_component/micro_ros_src/build/tracetools_launch/build
[1.168s] creating /home/proto/MARIO/firmware/components/micro_ros_espidf_component/micro_ros_src/build/tracetools_launch/build/lib
[1.168s] creating /home/proto/MARIO/firmware/components/micro_ros_espidf_component/micro_ros_src/build/tracetools_launch/build/lib/tracetools_launch
[1.168s] copying tracetools_launch/__init__.py -> /home/proto/MARIO/firmware/components/micro_ros_espidf_component/micro_ros_src/build/tracetools_launch/build/lib/tracetools_launch
[1.168s] copying tracetools_launch/action.py -> /home/proto/MARIO/firmware/components/micro_ros_espidf_component/micro_ros_src/build/tracetools_launch/build/lib/tracetools_launch
[1.172s] creating /home/proto/MARIO/firmware/components/micro_ros_espidf_component/micro_ros_src/build/tracetools_launch/build/lib/tracetools_launch/actions
[1.172s] copying tracetools_launch/actions/__init__.py -> /home/proto/MARIO/firmware/components/micro_ros_espidf_component/micro_ros_src/build/tracetools_launch/build/lib/tracetools_launch/actions
[1.172s] copying tracetools_launch/actions/ld_preload.py -> /home/proto/MARIO/firmware/components/micro_ros_espidf_component/micro_ros_src/build/tracetools_launch/build/lib/tracetools_launch/actions
[1.172s] running install
[1.172s] /home/proto/.espressif/python_env/idf5.2_py3.10_env/lib/python3.10/site-packages/setuptools/_distutils/cmd.py:66: SetuptoolsDeprecationWarning: setup.py install is deprecated.
[1.172s] !!
[1.173s] 
[1.173s]         ********************************************************************************
[1.173s]         Please avoid running ``setup.py`` directly.
[1.173s]         Instead, use pypa/build, pypa/installer or other
[1.173s]         standards-based tools.
[1.173s] 
[1.173s]         See https://blog.ganssle.io/articles/2021/10/setup-py-deprecated.html for details.
[1.173s]         ********************************************************************************
[1.173s] 
[1.173s] !!
[1.173s]   self.initialize_options()
[1.178s] running install_lib
[1.191s] creating /home/proto/MARIO/firmware/components/micro_ros_espidf_component/micro_ros_src/install/lib/python3.10/site-packages/tracetools_launch
[1.191s] creating /home/proto/MARIO/firmware/components/micro_ros_espidf_component/micro_ros_src/install/lib/python3.10/site-packages/tracetools_launch/actions
[1.191s] copying /home/proto/MARIO/firmware/components/micro_ros_espidf_component/micro_ros_src/build/tracetools_launch/build/lib/tracetools_launch/actions/__init__.py -> /home/proto/MARIO/firmware/components/micro_ros_espidf_component/micro_ros_src/install/lib/python3.10/site-packages/tracetools_launch/actions
[1.191s] copying /home/proto/MARIO/firmware/components/micro_ros_espidf_component/micro_ros_src/build/tracetools_launch/build/lib/tracetools_launch/actions/ld_preload.py -> /home/proto/MARIO/firmware/components/micro_ros_espidf_component/micro_ros_src/install/lib/python3.10/site-packages/tracetools_launch/actions
[1.191s] copying /home/proto/MARIO/firmware/components/micro_ros_espidf_component/micro_ros_src/build/tracetools_launch/build/lib/tracetools_launch/__init__.py -> /home/proto/MARIO/firmware/components/micro_ros_espidf_component/micro_ros_src/install/lib/python3.10/site-packages/tracetools_launch
[1.191s] copying /home/proto/MARIO/firmware/components/micro_ros_espidf_component/micro_ros_src/build/tracetools_launch/build/lib/tracetools_launch/action.py -> /home/proto/MARIO/firmware/components/micro_ros_espidf_component/micro_ros_src/install/lib/python3.10/site-packages/tracetools_launch
[1.195s] byte-compiling /home/proto/MARIO/firmware/components/micro_ros_espidf_component/micro_ros_src/install/lib/python3.10/site-packages/tracetools_launch/actions/__init__.py to __init__.cpython-310.pyc
[1.195s] byte-compiling /home/proto/MARIO/firmware/components/micro_ros_espidf_component/micro_ros_src/install/lib/python3.10/site-packages/tracetools_launch/actions/ld_preload.py to ld_preload.cpython-310.pyc
[1.197s] byte-compiling /home/proto/MARIO/firmware/components/micro_ros_espidf_component/micro_ros_src/install/lib/python3.10/site-packages/tracetools_launch/__init__.py to __init__.cpython-310.pyc
[1.200s] byte-compiling /home/proto/MARIO/firmware/components/micro_ros_espidf_component/micro_ros_src/install/lib/python3.10/site-packages/tracetools_launch/action.py to action.cpython-310.pyc
[1.200s] running install_data
[1.208s] copying package.xml -> /home/proto/MARIO/firmware/components/micro_ros_espidf_component/micro_ros_src/install/share/tracetools_launch
[1.209s] creating /home/proto/MARIO/firmware/components/micro_ros_espidf_component/micro_ros_src/install/share/tracetools_launch/launch
[1.209s] copying launch/example.launch.py -> /home/proto/MARIO/firmware/components/micro_ros_espidf_component/micro_ros_src/install/share/tracetools_launch/launch
[1.210s] copying launch/example.launch.xml -> /home/proto/MARIO/firmware/components/micro_ros_espidf_component/micro_ros_src/install/share/tracetools_launch/launch
[1.210s] copying launch/example.launch.yaml -> /home/proto/MARIO/firmware/components/micro_ros_espidf_component/micro_ros_src/install/share/tracetools_launch/launch
[1.210s] copying resource/tracetools_launch -> /home/proto/MARIO/firmware/components/micro_ros_espidf_component/micro_ros_src/install/share/ament_index/resource_index/packages
[1.210s] running install_egg_info
[1.226s] Copying ../../../build/tracetools_launch/tracetools_launch.egg-info to /home/proto/MARIO/firmware/components/micro_ros_espidf_component/micro_ros_src/install/lib/python3.10/site-packages/tracetools_launch-4.1.1-py3.10.egg-info
[1.227s] running install_scripts
[1.365s] writing list of installed files to '/home/proto/MARIO/firmware/components/micro_ros_espidf_component/micro_ros_src/build/tracetools_launch/install.log'
[1.529s] Invoked command in '/home/proto/MARIO/firmware/components/micro_ros_espidf_component/micro_ros_src/src/ros2_tracing/tracetools_launch' returned '0': AMENT_PREFIX_PATH=/home/proto/MARIO/firmware/components/micro_ros_espidf_component/micro_ros_src/install:${AMENT_PREFIX_PATH} CMAKE_PREFIX_PATH=/home/proto/MARIO/firmware/components/micro_ros_espidf_component/micro_ros_src/install:${CMAKE_PREFIX_PATH} PATH=/home/proto/MARIO/firmware/components/micro_ros_espidf_component/micro_ros_src/install/bin:${PATH} PYTHONPATH=/home/proto/MARIO/firmware/components/micro_ros_espidf_component/micro_ros_src/build/tracetools_launch/prefix_override:/home/proto/MARIO/firmware/components/micro_ros_espidf_component/micro_ros_src/install/lib/python3.10/site-packages:/home/proto/MARIO/firmware/components/micro_ros_espidf_component/micro_ros_src/install/lib/python3.10/site-packages:${PYTHONPATH} X_CFLAGS=-mlongcalls -Wno-frame-address X_CXXFLAGS=-mlongcalls -Wno-frame-address /home/proto/.espressif/python_env/idf5.2_py3.10_env/bin/python3 setup.py egg_info --egg-base ../../../build/tracetools_launch build --build-base /home/proto/MARIO/firmware/components/micro_ros_espidf_component/micro_ros_src/build/tracetools_launch/build install --record /home/proto/MARIO/firmware/components/micro_ros_espidf_component/micro_ros_src/build/tracetools_launch/install.log --single-version-externally-managed
