[0.129s] Invoking command in '/home/proto/MARIO/firmware/components/micro_ros_espidf_component/micro_ros_src/build/rcutils': CMAKE_PREFIX_PATH=${CMAKE_PREFIX_PATH}:/home/proto/MARIO/firmware/components/micro_ros_espidf_component/micro_ros_dev/install/domain_coordinator:/home/proto/MARIO/firmware/components/micro_ros_espidf_component/micro_ros_dev/install/ament_xmllint:/home/proto/MARIO/firmware/components/micro_ros_espidf_component/micro_ros_dev/install/ament_uncrustify:/home/proto/MARIO/firmware/components/micro_ros_espidf_component/micro_ros_dev/install/ament_pyflakes:/home/proto/MARIO/firmware/components/micro_ros_espidf_component/micro_ros_dev/install/ament_pycodestyle:/home/proto/MARIO/firmware/components/micro_ros_espidf_component/micro_ros_dev/install/ament_pep257:/home/proto/MARIO/firmware/components/micro_ros_espidf_component/micro_ros_dev/install/ament_pclint:/home/proto/MARIO/firmware/components/micro_ros_espidf_component/micro_ros_dev/install/ament_package:/home/proto/MARIO/firmware/components/micro_ros_espidf_component/micro_ros_dev/install/ament_mypy:/home/proto/MARIO/firmware/components/micro_ros_espidf_component/micro_ros_dev/install/ament_lint_cmake:/home/proto/MARIO/firmware/components/micro_ros_espidf_component/micro_ros_dev/install/ament_flake8:/home/proto/MARIO/firmware/components/micro_ros_espidf_component/micro_ros_dev/install/ament_copyright:/home/proto/MARIO/firmware/components/micro_ros_espidf_component/micro_ros_dev/install/ament_lint:/home/proto/MARIO/firmware/components/micro_ros_espidf_component/micro_ros_dev/install/ament_index_python:/home/proto/MARIO/firmware/components/micro_ros_espidf_component/micro_ros_dev/install/ament_cpplint:/home/proto/MARIO/firmware/components/micro_ros_espidf_component/micro_ros_dev/install/ament_cppcheck:/home/proto/MARIO/firmware/components/micro_ros_espidf_component/micro_ros_dev/install/ament_clang_tidy:/home/proto/MARIO/firmware/components/micro_ros_espidf_component/micro_ros_dev/install/ament_clang_format X_CFLAGS=-mlongcalls -Wno-frame-address X_CXXFLAGS=-mlongcalls -Wno-frame-address /usr/bin/cmake /home/proto/MARIO/firmware/components/micro_ros_espidf_component/micro_ros_src/src/rcutils --no-warn-unused-cli -DCMAKE_POSITION_INDEPENDENT_CODE:BOOL=OFF -DTHIRDPARTY=ON -DBUILD_SHARED_LIBS=OFF -DBUILD_TESTING=OFF -DCMAKE_BUILD_TYPE=Release -DCMAKE_TOOLCHAIN_FILE=/home/proto/MARIO/firmware/components/micro_ros_espidf_component/esp32_toolchain.cmake -DCMAKE_VERBOSE_MAKEFILE=OFF -DIDF_INCLUDES=-I/home/proto/esp/esp-idf/components/xtensa/esp32/include -I/home/proto/esp/esp-idf/components/xtensa/include -I/home/proto/esp/esp-idf/components/xtensa/deprecated_include -I/home/proto/esp/esp-idf/components/esp_ringbuf/include -I/home/proto/esp/esp-idf/components/efuse/include -I/home/proto/esp/esp-idf/components/efuse/esp32/include -I/home/proto/esp/esp-idf/components/esp_mm/include -I/home/proto/esp/esp-idf/components/driver/include -I/home/proto/esp/esp-idf/components/driver/deprecated -I/home/proto/esp/esp-idf/components/driver/analog_comparator/include -I/home/proto/esp/esp-idf/components/driver/dac/include -I/home/proto/esp/esp-idf/components/driver/gpio/include -I/home/proto/esp/esp-idf/components/driver/gptimer/include -I/home/proto/esp/esp-idf/components/driver/i2c/include -I/home/proto/esp/esp-idf/components/driver/i2s/include -I/home/proto/esp/esp-idf/components/driver/ledc/include -I/home/proto/esp/esp-idf/components/driver/mcpwm/include -I/home/proto/esp/esp-idf/components/driver/parlio/include -I/home/proto/esp/esp-idf/components/driver/pcnt/include -I/home/proto/esp/esp-idf/components/driver/rmt/include -I/home/proto/esp/esp-idf/components/driver/sdio_slave/include -I/home/proto/esp/esp-idf/components/driver/sdmmc/include -I/home/proto/esp/esp-idf/components/driver/sigma_delta/include -I/home/proto/esp/esp-idf/components/driver/spi/include -I/home/proto/esp/esp-idf/components/driver/temperature_sensor/include -I/home/proto/esp/esp-idf/components/driver/touch_sensor/include -I/home/proto/esp/esp-idf/components/driver/twai/include -I/home/proto/esp/esp-idf/components/driver/uart/include -I/home/proto/esp/esp-idf/components/driver/usb_serial_jtag/include -I/home/proto/esp/esp-idf/components/driver/touch_sensor/esp32/include -I/home/proto/esp/esp-idf/components/esp_pm/include -I/home/proto/esp/esp-idf/components/mbedtls/port/include -I/home/proto/esp/esp-idf/components/mbedtls/mbedtls/include -I/home/proto/esp/esp-idf/components/mbedtls/mbedtls/library -I/home/proto/esp/esp-idf/components/mbedtls/esp_crt_bundle/include -I/home/proto/esp/esp-idf/components/esp_bootloader_format/include -I/home/proto/esp/esp-idf/components/esp_app_format/include -I/home/proto/esp/esp-idf/components/bootloader_support/include -I/home/proto/esp/esp-idf/components/bootloader_support/bootloader_flash/include -I/home/proto/esp/esp-idf/components/esp_partition/include -I/home/proto/esp/esp-idf/components/app_update/include -I/home/proto/esp/esp-idf/components/spi_flash/include -I/home/proto/esp/esp-idf/components/pthread/include -I/home/proto/esp/esp-idf/components/esp_system/include -I/home/proto/esp/esp-idf/components/esp_rom/include -I/home/proto/esp/esp-idf/components/esp_rom/include/esp32 -I/home/proto/esp/esp-idf/components/esp_rom/esp32 -I/home/proto/esp/esp-idf/components/hal/platform_port/include -I/home/proto/esp/esp-idf/components/hal/esp32/include -I/home/proto/esp/esp-idf/components/hal/include -I/home/proto/esp/esp-idf/components/log/include -I/home/proto/esp/esp-idf/components/heap/include -I/home/proto/esp/esp-idf/components/soc/include -I/home/proto/esp/esp-idf/components/soc/esp32 -I/home/proto/esp/esp-idf/components/soc/esp32/include -I/home/proto/esp/esp-idf/components/esp_hw_support/include -I/home/proto/esp/esp-idf/components/esp_hw_support/include/soc -I/home/proto/esp/esp-idf/components/esp_hw_support/include/soc/esp32 -I/home/proto/esp/esp-idf/components/freertos/config/include -I/home/proto/esp/esp-idf/components/freertos/config/include/freertos -I/home/proto/esp/esp-idf/components/freertos/config/xtensa/include -I/home/proto/esp/esp-idf/components/freertos/FreeRTOS-Kernel/include -I/home/proto/esp/esp-idf/components/freertos/FreeRTOS-Kernel/portable/xtensa/include -I/home/proto/esp/esp-idf/components/freertos/FreeRTOS-Kernel/portable/xtensa/include/freertos -I/home/proto/esp/esp-idf/components/freertos/esp_additions/include -I/home/proto/esp/esp-idf/components/newlib/platform_include -I/home/proto/esp/esp-idf/components/esp_common/include -I/home/proto/esp/esp-idf/components/esp_timer/include -I/home/proto/esp/esp-idf/components/app_trace/include -I/home/proto/esp/esp-idf/components/esp_event/include -I/home/proto/esp/esp-idf/components/nvs_flash/include -I/home/proto/esp/esp-idf/components/nvs_flash/../spi_flash/include -I/home/proto/esp/esp-idf/components/esp_phy/include -I/home/proto/esp/esp-idf/components/esp_phy/esp32/include -I/home/proto/esp/esp-idf/components/vfs/include -I/home/proto/esp/esp-idf/components/lwip/include -I/home/proto/esp/esp-idf/components/lwip/include/apps -I/home/proto/esp/esp-idf/components/lwip/include/apps/sntp -I/home/proto/esp/esp-idf/components/lwip/lwip/src/include -I/home/proto/esp/esp-idf/components/lwip/port/include -I/home/proto/esp/esp-idf/components/lwip/port/freertos/include/ -I/home/proto/esp/esp-idf/components/lwip/port/esp32xx/include -I/home/proto/esp/esp-idf/components/lwip/port/esp32xx/include/arch -I/home/proto/esp/esp-idf/components/lwip/port/esp32xx/include/sys -I/home/proto/esp/esp-idf/components/esp_netif/include -I/home/proto/esp/esp-idf/components/wpa_supplicant/include -I/home/proto/esp/esp-idf/components/wpa_supplicant/port/include -I/home/proto/esp/esp-idf/components/wpa_supplicant/esp_supplicant/include -I/home/proto/esp/esp-idf/components/esp_coex/include -I/home/proto/esp/esp-idf/components/esp_wifi/include -I/home/proto/esp/esp-idf/components/esp_wifi/wifi_apps/include -I/home/proto/esp/esp-idf/components/unity/include -I/home/proto/esp/esp-idf/components/unity/unity/src -I/home/proto/esp/esp-idf/components/cmock/CMock/src -I/home/proto/esp/esp-idf/components/console//home/proto/esp/esp-idf/components/console -I/home/proto/esp/esp-idf/components/http_parser/. -I/home/proto/esp/esp-idf/components/esp-tls//home/proto/esp/esp-idf/components/esp-tls -I/home/proto/esp/esp-idf/components/esp-tls/esp-tls-crypto -I/home/proto/esp/esp-idf/components/esp_adc/include -I/home/proto/esp/esp-idf/components/esp_adc/interface -I/home/proto/esp/esp-idf/components/esp_adc/esp32/include -I/home/proto/esp/esp-idf/components/esp_adc/deprecated/include -I/home/proto/esp/esp-idf/components/esp_eth/include -I/home/proto/esp/esp-idf/components/esp_gdbstub/include -I/home/proto/esp/esp-idf/components/esp_hid/include -I/home/proto/esp/esp-idf/components/tcp_transport/include -I/home/proto/esp/esp-idf/components/esp_http_client/include -I/home/proto/esp/esp-idf/components/esp_http_server/include -I/home/proto/esp/esp-idf/components/esp_https_ota/include -I/home/proto/esp/esp-idf/components/esp_psram/include -I/home/proto/esp/esp-idf/components/esp_lcd/include -I/home/proto/esp/esp-idf/components/esp_lcd/interface -I/home/proto/esp/esp-idf/components/protobuf-c/protobuf-c -I/home/proto/esp/esp-idf/components/protocomm/include/common -I/home/proto/esp/esp-idf/components/protocomm/include/security -I/home/proto/esp/esp-idf/components/protocomm/include/transports -I/home/proto/esp/esp-idf/components/protocomm/include/crypto/srp6a -I/home/proto/esp/esp-idf/components/esp_local_ctrl/include -I/home/proto/esp/esp-idf/components/espcoredump/include -I/home/proto/esp/esp-idf/components/espcoredump/include/port/xtensa -I/home/proto/esp/esp-idf/components/wear_levelling/include -I/home/proto/esp/esp-idf/components/sdmmc/include -I/home/proto/esp/esp-idf/components/fatfs/diskio -I/home/proto/esp/esp-idf/components/fatfs/src -I/home/proto/esp/esp-idf/components/fatfs/vfs -I/home/proto/esp/esp-idf/components/idf_test/include -I/home/proto/esp/esp-idf/components/idf_test/include/esp32 -I/home/proto/esp/esp-idf/components/ieee802154/include -I/home/proto/esp/esp-idf/components/json/cJSON -I/home/proto/esp/esp-idf/components/mqtt//home/proto/esp/esp-idf/components/mqtt/esp-mqtt/include -I/home/proto/esp/esp-idf/components/nvs_sec_provider/include -I/home/proto/esp/esp-idf/components/perfmon/include -I/home/proto/esp/esp-idf/components/spiffs/include -I/home/proto/esp/esp-idf/components/wifi_provisioning/include -I/home/proto/MARIO/firmware/components/micro_ros_espidf_component/network_interfaces -DCMAKE_C_STANDARD=17 -DUCLIENT_C_STANDARD=17 -DBUILD_SHARED=OFF -DENABLE_TESTING=OFF -DRCUTILS_NO_FILESYSTEM=ON -DRCUTILS_NO_THREAD_SUPPORT=ON -DRCUTILS_NO_64_ATOMIC=ON -DRCUTILS_AVOID_DYNAMIC_ALLOCATION=ON -DCMAKE_INSTALL_PREFIX=/home/proto/MARIO/firmware/components/micro_ros_espidf_component/micro_ros_src/install
[0.448s] Not searching for unused variables given on the command line.
[0.449s] -- The C compiler identification is GNU 13.2.0
[0.449s] -- The CXX compiler identification is GNU 13.2.0
[0.449s] -- Detecting C compiler ABI info
[0.449s] -- Detecting C compiler ABI info - done
[0.449s] -- Check for working C compiler: /home/proto/.espressif/tools/xtensa-esp-elf/esp-13.2.0_20230928/xtensa-esp-elf/bin/xtensa-esp32-elf-gcc - skipped
[0.449s] -- Detecting C compile features
[0.449s] -- Detecting C compile features - done
[0.449s] -- Detecting CXX compiler ABI info
[0.449s] -- Detecting CXX compiler ABI info - done
[0.449s] -- Check for working CXX compiler: /home/proto/.espressif/tools/xtensa-esp-elf/esp-13.2.0_20230928/xtensa-esp-elf/bin/xtensa-esp32-elf-g++ - skipped
[0.450s] -- Detecting CXX compile features
[0.450s] -- Detecting CXX compile features - done
[0.450s] -- Found ament_cmake_python: 1.3.8 (/home/proto/MARIO/firmware/components/micro_ros_espidf_component/micro_ros_dev/install/ament_cmake_python/share/ament_cmake_python/cmake)
[0.450s] -- Found ament_cmake_ros: 0.10.0 (/home/proto/MARIO/firmware/components/micro_ros_espidf_component/micro_ros_dev/install/ament_cmake_ros/share/ament_cmake_ros/cmake)
[0.659s] -- Found Python3: /home/proto/.espressif/python_env/idf5.2_py3.10_env/bin/python3 (found version "3.10.12") found components: Interpreter 
[1.242s] -- Configuring done
[1.243s] -- Generating done
[1.243s] -- Build files have been written to: /home/proto/MARIO/firmware/components/micro_ros_espidf_component/micro_ros_src/build/rcutils
[1.248s] Invoked command in '/home/proto/MARIO/firmware/components/micro_ros_espidf_component/micro_ros_src/build/rcutils' returned '0': CMAKE_PREFIX_PATH=${CMAKE_PREFIX_PATH}:/home/proto/MARIO/firmware/components/micro_ros_espidf_component/micro_ros_dev/install/domain_coordinator:/home/proto/MARIO/firmware/components/micro_ros_espidf_component/micro_ros_dev/install/ament_xmllint:/home/proto/MARIO/firmware/components/micro_ros_espidf_component/micro_ros_dev/install/ament_uncrustify:/home/proto/MARIO/firmware/components/micro_ros_espidf_component/micro_ros_dev/install/ament_pyflakes:/home/proto/MARIO/firmware/components/micro_ros_espidf_component/micro_ros_dev/install/ament_pycodestyle:/home/proto/MARIO/firmware/components/micro_ros_espidf_component/micro_ros_dev/install/ament_pep257:/home/proto/MARIO/firmware/components/micro_ros_espidf_component/micro_ros_dev/install/ament_pclint:/home/proto/MARIO/firmware/components/micro_ros_espidf_component/micro_ros_dev/install/ament_package:/home/proto/MARIO/firmware/components/micro_ros_espidf_component/micro_ros_dev/install/ament_mypy:/home/proto/MARIO/firmware/components/micro_ros_espidf_component/micro_ros_dev/install/ament_lint_cmake:/home/proto/MARIO/firmware/components/micro_ros_espidf_component/micro_ros_dev/install/ament_flake8:/home/proto/MARIO/firmware/components/micro_ros_espidf_component/micro_ros_dev/install/ament_copyright:/home/proto/MARIO/firmware/components/micro_ros_espidf_component/micro_ros_dev/install/ament_lint:/home/proto/MARIO/firmware/components/micro_ros_espidf_component/micro_ros_dev/install/ament_index_python:/home/proto/MARIO/firmware/components/micro_ros_espidf_component/micro_ros_dev/install/ament_cpplint:/home/proto/MARIO/firmware/components/micro_ros_espidf_component/micro_ros_dev/install/ament_cppcheck:/home/proto/MARIO/firmware/components/micro_ros_espidf_component/micro_ros_dev/install/ament_clang_tidy:/home/proto/MARIO/firmware/components/micro_ros_espidf_component/micro_ros_dev/install/ament_clang_format X_CFLAGS=-mlongcalls -Wno-frame-address X_CXXFLAGS=-mlongcalls -Wno-frame-address /usr/bin/cmake /home/proto/MARIO/firmware/components/micro_ros_espidf_component/micro_ros_src/src/rcutils --no-warn-unused-cli -DCMAKE_POSITION_INDEPENDENT_CODE:BOOL=OFF -DTHIRDPARTY=ON -DBUILD_SHARED_LIBS=OFF -DBUILD_TESTING=OFF -DCMAKE_BUILD_TYPE=Release -DCMAKE_TOOLCHAIN_FILE=/home/proto/MARIO/firmware/components/micro_ros_espidf_component/esp32_toolchain.cmake -DCMAKE_VERBOSE_MAKEFILE=OFF -DIDF_INCLUDES=-I/home/proto/esp/esp-idf/components/xtensa/esp32/include -I/home/proto/esp/esp-idf/components/xtensa/include -I/home/proto/esp/esp-idf/components/xtensa/deprecated_include -I/home/proto/esp/esp-idf/components/esp_ringbuf/include -I/home/proto/esp/esp-idf/components/efuse/include -I/home/proto/esp/esp-idf/components/efuse/esp32/include -I/home/proto/esp/esp-idf/components/esp_mm/include -I/home/proto/esp/esp-idf/components/driver/include -I/home/proto/esp/esp-idf/components/driver/deprecated -I/home/proto/esp/esp-idf/components/driver/analog_comparator/include -I/home/proto/esp/esp-idf/components/driver/dac/include -I/home/proto/esp/esp-idf/components/driver/gpio/include -I/home/proto/esp/esp-idf/components/driver/gptimer/include -I/home/proto/esp/esp-idf/components/driver/i2c/include -I/home/proto/esp/esp-idf/components/driver/i2s/include -I/home/proto/esp/esp-idf/components/driver/ledc/include -I/home/proto/esp/esp-idf/components/driver/mcpwm/include -I/home/proto/esp/esp-idf/components/driver/parlio/include -I/home/proto/esp/esp-idf/components/driver/pcnt/include -I/home/proto/esp/esp-idf/components/driver/rmt/include -I/home/proto/esp/esp-idf/components/driver/sdio_slave/include -I/home/proto/esp/esp-idf/components/driver/sdmmc/include -I/home/proto/esp/esp-idf/components/driver/sigma_delta/include -I/home/proto/esp/esp-idf/components/driver/spi/include -I/home/proto/esp/esp-idf/components/driver/temperature_sensor/include -I/home/proto/esp/esp-idf/components/driver/touch_sensor/include -I/home/proto/esp/esp-idf/components/driver/twai/include -I/home/proto/esp/esp-idf/components/driver/uart/include -I/home/proto/esp/esp-idf/components/driver/usb_serial_jtag/include -I/home/proto/esp/esp-idf/components/driver/touch_sensor/esp32/include -I/home/proto/esp/esp-idf/components/esp_pm/include -I/home/proto/esp/esp-idf/components/mbedtls/port/include -I/home/proto/esp/esp-idf/components/mbedtls/mbedtls/include -I/home/proto/esp/esp-idf/components/mbedtls/mbedtls/library -I/home/proto/esp/esp-idf/components/mbedtls/esp_crt_bundle/include -I/home/proto/esp/esp-idf/components/esp_bootloader_format/include -I/home/proto/esp/esp-idf/components/esp_app_format/include -I/home/proto/esp/esp-idf/components/bootloader_support/include -I/home/proto/esp/esp-idf/components/bootloader_support/bootloader_flash/include -I/home/proto/esp/esp-idf/components/esp_partition/include -I/home/proto/esp/esp-idf/components/app_update/include -I/home/proto/esp/esp-idf/components/spi_flash/include -I/home/proto/esp/esp-idf/components/pthread/include -I/home/proto/esp/esp-idf/components/esp_system/include -I/home/proto/esp/esp-idf/components/esp_rom/include -I/home/proto/esp/esp-idf/components/esp_rom/include/esp32 -I/home/proto/esp/esp-idf/components/esp_rom/esp32 -I/home/proto/esp/esp-idf/components/hal/platform_port/include -I/home/proto/esp/esp-idf/components/hal/esp32/include -I/home/proto/esp/esp-idf/components/hal/include -I/home/proto/esp/esp-idf/components/log/include -I/home/proto/esp/esp-idf/components/heap/include -I/home/proto/esp/esp-idf/components/soc/include -I/home/proto/esp/esp-idf/components/soc/esp32 -I/home/proto/esp/esp-idf/components/soc/esp32/include -I/home/proto/esp/esp-idf/components/esp_hw_support/include -I/home/proto/esp/esp-idf/components/esp_hw_support/include/soc -I/home/proto/esp/esp-idf/components/esp_hw_support/include/soc/esp32 -I/home/proto/esp/esp-idf/components/freertos/config/include -I/home/proto/esp/esp-idf/components/freertos/config/include/freertos -I/home/proto/esp/esp-idf/components/freertos/config/xtensa/include -I/home/proto/esp/esp-idf/components/freertos/FreeRTOS-Kernel/include -I/home/proto/esp/esp-idf/components/freertos/FreeRTOS-Kernel/portable/xtensa/include -I/home/proto/esp/esp-idf/components/freertos/FreeRTOS-Kernel/portable/xtensa/include/freertos -I/home/proto/esp/esp-idf/components/freertos/esp_additions/include -I/home/proto/esp/esp-idf/components/newlib/platform_include -I/home/proto/esp/esp-idf/components/esp_common/include -I/home/proto/esp/esp-idf/components/esp_timer/include -I/home/proto/esp/esp-idf/components/app_trace/include -I/home/proto/esp/esp-idf/components/esp_event/include -I/home/proto/esp/esp-idf/components/nvs_flash/include -I/home/proto/esp/esp-idf/components/nvs_flash/../spi_flash/include -I/home/proto/esp/esp-idf/components/esp_phy/include -I/home/proto/esp/esp-idf/components/esp_phy/esp32/include -I/home/proto/esp/esp-idf/components/vfs/include -I/home/proto/esp/esp-idf/components/lwip/include -I/home/proto/esp/esp-idf/components/lwip/include/apps -I/home/proto/esp/esp-idf/components/lwip/include/apps/sntp -I/home/proto/esp/esp-idf/components/lwip/lwip/src/include -I/home/proto/esp/esp-idf/components/lwip/port/include -I/home/proto/esp/esp-idf/components/lwip/port/freertos/include/ -I/home/proto/esp/esp-idf/components/lwip/port/esp32xx/include -I/home/proto/esp/esp-idf/components/lwip/port/esp32xx/include/arch -I/home/proto/esp/esp-idf/components/lwip/port/esp32xx/include/sys -I/home/proto/esp/esp-idf/components/esp_netif/include -I/home/proto/esp/esp-idf/components/wpa_supplicant/include -I/home/proto/esp/esp-idf/components/wpa_supplicant/port/include -I/home/proto/esp/esp-idf/components/wpa_supplicant/esp_supplicant/include -I/home/proto/esp/esp-idf/components/esp_coex/include -I/home/proto/esp/esp-idf/components/esp_wifi/include -I/home/proto/esp/esp-idf/components/esp_wifi/wifi_apps/include -I/home/proto/esp/esp-idf/components/unity/include -I/home/proto/esp/esp-idf/components/unity/unity/src -I/home/proto/esp/esp-idf/components/cmock/CMock/src -I/home/proto/esp/esp-idf/components/console//home/proto/esp/esp-idf/components/console -I/home/proto/esp/esp-idf/components/http_parser/. -I/home/proto/esp/esp-idf/components/esp-tls//home/proto/esp/esp-idf/components/esp-tls -I/home/proto/esp/esp-idf/components/esp-tls/esp-tls-crypto -I/home/proto/esp/esp-idf/components/esp_adc/include -I/home/proto/esp/esp-idf/components/esp_adc/interface -I/home/proto/esp/esp-idf/components/esp_adc/esp32/include -I/home/proto/esp/esp-idf/components/esp_adc/deprecated/include -I/home/proto/esp/esp-idf/components/esp_eth/include -I/home/proto/esp/esp-idf/components/esp_gdbstub/include -I/home/proto/esp/esp-idf/components/esp_hid/include -I/home/proto/esp/esp-idf/components/tcp_transport/include -I/home/proto/esp/esp-idf/components/esp_http_client/include -I/home/proto/esp/esp-idf/components/esp_http_server/include -I/home/proto/esp/esp-idf/components/esp_https_ota/include -I/home/proto/esp/esp-idf/components/esp_psram/include -I/home/proto/esp/esp-idf/components/esp_lcd/include -I/home/proto/esp/esp-idf/components/esp_lcd/interface -I/home/proto/esp/esp-idf/components/protobuf-c/protobuf-c -I/home/proto/esp/esp-idf/components/protocomm/include/common -I/home/proto/esp/esp-idf/components/protocomm/include/security -I/home/proto/esp/esp-idf/components/protocomm/include/transports -I/home/proto/esp/esp-idf/components/protocomm/include/crypto/srp6a -I/home/proto/esp/esp-idf/components/esp_local_ctrl/include -I/home/proto/esp/esp-idf/components/espcoredump/include -I/home/proto/esp/esp-idf/components/espcoredump/include/port/xtensa -I/home/proto/esp/esp-idf/components/wear_levelling/include -I/home/proto/esp/esp-idf/components/sdmmc/include -I/home/proto/esp/esp-idf/components/fatfs/diskio -I/home/proto/esp/esp-idf/components/fatfs/src -I/home/proto/esp/esp-idf/components/fatfs/vfs -I/home/proto/esp/esp-idf/components/idf_test/include -I/home/proto/esp/esp-idf/components/idf_test/include/esp32 -I/home/proto/esp/esp-idf/components/ieee802154/include -I/home/proto/esp/esp-idf/components/json/cJSON -I/home/proto/esp/esp-idf/components/mqtt//home/proto/esp/esp-idf/components/mqtt/esp-mqtt/include -I/home/proto/esp/esp-idf/components/nvs_sec_provider/include -I/home/proto/esp/esp-idf/components/perfmon/include -I/home/proto/esp/esp-idf/components/spiffs/include -I/home/proto/esp/esp-idf/components/wifi_provisioning/include -I/home/proto/MARIO/firmware/components/micro_ros_espidf_component/network_interfaces -DCMAKE_C_STANDARD=17 -DUCLIENT_C_STANDARD=17 -DBUILD_SHARED=OFF -DENABLE_TESTING=OFF -DRCUTILS_NO_FILESYSTEM=ON -DRCUTILS_NO_THREAD_SUPPORT=ON -DRCUTILS_NO_64_ATOMIC=ON -DRCUTILS_AVOID_DYNAMIC_ALLOCATION=ON -DCMAKE_INSTALL_PREFIX=/home/proto/MARIO/firmware/components/micro_ros_espidf_component/micro_ros_src/install
[1.250s] Invoking command in '/home/proto/MARIO/firmware/components/micro_ros_espidf_component/micro_ros_src/build/rcutils': CMAKE_PREFIX_PATH=${CMAKE_PREFIX_PATH}:/home/proto/MARIO/firmware/components/micro_ros_espidf_component/micro_ros_dev/install/domain_coordinator:/home/proto/MARIO/firmware/components/micro_ros_espidf_component/micro_ros_dev/install/ament_xmllint:/home/proto/MARIO/firmware/components/micro_ros_espidf_component/micro_ros_dev/install/ament_uncrustify:/home/proto/MARIO/firmware/components/micro_ros_espidf_component/micro_ros_dev/install/ament_pyflakes:/home/proto/MARIO/firmware/components/micro_ros_espidf_component/micro_ros_dev/install/ament_pycodestyle:/home/proto/MARIO/firmware/components/micro_ros_espidf_component/micro_ros_dev/install/ament_pep257:/home/proto/MARIO/firmware/components/micro_ros_espidf_component/micro_ros_dev/install/ament_pclint:/home/proto/MARIO/firmware/components/micro_ros_espidf_component/micro_ros_dev/install/ament_package:/home/proto/MARIO/firmware/components/micro_ros_espidf_component/micro_ros_dev/install/ament_mypy:/home/proto/MARIO/firmware/components/micro_ros_espidf_component/micro_ros_dev/install/ament_lint_cmake:/home/proto/MARIO/firmware/components/micro_ros_espidf_component/micro_ros_dev/install/ament_flake8:/home/proto/MARIO/firmware/components/micro_ros_espidf_component/micro_ros_dev/install/ament_copyright:/home/proto/MARIO/firmware/components/micro_ros_espidf_component/micro_ros_dev/install/ament_lint:/home/proto/MARIO/firmware/components/micro_ros_espidf_component/micro_ros_dev/install/ament_index_python:/home/proto/MARIO/firmware/components/micro_ros_espidf_component/micro_ros_dev/install/ament_cpplint:/home/proto/MARIO/firmware/components/micro_ros_espidf_component/micro_ros_dev/install/ament_cppcheck:/home/proto/MARIO/firmware/components/micro_ros_espidf_component/micro_ros_dev/install/ament_clang_tidy:/home/proto/MARIO/firmware/components/micro_ros_espidf_component/micro_ros_dev/install/ament_clang_format X_CFLAGS=-mlongcalls -Wno-frame-address X_CXXFLAGS=-mlongcalls -Wno-frame-address /usr/bin/cmake --build /home/proto/MARIO/firmware/components/micro_ros_espidf_component/micro_ros_src/build/rcutils
[1.298s] gmake[1]: Entering directory '/home/proto/MARIO/firmware/components/micro_ros_espidf_component/micro_ros_src/build/rcutils'
[1.298s] gmake[2]: Entering directory '/home/proto/MARIO/firmware/components/micro_ros_espidf_component/micro_ros_src/build/rcutils'
[1.298s] gmake[3]: Entering directory '/home/proto/MARIO/firmware/components/micro_ros_espidf_component/micro_ros_src/build/rcutils'
[1.298s] gmake[3]: Entering directory '/home/proto/MARIO/firmware/components/micro_ros_espidf_component/micro_ros_src/build/rcutils'
[1.298s] [  3%] Expanding logging_macros.h.em
[1.299s] gmake[3]: Leaving directory '/home/proto/MARIO/firmware/components/micro_ros_espidf_component/micro_ros_src/build/rcutils'
[1.299s] gmake[3]: Entering directory '/home/proto/MARIO/firmware/components/micro_ros_espidf_component/micro_ros_src/build/rcutils'
[1.299s] gmake[3]: Leaving directory '/home/proto/MARIO/firmware/components/micro_ros_espidf_component/micro_ros_src/build/rcutils'
[1.299s] [  3%] Built target ament_cmake_python_copy_rcutils
[1.299s] gmake[3]: Entering directory '/home/proto/MARIO/firmware/components/micro_ros_espidf_component/micro_ros_src/build/rcutils'
[1.691s] gmake[3]: Leaving directory '/home/proto/MARIO/firmware/components/micro_ros_espidf_component/micro_ros_src/build/rcutils'
[1.691s] gmake[3]: Entering directory '/home/proto/MARIO/firmware/components/micro_ros_espidf_component/micro_ros_src/build/rcutils'
[1.691s] running egg_info
[1.691s] creating rcutils.egg-info
[1.691s] writing rcutils.egg-info/PKG-INFO
[1.691s] gmake[3]: Leaving directory '/home/proto/MARIO/firmware/components/micro_ros_espidf_component/micro_ros_src/build/rcutils'
[1.691s] writing dependency_links to rcutils.egg-info/dependency_links.txt
[1.691s] writing top-level names to rcutils.egg-info/top_level.txt
[1.691s] writing manifest file 'rcutils.egg-info/SOURCES.txt'
[1.691s] gmake[3]: Entering directory '/home/proto/MARIO/firmware/components/micro_ros_espidf_component/micro_ros_src/build/rcutils'
[1.691s] [ 13%] Building C object CMakeFiles/rcutils.dir/src/char_array.c.obj
[1.692s] [ 13%] Building C object CMakeFiles/rcutils.dir/src/array_list.c.obj
[1.692s] [ 13%] Building C object CMakeFiles/rcutils.dir/src/allocator.c.obj
[1.692s] [ 17%] Building C object CMakeFiles/rcutils.dir/src/cmdline_parser.c.obj
[1.692s] [ 20%] Building C object CMakeFiles/rcutils.dir/src/env.c.obj
[1.692s] [ 24%] Building C object CMakeFiles/rcutils.dir/src/error_handling.c.obj
[1.692s] reading manifest file 'rcutils.egg-info/SOURCES.txt'
[1.692s] writing manifest file 'rcutils.egg-info/SOURCES.txt'
[1.692s] [ 27%] Building C object CMakeFiles/rcutils.dir/src/filesystem.c.obj
[1.692s] [ 31%] Building C object CMakeFiles/rcutils.dir/src/find.c.obj
[1.692s] gmake[3]: Leaving directory '/home/proto/MARIO/firmware/components/micro_ros_espidf_component/micro_ros_src/build/rcutils'
[1.692s] [ 34%] Building C object CMakeFiles/rcutils.dir/src/hash_map.c.obj
[1.692s] [ 37%] Building C object CMakeFiles/rcutils.dir/src/format_string.c.obj
[1.692s] [ 41%] Building C object CMakeFiles/rcutils.dir/src/logging.c.obj
[1.692s] [ 44%] Building C object CMakeFiles/rcutils.dir/src/process.c.obj
[1.692s] [ 44%] Built target ament_cmake_python_build_rcutils_egg
[1.692s] [ 48%] Building C object CMakeFiles/rcutils.dir/src/repl_str.c.obj
[1.693s] [ 51%] Building C object CMakeFiles/rcutils.dir/src/qsort.c.obj
[1.693s] [ 55%] Building C object CMakeFiles/rcutils.dir/src/shared_library.c.obj
[1.693s] [ 58%] Building C object CMakeFiles/rcutils.dir/src/snprintf.c.obj
[1.693s] In file included from /home/proto/MARIO/firmware/components/micro_ros_espidf_component/micro_ros_src/src/rcutils/src/env.c:20:
[1.693s] /home/proto/esp/esp-idf/components/newlib/platform_include/errno.h:10:2: warning: #include_next is a GCC extension
[1.693s]    10 | #include_next "errno.h"
[1.693s]       |  ^~~~~~~~~~~~
[1.693s] In file included from /home/proto/MARIO/firmware/components/micro_ros_espidf_component/micro_ros_src/src/rcutils/include/rcutils/error_handling.h:28,
[1.693s]                  from /home/proto/MARIO/firmware/components/micro_ros_espidf_component/micro_ros_src/src/rcutils/src/char_array.c:16:
[1.693s] /home/proto/esp/esp-idf/components/newlib/platform_include/assert.h:16:2: warning: #include_next is a GCC extension
[1.693s]    16 | #include_next <assert.h>
[1.693s]       |  ^~~~~~~~~~~~
[1.693s] In file included from /home/proto/MARIO/firmware/components/micro_ros_espidf_component/micro_ros_src/src/rcutils/include/rcutils/error_handling.h:28,
[1.693s]                  from /home/proto/MARIO/firmware/components/micro_ros_espidf_component/micro_ros_src/src/rcutils/src/error_handling.c:22:
[1.693s] /home/proto/esp/esp-idf/components/newlib/platform_include/assert.h:16:2: warning: #include_next is a GCC extension
[1.693s]    16 | #include_next <assert.h>
[1.693s]       |  ^~~~~~~~~~~~
[1.694s] In file included from /home/proto/MARIO/firmware/components/micro_ros_espidf_component/micro_ros_src/src/rcutils/src/error_handling.c:35:
[1.694s] /home/proto/MARIO/firmware/components/micro_ros_espidf_component/micro_ros_src/src/rcutils/src/./error_handling_helpers.h: In function '__rcutils_convert_uint64_t_into_c_str':
[1.694s] /home/proto/MARIO/firmware/components/micro_ros_espidf_component/micro_ros_src/src/rcutils/src/./error_handling_helpers.h:109:48: warning: unused parameter 'number' [-Wunused-parameter]
[1.694s]   109 | __rcutils_convert_uint64_t_into_c_str(uint64_t number, char * buffer, size_t buffer_size)
[1.694s]       |                                       ~~~~~~~~~^~~~~~
[1.694s] /home/proto/MARIO/firmware/components/micro_ros_espidf_component/micro_ros_src/src/rcutils/src/./error_handling_helpers.h:109:63: warning: unused parameter 'buffer' [-Wunused-parameter]
[1.694s]   109 | __rcutils_convert_uint64_t_into_c_str(uint64_t number, char * buffer, size_t buffer_size)
[1.694s]       |                                                        ~~~~~~~^~~~~~
[1.694s] /home/proto/MARIO/firmware/components/micro_ros_espidf_component/micro_ros_src/src/rcutils/src/./error_handling_helpers.h:109:78: warning: unused parameter 'buffer_size' [-Wunused-parameter]
[1.694s]   109 | __rcutils_convert_uint64_t_into_c_str(uint64_t number, char * buffer, size_t buffer_size)
[1.694s]       |                                                                       ~~~~~~~^~~~~~~~~~~
[1.694s] /home/proto/MARIO/firmware/components/micro_ros_espidf_component/micro_ros_src/src/rcutils/src/./error_handling_helpers.h: In function '__rcutils_format_error_string':
[1.694s] /home/proto/MARIO/firmware/components/micro_ros_espidf_component/micro_ros_src/src/rcutils/src/./error_handling_helpers.h:142:28: warning: unused parameter 'error_string' [-Wunused-parameter]
[1.694s]   142 |   rcutils_error_string_t * error_string,
[1.694s]       |   ~~~~~~~~~~~~~~~~~~~~~~~~~^~~~~~~~~~~~
[1.694s] /home/proto/MARIO/firmware/components/micro_ros_espidf_component/micro_ros_src/src/rcutils/src/./error_handling_helpers.h:143:33: warning: unused parameter 'error_state' [-Wunused-parameter]
[1.695s]   143 |   const rcutils_error_state_t * error_state)
[1.695s]       |   ~~~~~~~~~~~~~~~~~~~~~~~~~~~~~~^~~~~~~~~~~
[1.695s] /home/proto/MARIO/firmware/components/micro_ros_espidf_component/micro_ros_src/src/rcutils/src/error_handling.c: In function 'rcutils_get_error_string':
[1.695s] /home/proto/MARIO/firmware/components/micro_ros_espidf_component/micro_ros_src/src/rcutils/src/error_handling.c:240:38: warning: initializer-string for array of 'char' is too long
[1.695s]   240 |     return (rcutils_error_string_t) {"error not set"};  // NOLINT(readability/braces)
[1.695s]       |                                      ^~~~~~~~~~~~~~~
[1.695s] /home/proto/MARIO/firmware/components/micro_ros_espidf_component/micro_ros_src/src/rcutils/src/error_handling.c:240:38: note: (near initialization for '(anonymous).str')
[1.695s] /home/proto/MARIO/firmware/components/micro_ros_espidf_component/micro_ros_src/src/rcutils/src/./error_handling_helpers.h: At top level:
[1.695s] /home/proto/MARIO/firmware/components/micro_ros_espidf_component/micro_ros_src/src/rcutils/src/./error_handling_helpers.h:109:1: warning: '__rcutils_convert_uint64_t_into_c_str' defined but not used [-Wunused-function]
[1.695s]   109 | __rcutils_convert_uint64_t_into_c_str(uint64_t number, char * buffer, size_t buffer_size)
[1.695s]       | ^~~~~~~~~~~~~~~~~~~~~~~~~~~~~~~~~~~~~
[1.695s] /home/proto/MARIO/firmware/components/micro_ros_espidf_component/micro_ros_src/src/rcutils/src/./error_handling_helpers.h:91:1: warning: '__rcutils_reverse_str' defined but not used [-Wunused-function]
[1.695s]    91 | __rcutils_reverse_str(char * string_in, size_t string_len)
[1.699s]       | ^~~~~~~~~~~~~~~~~~~~~
[1.700s] In file included from /home/proto/MARIO/firmware/components/micro_ros_espidf_component/micro_ros_src/src/rcutils/src/filesystem.c:21:
[1.700s] /home/proto/esp/esp-idf/components/newlib/platform_include/errno.h:10:2: warning: #include_next is a GCC extension
[1.701s]    10 | #include_next "errno.h"
[1.701s]       |  ^~~~~~~~~~~~
[1.701s] In file included from /home/proto/MARIO/firmware/components/micro_ros_espidf_component/micro_ros_src/src/rcutils/src/logging.c:21:
[1.702s] /home/proto/esp/esp-idf/components/newlib/platform_include/errno.h:10:2: warning: #include_next is a GCC extension
[1.702s]    10 | #include_next "errno.h"
[1.702s]       |  ^~~~~~~~~~~~
[1.702s] In file included from /home/proto/MARIO/firmware/components/micro_ros_espidf_component/micro_ros_src/src/rcutils/src/process.c:20:
[1.702s] /home/proto/esp/esp-idf/components/newlib/platform_include/errno.h:10:2: warning: #include_next is a GCC extension
[1.702s]    10 | #include_next "errno.h"
[1.702s]       |  ^~~~~~~~~~~~
[1.703s] /home/proto/MARIO/firmware/components/micro_ros_espidf_component/micro_ros_src/src/rcutils/src/logging.c: In function 'rcutils_get_env_var_zero_or_one':
[1.704s] /home/proto/MARIO/firmware/components/micro_ros_espidf_component/micro_ros_src/src/rcutils/src/logging.c:130:35: warning: unused parameter 'zero_semantic' [-Wunused-parameter]
[1.704s]   130 |   const char * name, const char * zero_semantic,
[1.704s]       |                      ~~~~~~~~~~~~~^~~~~~~~~~~~~
[1.704s] /home/proto/MARIO/firmware/components/micro_ros_espidf_component/micro_ros_src/src/rcutils/src/logging.c:131:16: warning: unused parameter 'one_semantic' [-Wunused-parameter]
[1.704s]   131 |   const char * one_semantic)
[1.704s]       |   ~~~~~~~~~~~~~^~~~~~~~~~~~
[1.704s] In file included from /home/proto/MARIO/firmware/components/micro_ros_espidf_component/micro_ros_src/src/rcutils/src/snprintf.c:22:
[1.706s] /home/proto/esp/esp-idf/components/newlib/platform_include/errno.h:10:2: warning: #include_next is a GCC extension
[1.706s]    10 | #include_next "errno.h"
[1.706s]       |  ^~~~~~~~~~~~
[1.706s] In file included from /home/proto/MARIO/firmware/components/micro_ros_espidf_component/micro_ros_src/src/rcutils/src/strcasecmp.c:20:
[1.707s] /home/proto/esp/esp-idf/components/newlib/platform_include/errno.h:10:2: warning: #include_next is a GCC extension
[1.707s]    10 | #include_next "errno.h"
[1.707s]       |  ^~~~~~~~~~~~
[1.707s] In file included from /home/proto/MARIO/firmware/components/micro_ros_espidf_component/micro_ros_src/src/rcutils/src/strerror.c:20:
[1.707s] /home/proto/esp/esp-idf/components/newlib/platform_include/errno.h:10:2: warning: #include_next is a GCC extension
[1.707s]    10 | #include_next "errno.h"
[1.707s]       |  ^~~~~~~~~~~~
[1.707s] [ 62%] Building C object CMakeFiles/rcutils.dir/src/split.c.obj
[1.708s] [ 65%] Building C object CMakeFiles/rcutils.dir/src/strdup.c.obj
[1.708s] [ 68%] Building C object CMakeFiles/rcutils.dir/src/strerror.c.obj
[1.708s] [ 72%] Building C object CMakeFiles/rcutils.dir/src/strcasecmp.c.obj
[1.708s] [ 75%] Building C object CMakeFiles/rcutils.dir/src/string_map.c.obj
[1.708s] [ 79%] Building C object CMakeFiles/rcutils.dir/src/string_array.c.obj
[1.708s] [ 82%] Building C object CMakeFiles/rcutils.dir/src/testing/fault_injection.c.obj
[1.709s] [ 86%] Building C object CMakeFiles/rcutils.dir/src/time.c.obj
[1.762s] [ 89%] Building C object CMakeFiles/rcutils.dir/src/time_unix.c.obj
[1.762s] [ 93%] Building C object CMakeFiles/rcutils.dir/src/uint8_array.c.obj
[1.762s] [ 96%] Building C object CMakeFiles/rcutils.dir/src/atomic_64bits.c.obj
[1.763s] In file included from /home/proto/MARIO/firmware/components/micro_ros_espidf_component/micro_ros_src/src/rcutils/include/rcutils/error_handling.h:28,
[1.763s]                  from /home/proto/MARIO/firmware/components/micro_ros_espidf_component/micro_ros_src/src/rcutils/src/uint8_array.c:15:
[1.763s] /home/proto/esp/esp-idf/components/newlib/platform_include/assert.h:16:2: warning: #include_next is a GCC extension
[1.765s]    16 | #include_next <assert.h>
[1.765s]       |  ^~~~~~~~~~~~
[1.765s] /home/proto/MARIO/firmware/components/micro_ros_espidf_component/micro_ros_src/src/rcutils/src/atomic_64bits.c:53:10: warning: conflicting types for built-in function '__atomic_load_8'; expected 'long long unsigned int(const volatile void *, int)' [-Wbuiltin-declaration-mismatch]
[1.765s]    53 | uint64_t __atomic_load_8(uint64_t *mem, int model) {
[1.765s]       |          ^~~~~~~~~~~~~~~
[1.765s] /home/proto/MARIO/firmware/components/micro_ros_espidf_component/micro_ros_src/src/rcutils/src/atomic_64bits.c:62:6: warning: conflicting types for built-in function '__atomic_store_8'; expected 'void(volatile void *, long long unsigned int,  int)' [-Wbuiltin-declaration-mismatch]
[1.765s]    62 | void __atomic_store_8(uint64_t *mem, uint64_t val, int model) {
[1.765s]       |      ^~~~~~~~~~~~~~~~
[1.765s] /home/proto/MARIO/firmware/components/micro_ros_espidf_component/micro_ros_src/src/rcutils/src/atomic_64bits.c:70:10: warning: conflicting types for built-in function '__atomic_exchange_8'; expected 'long long unsigned int(volatile void *, long long unsigned int,  int)' [-Wbuiltin-declaration-mismatch]
[1.766s]    70 | uint64_t __atomic_exchange_8(uint64_t *mem, uint64_t val, int model) {
[1.766s]       |          ^~~~~~~~~~~~~~~~~~~
[1.766s] /home/proto/MARIO/firmware/components/micro_ros_espidf_component/micro_ros_src/src/rcutils/src/atomic_64bits.c:80:10: warning: conflicting types for built-in function '__atomic_fetch_add_8'; expected 'long long unsigned int(volatile void *, long long unsigned int,  int)' [-Wbuiltin-declaration-mismatch]
[1.766s]    80 | uint64_t __atomic_fetch_add_8(uint64_t *mem, uint64_t val, int model) {
[1.766s]       |          ^~~~~~~~~~~~~~~~~~~~
[2.091s] In file included from /home/proto/MARIO/firmware/components/micro_ros_espidf_component/micro_ros_src/src/rcutils/src/time_unix.c:40:
[2.091s] /home/proto/esp/esp-idf/components/newlib/platform_include/time.h:11:2: warning: #include_next is a GCC extension
[2.091s]    11 | #include_next <time.h>
[2.091s]       |  ^~~~~~~~~~~~
[2.092s] [100%] Linking C static library librcutils.a
[2.092s] gmake[3]: Leaving directory '/home/proto/MARIO/firmware/components/micro_ros_espidf_component/micro_ros_src/build/rcutils'
[2.092s] [100%] Built target rcutils
[2.092s] gmake[2]: Leaving directory '/home/proto/MARIO/firmware/components/micro_ros_espidf_component/micro_ros_src/build/rcutils'
[2.092s] gmake[1]: Leaving directory '/home/proto/MARIO/firmware/components/micro_ros_espidf_component/micro_ros_src/build/rcutils'
[2.096s] Invoked command in '/home/proto/MARIO/firmware/components/micro_ros_espidf_component/micro_ros_src/build/rcutils' returned '0': CMAKE_PREFIX_PATH=${CMAKE_PREFIX_PATH}:/home/proto/MARIO/firmware/components/micro_ros_espidf_component/micro_ros_dev/install/domain_coordinator:/home/proto/MARIO/firmware/components/micro_ros_espidf_component/micro_ros_dev/install/ament_xmllint:/home/proto/MARIO/firmware/components/micro_ros_espidf_component/micro_ros_dev/install/ament_uncrustify:/home/proto/MARIO/firmware/components/micro_ros_espidf_component/micro_ros_dev/install/ament_pyflakes:/home/proto/MARIO/firmware/components/micro_ros_espidf_component/micro_ros_dev/install/ament_pycodestyle:/home/proto/MARIO/firmware/components/micro_ros_espidf_component/micro_ros_dev/install/ament_pep257:/home/proto/MARIO/firmware/components/micro_ros_espidf_component/micro_ros_dev/install/ament_pclint:/home/proto/MARIO/firmware/components/micro_ros_espidf_component/micro_ros_dev/install/ament_package:/home/proto/MARIO/firmware/components/micro_ros_espidf_component/micro_ros_dev/install/ament_mypy:/home/proto/MARIO/firmware/components/micro_ros_espidf_component/micro_ros_dev/install/ament_lint_cmake:/home/proto/MARIO/firmware/components/micro_ros_espidf_component/micro_ros_dev/install/ament_flake8:/home/proto/MARIO/firmware/components/micro_ros_espidf_component/micro_ros_dev/install/ament_copyright:/home/proto/MARIO/firmware/components/micro_ros_espidf_component/micro_ros_dev/install/ament_lint:/home/proto/MARIO/firmware/components/micro_ros_espidf_component/micro_ros_dev/install/ament_index_python:/home/proto/MARIO/firmware/components/micro_ros_espidf_component/micro_ros_dev/install/ament_cpplint:/home/proto/MARIO/firmware/components/micro_ros_espidf_component/micro_ros_dev/install/ament_cppcheck:/home/proto/MARIO/firmware/components/micro_ros_espidf_component/micro_ros_dev/install/ament_clang_tidy:/home/proto/MARIO/firmware/components/micro_ros_espidf_component/micro_ros_dev/install/ament_clang_format X_CFLAGS=-mlongcalls -Wno-frame-address X_CXXFLAGS=-mlongcalls -Wno-frame-address /usr/bin/cmake --build /home/proto/MARIO/firmware/components/micro_ros_espidf_component/micro_ros_src/build/rcutils
[2.175s] Invoking command in '/home/proto/MARIO/firmware/components/micro_ros_espidf_component/micro_ros_src/build/rcutils': CMAKE_PREFIX_PATH=${CMAKE_PREFIX_PATH}:/home/proto/MARIO/firmware/components/micro_ros_espidf_component/micro_ros_dev/install/domain_coordinator:/home/proto/MARIO/firmware/components/micro_ros_espidf_component/micro_ros_dev/install/ament_xmllint:/home/proto/MARIO/firmware/components/micro_ros_espidf_component/micro_ros_dev/install/ament_uncrustify:/home/proto/MARIO/firmware/components/micro_ros_espidf_component/micro_ros_dev/install/ament_pyflakes:/home/proto/MARIO/firmware/components/micro_ros_espidf_component/micro_ros_dev/install/ament_pycodestyle:/home/proto/MARIO/firmware/components/micro_ros_espidf_component/micro_ros_dev/install/ament_pep257:/home/proto/MARIO/firmware/components/micro_ros_espidf_component/micro_ros_dev/install/ament_pclint:/home/proto/MARIO/firmware/components/micro_ros_espidf_component/micro_ros_dev/install/ament_package:/home/proto/MARIO/firmware/components/micro_ros_espidf_component/micro_ros_dev/install/ament_mypy:/home/proto/MARIO/firmware/components/micro_ros_espidf_component/micro_ros_dev/install/ament_lint_cmake:/home/proto/MARIO/firmware/components/micro_ros_espidf_component/micro_ros_dev/install/ament_flake8:/home/proto/MARIO/firmware/components/micro_ros_espidf_component/micro_ros_dev/install/ament_copyright:/home/proto/MARIO/firmware/components/micro_ros_espidf_component/micro_ros_dev/install/ament_lint:/home/proto/MARIO/firmware/components/micro_ros_espidf_component/micro_ros_dev/install/ament_index_python:/home/proto/MARIO/firmware/components/micro_ros_espidf_component/micro_ros_dev/install/ament_cpplint:/home/proto/MARIO/firmware/components/micro_ros_espidf_component/micro_ros_dev/install/ament_cppcheck:/home/proto/MARIO/firmware/components/micro_ros_espidf_component/micro_ros_dev/install/ament_clang_tidy:/home/proto/MARIO/firmware/components/micro_ros_espidf_component/micro_ros_dev/install/ament_clang_format X_CFLAGS=-mlongcalls -Wno-frame-address X_CXXFLAGS=-mlongcalls -Wno-frame-address /usr/bin/cmake --install /home/proto/MARIO/firmware/components/micro_ros_espidf_component/micro_ros_src/build/rcutils
[2.182s] -- Install configuration: "Release"
[2.183s] -- Installing: /home/proto/MARIO/firmware/components/micro_ros_espidf_component/micro_ros_src/install/share/rcutils/environment/pythonpath.sh
[2.183s] -- Installing: /home/proto/MARIO/firmware/components/micro_ros_espidf_component/micro_ros_src/install/share/rcutils/environment/pythonpath.dsv
[2.183s] -- Installing: /home/proto/MARIO/firmware/components/micro_ros_espidf_component/micro_ros_src/install/lib/python3.10/site-packages/rcutils-5.1.5-py3.10.egg-info
[2.183s] -- Installing: /home/proto/MARIO/firmware/components/micro_ros_espidf_component/micro_ros_src/install/lib/python3.10/site-packages/rcutils-5.1.5-py3.10.egg-info/SOURCES.txt
[2.183s] -- Installing: /home/proto/MARIO/firmware/components/micro_ros_espidf_component/micro_ros_src/install/lib/python3.10/site-packages/rcutils-5.1.5-py3.10.egg-info/PKG-INFO
[2.183s] -- Installing: /home/proto/MARIO/firmware/components/micro_ros_espidf_component/micro_ros_src/install/lib/python3.10/site-packages/rcutils-5.1.5-py3.10.egg-info/dependency_links.txt
[2.243s] -- Installing: /home/proto/MARIO/firmware/components/micro_ros_espidf_component/micro_ros_src/install/lib/python3.10/site-packages/rcutils-5.1.5-py3.10.egg-info/top_level.txt
[2.245s] -- Installing: /home/proto/MARIO/firmware/components/micro_ros_espidf_component/micro_ros_src/install/lib/python3.10/site-packages/rcutils
[2.245s] -- Installing: /home/proto/MARIO/firmware/components/micro_ros_espidf_component/micro_ros_src/install/lib/python3.10/site-packages/rcutils/__init__.py
[2.245s] -- Installing: /home/proto/MARIO/firmware/components/micro_ros_espidf_component/micro_ros_src/install/lib/python3.10/site-packages/rcutils/logging.py
[2.245s] Listing '/home/proto/MARIO/firmware/components/micro_ros_espidf_component/micro_ros_src/install/lib/python3.10/site-packages/rcutils'...
[2.245s] Compiling '/home/proto/MARIO/firmware/components/micro_ros_espidf_component/micro_ros_src/install/lib/python3.10/site-packages/rcutils/__init__.py'...
[2.245s] Compiling '/home/proto/MARIO/firmware/components/micro_ros_espidf_component/micro_ros_src/install/lib/python3.10/site-packages/rcutils/logging.py'...
[2.245s] -- Installing: /home/proto/MARIO/firmware/components/micro_ros_espidf_component/micro_ros_src/install/lib/librcutils.a
[2.245s] -- Installing: /home/proto/MARIO/firmware/components/micro_ros_espidf_component/micro_ros_src/install/share/rcutils/environment/library_path.sh
[2.245s] -- Installing: /home/proto/MARIO/firmware/components/micro_ros_espidf_component/micro_ros_src/install/share/rcutils/environment/library_path.dsv
[2.245s] -- Installing: /home/proto/MARIO/firmware/components/micro_ros_espidf_component/micro_ros_src/install/share/ament_index/resource_index/package_run_dependencies/rcutils
[2.245s] -- Installing: /home/proto/MARIO/firmware/components/micro_ros_espidf_component/micro_ros_src/install/share/ament_index/resource_index/parent_prefix_path/rcutils
[2.245s] -- Installing: /home/proto/MARIO/firmware/components/micro_ros_espidf_component/micro_ros_src/install/share/rcutils/environment/ament_prefix_path.sh
[2.245s] -- Installing: /home/proto/MARIO/firmware/components/micro_ros_espidf_component/micro_ros_src/install/share/rcutils/environment/ament_prefix_path.dsv
[2.245s] -- Installing: /home/proto/MARIO/firmware/components/micro_ros_espidf_component/micro_ros_src/install/share/rcutils/environment/path.sh
[2.245s] -- Installing: /home/proto/MARIO/firmware/components/micro_ros_espidf_component/micro_ros_src/install/share/rcutils/environment/path.dsv
[2.246s] -- Installing: /home/proto/MARIO/firmware/components/micro_ros_espidf_component/micro_ros_src/install/share/rcutils/local_setup.bash
[2.246s] -- Installing: /home/proto/MARIO/firmware/components/micro_ros_espidf_component/micro_ros_src/install/share/rcutils/local_setup.sh
[2.246s] -- Installing: /home/proto/MARIO/firmware/components/micro_ros_espidf_component/micro_ros_src/install/share/rcutils/local_setup.zsh
[2.246s] -- Installing: /home/proto/MARIO/firmware/components/micro_ros_espidf_component/micro_ros_src/install/share/rcutils/local_setup.dsv
[2.246s] -- Installing: /home/proto/MARIO/firmware/components/micro_ros_espidf_component/micro_ros_src/install/share/rcutils/package.dsv
[2.246s] -- Installing: /home/proto/MARIO/firmware/components/micro_ros_espidf_component/micro_ros_src/install/share/ament_index/resource_index/packages/rcutils
[2.246s] -- Installing: /home/proto/MARIO/firmware/components/micro_ros_espidf_component/micro_ros_src/install/share/rcutils/cmake/rcutilsExport.cmake
[2.246s] -- Installing: /home/proto/MARIO/firmware/components/micro_ros_espidf_component/micro_ros_src/install/share/rcutils/cmake/rcutilsExport-release.cmake
[2.246s] -- Installing: /home/proto/MARIO/firmware/components/micro_ros_espidf_component/micro_ros_src/install/share/rcutils/cmake/ament_cmake_export_include_directories-extras.cmake
[2.246s] -- Installing: /home/proto/MARIO/firmware/components/micro_ros_espidf_component/micro_ros_src/install/share/rcutils/cmake/ament_cmake_export_libraries-extras.cmake
[2.246s] -- Installing: /home/proto/MARIO/firmware/components/micro_ros_espidf_component/micro_ros_src/install/share/rcutils/cmake/ament_cmake_export_targets-extras.cmake
[2.246s] -- Installing: /home/proto/MARIO/firmware/components/micro_ros_espidf_component/micro_ros_src/install/share/rcutils/cmake/ament_cmake_export_dependencies-extras.cmake
[2.247s] -- Installing: /home/proto/MARIO/firmware/components/micro_ros_espidf_component/micro_ros_src/install/share/rcutils/cmake/rcutilsConfig.cmake
[2.247s] -- Installing: /home/proto/MARIO/firmware/components/micro_ros_espidf_component/micro_ros_src/install/share/rcutils/cmake/rcutilsConfig-version.cmake
[2.247s] -- Installing: /home/proto/MARIO/firmware/components/micro_ros_espidf_component/micro_ros_src/install/share/rcutils/package.xml
[2.247s] -- Installing: /home/proto/MARIO/firmware/components/micro_ros_espidf_component/micro_ros_src/install/include/rcutils
[2.247s] -- Installing: /home/proto/MARIO/firmware/components/micro_ros_espidf_component/micro_ros_src/install/include/rcutils/rcutils
[2.247s] -- Installing: /home/proto/MARIO/firmware/components/micro_ros_espidf_component/micro_ros_src/install/include/rcutils/rcutils/env.h
[2.247s] -- Installing: /home/proto/MARIO/firmware/components/micro_ros_espidf_component/micro_ros_src/install/include/rcutils/rcutils/visibility_control.h
[2.247s] -- Installing: /home/proto/MARIO/firmware/components/micro_ros_espidf_component/micro_ros_src/install/include/rcutils/rcutils/snprintf.h
[2.247s] -- Installing: /home/proto/MARIO/firmware/components/micro_ros_espidf_component/micro_ros_src/install/include/rcutils/rcutils/process.h
[2.247s] -- Installing: /home/proto/MARIO/firmware/components/micro_ros_espidf_component/micro_ros_src/install/include/rcutils/rcutils/split.h
[2.247s] -- Installing: /home/proto/MARIO/firmware/components/micro_ros_espidf_component/micro_ros_src/install/include/rcutils/rcutils/find.h
[2.247s] -- Installing: /home/proto/MARIO/firmware/components/micro_ros_espidf_component/micro_ros_src/install/include/rcutils/rcutils/macros.h
[2.248s] -- Installing: /home/proto/MARIO/firmware/components/micro_ros_espidf_component/micro_ros_src/install/include/rcutils/rcutils/repl_str.h
[2.248s] -- Installing: /home/proto/MARIO/firmware/components/micro_ros_espidf_component/micro_ros_src/install/include/rcutils/rcutils/filesystem.h
[2.248s] -- Installing: /home/proto/MARIO/firmware/components/micro_ros_espidf_component/micro_ros_src/install/include/rcutils/rcutils/strerror.h
[2.248s] -- Installing: /home/proto/MARIO/firmware/components/micro_ros_espidf_component/micro_ros_src/install/include/rcutils/rcutils/get_env.h
[2.248s] -- Installing: /home/proto/MARIO/firmware/components/micro_ros_espidf_component/micro_ros_src/install/include/rcutils/rcutils/security_directory.h
[2.248s] -- Installing: /home/proto/MARIO/firmware/components/micro_ros_espidf_component/micro_ros_src/install/include/rcutils/rcutils/shared_library.h
[2.248s] -- Installing: /home/proto/MARIO/firmware/components/micro_ros_espidf_component/micro_ros_src/install/include/rcutils/rcutils/strdup.h
[2.248s] -- Installing: /home/proto/MARIO/firmware/components/micro_ros_espidf_component/micro_ros_src/install/include/rcutils/rcutils/error_handling.h
[2.249s] -- Installing: /home/proto/MARIO/firmware/components/micro_ros_espidf_component/micro_ros_src/install/include/rcutils/rcutils/logging.h
[2.249s] -- Installing: /home/proto/MARIO/firmware/components/micro_ros_espidf_component/micro_ros_src/install/include/rcutils/rcutils/format_string.h
[2.249s] -- Installing: /home/proto/MARIO/firmware/components/micro_ros_espidf_component/micro_ros_src/install/include/rcutils/rcutils/stdatomic_helper.h
[2.249s] -- Installing: /home/proto/MARIO/firmware/components/micro_ros_espidf_component/micro_ros_src/install/include/rcutils/rcutils/cmdline_parser.h
[2.249s] -- Installing: /home/proto/MARIO/firmware/components/micro_ros_espidf_component/micro_ros_src/install/include/rcutils/rcutils/testing
[2.249s] -- Installing: /home/proto/MARIO/firmware/components/micro_ros_espidf_component/micro_ros_src/install/include/rcutils/rcutils/testing/fault_injection.h
[2.249s] -- Installing: /home/proto/MARIO/firmware/components/micro_ros_espidf_component/micro_ros_src/install/include/rcutils/rcutils/types
[2.249s] -- Installing: /home/proto/MARIO/firmware/components/micro_ros_espidf_component/micro_ros_src/install/include/rcutils/rcutils/types/string_array.h
[2.249s] -- Installing: /home/proto/MARIO/firmware/components/micro_ros_espidf_component/micro_ros_src/install/include/rcutils/rcutils/types/string_map.h
[2.249s] -- Installing: /home/proto/MARIO/firmware/components/micro_ros_espidf_component/micro_ros_src/install/include/rcutils/rcutils/types/char_array.h
[2.249s] -- Installing: /home/proto/MARIO/firmware/components/micro_ros_espidf_component/micro_ros_src/install/include/rcutils/rcutils/types/array_list.h
[2.249s] -- Installing: /home/proto/MARIO/firmware/components/micro_ros_espidf_component/micro_ros_src/install/include/rcutils/rcutils/types/hash_map.h
[2.250s] -- Installing: /home/proto/MARIO/firmware/components/micro_ros_espidf_component/micro_ros_src/install/include/rcutils/rcutils/types/uint8_array.h
[2.250s] -- Installing: /home/proto/MARIO/firmware/components/micro_ros_espidf_component/micro_ros_src/install/include/rcutils/rcutils/types/rcutils_ret.h
[2.250s] -- Installing: /home/proto/MARIO/firmware/components/micro_ros_espidf_component/micro_ros_src/install/include/rcutils/rcutils/visibility_control_macros.h
[2.250s] -- Installing: /home/proto/MARIO/firmware/components/micro_ros_espidf_component/micro_ros_src/install/include/rcutils/rcutils/types.h
[2.250s] -- Installing: /home/proto/MARIO/firmware/components/micro_ros_espidf_component/micro_ros_src/install/include/rcutils/rcutils/strcasecmp.h
[2.250s] -- Installing: /home/proto/MARIO/firmware/components/micro_ros_espidf_component/micro_ros_src/install/include/rcutils/rcutils/allocator.h
[2.250s] -- Installing: /home/proto/MARIO/firmware/components/micro_ros_espidf_component/micro_ros_src/install/include/rcutils/rcutils/qsort.h
[2.250s] -- Installing: /home/proto/MARIO/firmware/components/micro_ros_espidf_component/micro_ros_src/install/include/rcutils/rcutils/time.h
[2.250s] -- Installing: /home/proto/MARIO/firmware/components/micro_ros_espidf_component/micro_ros_src/install/include/rcutils/rcutils/configuration_flags.h.in
[2.250s] -- Installing: /home/proto/MARIO/firmware/components/micro_ros_espidf_component/micro_ros_src/install/include/rcutils/rcutils/stdatomic_helper
[2.250s] -- Installing: /home/proto/MARIO/firmware/components/micro_ros_espidf_component/micro_ros_src/install/include/rcutils/rcutils/stdatomic_helper/win32
[2.250s] -- Installing: /home/proto/MARIO/firmware/components/micro_ros_espidf_component/micro_ros_src/install/include/rcutils/rcutils/stdatomic_helper/win32/stdatomic.h
[2.303s] -- Installing: /home/proto/MARIO/firmware/components/micro_ros_espidf_component/micro_ros_src/install/include/rcutils/rcutils/stdatomic_helper/gcc
[2.303s] -- Installing: /home/proto/MARIO/firmware/components/micro_ros_espidf_component/micro_ros_src/install/include/rcutils/rcutils/stdatomic_helper/gcc/stdatomic.h
[2.303s] -- Installing: /home/proto/MARIO/firmware/components/micro_ros_espidf_component/micro_ros_src/install/include/rcutils/rcutils/isalnum_no_locale.h
[2.304s] -- Up-to-date: /home/proto/MARIO/firmware/components/micro_ros_espidf_component/micro_ros_src/install/include/rcutils
[2.304s] -- Up-to-date: /home/proto/MARIO/firmware/components/micro_ros_espidf_component/micro_ros_src/install/include/rcutils/rcutils
[2.304s] -- Installing: /home/proto/MARIO/firmware/components/micro_ros_espidf_component/micro_ros_src/install/include/rcutils/rcutils/configuration_flags.h
[2.304s] -- Installing: /home/proto/MARIO/firmware/components/micro_ros_espidf_component/micro_ros_src/install/include/rcutils/rcutils/logging_macros.h
[2.330s] Invoked command in '/home/proto/MARIO/firmware/components/micro_ros_espidf_component/micro_ros_src/build/rcutils' returned '0': CMAKE_PREFIX_PATH=${CMAKE_PREFIX_PATH}:/home/proto/MARIO/firmware/components/micro_ros_espidf_component/micro_ros_dev/install/domain_coordinator:/home/proto/MARIO/firmware/components/micro_ros_espidf_component/micro_ros_dev/install/ament_xmllint:/home/proto/MARIO/firmware/components/micro_ros_espidf_component/micro_ros_dev/install/ament_uncrustify:/home/proto/MARIO/firmware/components/micro_ros_espidf_component/micro_ros_dev/install/ament_pyflakes:/home/proto/MARIO/firmware/components/micro_ros_espidf_component/micro_ros_dev/install/ament_pycodestyle:/home/proto/MARIO/firmware/components/micro_ros_espidf_component/micro_ros_dev/install/ament_pep257:/home/proto/MARIO/firmware/components/micro_ros_espidf_component/micro_ros_dev/install/ament_pclint:/home/proto/MARIO/firmware/components/micro_ros_espidf_component/micro_ros_dev/install/ament_package:/home/proto/MARIO/firmware/components/micro_ros_espidf_component/micro_ros_dev/install/ament_mypy:/home/proto/MARIO/firmware/components/micro_ros_espidf_component/micro_ros_dev/install/ament_lint_cmake:/home/proto/MARIO/firmware/components/micro_ros_espidf_component/micro_ros_dev/install/ament_flake8:/home/proto/MARIO/firmware/components/micro_ros_espidf_component/micro_ros_dev/install/ament_copyright:/home/proto/MARIO/firmware/components/micro_ros_espidf_component/micro_ros_dev/install/ament_lint:/home/proto/MARIO/firmware/components/micro_ros_espidf_component/micro_ros_dev/install/ament_index_python:/home/proto/MARIO/firmware/components/micro_ros_espidf_component/micro_ros_dev/install/ament_cpplint:/home/proto/MARIO/firmware/components/micro_ros_espidf_component/micro_ros_dev/install/ament_cppcheck:/home/proto/MARIO/firmware/components/micro_ros_espidf_component/micro_ros_dev/install/ament_clang_tidy:/home/proto/MARIO/firmware/components/micro_ros_espidf_component/micro_ros_dev/install/ament_clang_format X_CFLAGS=-mlongcalls -Wno-frame-address X_CXXFLAGS=-mlongcalls -Wno-frame-address /usr/bin/cmake --install /home/proto/MARIO/firmware/components/micro_ros_espidf_component/micro_ros_src/build/rcutils
