[0.963s] Invoking command in '/home/proto/MARIO/firmware/components/micro_ros_espidf_component/micro_ros_src/src/ros2_tracing/tracetools_read': PYTHONPATH=/home/proto/MARIO/firmware/components/micro_ros_espidf_component/micro_ros_src/build/tracetools_read/prefix_override:/home/proto/MARIO/firmware/components/micro_ros_espidf_component/micro_ros_src/install/lib/python3.10/site-packages:${PYTHONPATH} X_CFLAGS=-mlongcalls -Wno-frame-address X_CXXFLAGS=-mlongcalls -Wno-frame-address /home/proto/.espressif/python_env/idf5.2_py3.10_env/bin/python3 setup.py egg_info --egg-base ../../../build/tracetools_read build --build-base /home/proto/MARIO/firmware/components/micro_ros_espidf_component/micro_ros_src/build/tracetools_read/build install --record /home/proto/MARIO/firmware/components/micro_ros_espidf_component/micro_ros_src/build/tracetools_read/install.log --single-version-externally-managed
[1.125s] running egg_info
[1.125s] creating ../../../build/tracetools_read/tracetools_read.egg-info
[1.125s] writing ../../../build/tracetools_read/tracetools_read.egg-info/PKG-INFO
[1.125s] writing dependency_links to ../../../build/tracetools_read/tracetools_read.egg-info/dependency_links.txt
[1.125s] writing requirements to ../../../build/tracetools_read/tracetools_read.egg-info/requires.txt
[1.125s] writing top-level names to ../../../build/tracetools_read/tracetools_read.egg-info/top_level.txt
[1.125s] writing manifest file '../../../build/tracetools_read/tracetools_read.egg-info/SOURCES.txt'
[1.172s] reading manifest file '../../../build/tracetools_read/tracetools_read.egg-info/SOURCES.txt'
[1.172s] writing manifest file '../../../build/tracetools_read/tracetools_read.egg-info/SOURCES.txt'
[1.172s] running build
[1.172s] running build_py
[1.172s] creating /home/proto/MARIO/firmware/components/micro_ros_espidf_component/micro_ros_src/build/tracetools_read/build
[1.172s] creating /home/proto/MARIO/firmware/components/micro_ros_espidf_component/micro_ros_src/build/tracetools_read/build/lib
[1.172s] creating /home/proto/MARIO/firmware/components/micro_ros_espidf_component/micro_ros_src/build/tracetools_read/build/lib/tracetools_read
[1.172s] copying tracetools_read/__init__.py -> /home/proto/MARIO/firmware/components/micro_ros_espidf_component/micro_ros_src/build/tracetools_read/build/lib/tracetools_read
[1.172s] copying tracetools_read/trace.py -> /home/proto/MARIO/firmware/components/micro_ros_espidf_component/micro_ros_src/build/tracetools_read/build/lib/tracetools_read
[1.173s] running install
[1.173s] running install_lib
[1.173s] creating /home/proto/MARIO/firmware/components/micro_ros_espidf_component/micro_ros_src/install/lib/python3.10/site-packages/tracetools_read
[1.173s] copying /home/proto/MARIO/firmware/components/micro_ros_espidf_component/micro_ros_src/build/tracetools_read/build/lib/tracetools_read/__init__.py -> /home/proto/MARIO/firmware/components/micro_ros_espidf_component/micro_ros_src/install/lib/python3.10/site-packages/tracetools_read
[1.173s] copying /home/proto/MARIO/firmware/components/micro_ros_espidf_component/micro_ros_src/build/tracetools_read/build/lib/tracetools_read/trace.py -> /home/proto/MARIO/firmware/components/micro_ros_espidf_component/micro_ros_src/install/lib/python3.10/site-packages/tracetools_read
[1.173s] byte-compiling /home/proto/MARIO/firmware/components/micro_ros_espidf_component/micro_ros_src/install/lib/python3.10/site-packages/tracetools_read/__init__.py to __init__.cpython-310.pyc
[1.173s] byte-compiling /home/proto/MARIO/firmware/components/micro_ros_espidf_component/micro_ros_src/install/lib/python3.10/site-packages/tracetools_read/trace.py to trace.cpython-310.pyc
[1.173s] running install_data
[1.173s] copying package.xml -> /home/proto/MARIO/firmware/components/micro_ros_espidf_component/micro_ros_src/install/share/tracetools_read
[1.173s] copying resource/tracetools_read -> /home/proto/MARIO/firmware/components/micro_ros_espidf_component/micro_ros_src/install/share/ament_index/resource_index/packages
[1.173s] running install_egg_info
[1.173s] Copying ../../../build/tracetools_read/tracetools_read.egg-info to /home/proto/MARIO/firmware/components/micro_ros_espidf_component/micro_ros_src/install/lib/python3.10/site-packages/tracetools_read-4.1.1-py3.10.egg-info
[1.173s] running install_scripts
[1.173s] /home/proto/.espressif/python_env/idf5.2_py3.10_env/lib/python3.10/site-packages/setuptools/_distutils/cmd.py:66: SetuptoolsDeprecationWarning: setup.py install is deprecated.
[1.173s] !!
[1.173s] 
[1.174s]         ********************************************************************************
[1.174s]         Please avoid running ``setup.py`` directly.
[1.174s]         Instead, use pypa/build, pypa/installer or other
[1.174s]         standards-based tools.
[1.174s] 
[1.174s]         See https://blog.ganssle.io/articles/2021/10/setup-py-deprecated.html for details.
[1.174s]         ********************************************************************************
[1.174s] 
[1.174s] !!
[1.174s]   self.initialize_options()
[1.194s] writing list of installed files to '/home/proto/MARIO/firmware/components/micro_ros_espidf_component/micro_ros_src/build/tracetools_read/install.log'
[1.234s] Invoked command in '/home/proto/MARIO/firmware/components/micro_ros_espidf_component/micro_ros_src/src/ros2_tracing/tracetools_read' returned '0': PYTHONPATH=/home/proto/MARIO/firmware/components/micro_ros_espidf_component/micro_ros_src/build/tracetools_read/prefix_override:/home/proto/MARIO/firmware/components/micro_ros_espidf_component/micro_ros_src/install/lib/python3.10/site-packages:${PYTHONPATH} X_CFLAGS=-mlongcalls -Wno-frame-address X_CXXFLAGS=-mlongcalls -Wno-frame-address /home/proto/.espressif/python_env/idf5.2_py3.10_env/bin/python3 setup.py egg_info --egg-base ../../../build/tracetools_read build --build-base /home/proto/MARIO/firmware/components/micro_ros_espidf_component/micro_ros_src/build/tracetools_read/build install --record /home/proto/MARIO/firmware/components/micro_ros_espidf_component/micro_ros_src/build/tracetools_read/install.log --single-version-externally-managed
