running egg_info
creating ../../../build/ros2trace/ros2trace.egg-info
writing ../../../build/ros2trace/ros2trace.egg-info/PKG-INFO
writing dependency_links to ../../../build/ros2trace/ros2trace.egg-info/dependency_links.txt
writing entry points to ../../../build/ros2trace/ros2trace.egg-info/entry_points.txt
writing requirements to ../../../build/ros2trace/ros2trace.egg-info/requires.txt
writing top-level names to ../../../build/ros2trace/ros2trace.egg-info/top_level.txt
writing manifest file '../../../build/ros2trace/ros2trace.egg-info/SOURCES.txt'
reading manifest file '../../../build/ros2trace/ros2trace.egg-info/SOURCES.txt'
writing manifest file '../../../build/ros2trace/ros2trace.egg-info/SOURCES.txt'
running build
running build_py
creating /home/proto/MARIO/firmware/components/micro_ros_espidf_component/micro_ros_src/build/ros2trace/build
creating /home/proto/MARIO/firmware/components/micro_ros_espidf_component/micro_ros_src/build/ros2trace/build/lib
creating /home/proto/MARIO/firmware/components/micro_ros_espidf_component/micro_ros_src/build/ros2trace/build/lib/ros2trace
copying ros2trace/__init__.py -> /home/proto/MARIO/firmware/components/micro_ros_espidf_component/micro_ros_src/build/ros2trace/build/lib/ros2trace
creating /home/proto/MARIO/firmware/components/micro_ros_espidf_component/micro_ros_src/build/ros2trace/build/lib/ros2trace/command
copying ros2trace/command/__init__.py -> /home/proto/MARIO/firmware/components/micro_ros_espidf_component/micro_ros_src/build/ros2trace/build/lib/ros2trace/command
copying ros2trace/command/trace.py -> /home/proto/MARIO/firmware/components/micro_ros_espidf_component/micro_ros_src/build/ros2trace/build/lib/ros2trace/command
creating /home/proto/MARIO/firmware/components/micro_ros_espidf_component/micro_ros_src/build/ros2trace/build/lib/ros2trace/api
copying ros2trace/api/__init__.py -> /home/proto/MARIO/firmware/components/micro_ros_espidf_component/micro_ros_src/build/ros2trace/build/lib/ros2trace/api
running install
/home/proto/.espressif/python_env/idf5.2_py3.10_env/lib/python3.10/site-packages/setuptools/_distutils/cmd.py:66: SetuptoolsDeprecationWarning: setup.py install is deprecated.
!!

        ********************************************************************************
        Please avoid running ``setup.py`` directly.
        Instead, use pypa/build, pypa/installer or other
        standards-based tools.

        See https://blog.ganssle.io/articles/2021/10/setup-py-deprecated.html for details.
        ********************************************************************************

!!
  self.initialize_options()
running install_lib
creating /home/proto/MARIO/firmware/components/micro_ros_espidf_component/micro_ros_src/install/lib/python3.10/site-packages/ros2trace
copying /home/proto/MARIO/firmware/components/micro_ros_espidf_component/micro_ros_src/build/ros2trace/build/lib/ros2trace/__init__.py -> /home/proto/MARIO/firmware/components/micro_ros_espidf_component/micro_ros_src/install/lib/python3.10/site-packages/ros2trace
creating /home/proto/MARIO/firmware/components/micro_ros_espidf_component/micro_ros_src/install/lib/python3.10/site-packages/ros2trace/command
copying /home/proto/MARIO/firmware/components/micro_ros_espidf_component/micro_ros_src/build/ros2trace/build/lib/ros2trace/command/__init__.py -> /home/proto/MARIO/firmware/components/micro_ros_espidf_component/micro_ros_src/install/lib/python3.10/site-packages/ros2trace/command
copying /home/proto/MARIO/firmware/components/micro_ros_espidf_component/micro_ros_src/build/ros2trace/build/lib/ros2trace/command/trace.py -> /home/proto/MARIO/firmware/components/micro_ros_espidf_component/micro_ros_src/install/lib/python3.10/site-packages/ros2trace/command
creating /home/proto/MARIO/firmware/components/micro_ros_espidf_component/micro_ros_src/install/lib/python3.10/site-packages/ros2trace/api
copying /home/proto/MARIO/firmware/components/micro_ros_espidf_component/micro_ros_src/build/ros2trace/build/lib/ros2trace/api/__init__.py -> /home/proto/MARIO/firmware/components/micro_ros_espidf_component/micro_ros_src/install/lib/python3.10/site-packages/ros2trace/api
byte-compiling /home/proto/MARIO/firmware/components/micro_ros_espidf_component/micro_ros_src/install/lib/python3.10/site-packages/ros2trace/__init__.py to __init__.cpython-310.pyc
byte-compiling /home/proto/MARIO/firmware/components/micro_ros_espidf_component/micro_ros_src/install/lib/python3.10/site-packages/ros2trace/command/__init__.py to __init__.cpython-310.pyc
byte-compiling /home/proto/MARIO/firmware/components/micro_ros_espidf_component/micro_ros_src/install/lib/python3.10/site-packages/ros2trace/command/trace.py to trace.cpython-310.pyc
byte-compiling /home/proto/MARIO/firmware/components/micro_ros_espidf_component/micro_ros_src/install/lib/python3.10/site-packages/ros2trace/api/__init__.py to __init__.cpython-310.pyc
running install_data
copying package.xml -> /home/proto/MARIO/firmware/components/micro_ros_espidf_component/micro_ros_src/install/share/ros2trace
copying resource/ros2trace -> /home/proto/MARIO/firmware/components/micro_ros_espidf_component/micro_ros_src/install/share/ament_index/resource_index/packages
running install_egg_info
Copying ../../../build/ros2trace/ros2trace.egg-info to /home/proto/MARIO/firmware/components/micro_ros_espidf_component/micro_ros_src/install/lib/python3.10/site-packages/ros2trace-4.1.1-py3.10.egg-info
running install_scripts
writing list of installed files to '/home/proto/MARIO/firmware/components/micro_ros_espidf_component/micro_ros_src/build/ros2trace/install.log'
