Not searching for unused variables given on the command line.
-- Found ament_cmake: 1.3.8 (/home/proto/MARIO/firmware/components/micro_ros_espidf_component/micro_ros_dev/install/ament_cmake/share/ament_cmake/cmake)
-- Found Python3: /home/proto/.espressif/python_env/idf5.2_py3.10_env/bin/python3 (found version "3.10.12") found components: Interpreter 
-- Configuring done
-- Generating done
-- Build files have been written to: /home/proto/MARIO/firmware/components/micro_ros_espidf_component/micro_ros_src/build/rmw_implementation_cmake
gmake[1]: Entering directory '/home/proto/MARIO/firmware/components/micro_ros_espidf_component/micro_ros_src/build/rmw_implementation_cmake'
gmake[1]: Leaving directory '/home/proto/MARIO/firmware/components/micro_ros_espidf_component/micro_ros_src/build/rmw_implementation_cmake'
-- Install configuration: "Release"
-- Installing: /home/proto/MARIO/firmware/components/micro_ros_espidf_component/micro_ros_src/install/share/ament_index/resource_index/package_run_dependencies/rmw_implementation_cmake
-- Installing: /home/proto/MARIO/firmware/components/micro_ros_espidf_component/micro_ros_src/install/share/ament_index/resource_index/parent_prefix_path/rmw_implementation_cmake
-- Installing: /home/proto/MARIO/firmware/components/micro_ros_espidf_component/micro_ros_src/install/share/rmw_implementation_cmake/environment/ament_prefix_path.sh
-- Installing: /home/proto/MARIO/firmware/components/micro_ros_espidf_component/micro_ros_src/install/share/rmw_implementation_cmake/environment/ament_prefix_path.dsv
-- Installing: /home/proto/MARIO/firmware/components/micro_ros_espidf_component/micro_ros_src/install/share/rmw_implementation_cmake/environment/path.sh
-- Installing: /home/proto/MARIO/firmware/components/micro_ros_espidf_component/micro_ros_src/install/share/rmw_implementation_cmake/environment/path.dsv
-- Installing: /home/proto/MARIO/firmware/components/micro_ros_espidf_component/micro_ros_src/install/share/rmw_implementation_cmake/local_setup.bash
-- Installing: /home/proto/MARIO/firmware/components/micro_ros_espidf_component/micro_ros_src/install/share/rmw_implementation_cmake/local_setup.sh
-- Installing: /home/proto/MARIO/firmware/components/micro_ros_espidf_component/micro_ros_src/install/share/rmw_implementation_cmake/local_setup.zsh
-- Installing: /home/proto/MARIO/firmware/components/micro_ros_espidf_component/micro_ros_src/install/share/rmw_implementation_cmake/local_setup.dsv
-- Installing: /home/proto/MARIO/firmware/components/micro_ros_espidf_component/micro_ros_src/install/share/rmw_implementation_cmake/package.dsv
-- Installing: /home/proto/MARIO/firmware/components/micro_ros_espidf_component/micro_ros_src/install/share/ament_index/resource_index/packages/rmw_implementation_cmake
-- Installing: /home/proto/MARIO/firmware/components/micro_ros_espidf_component/micro_ros_src/install/share/rmw_implementation_cmake/cmake/rmw_implementation_cmake-extras.cmake
-- Installing: /home/proto/MARIO/firmware/components/micro_ros_espidf_component/micro_ros_src/install/share/rmw_implementation_cmake/cmake/ament_cmake_export_dependencies-extras.cmake
-- Installing: /home/proto/MARIO/firmware/components/micro_ros_espidf_component/micro_ros_src/install/share/rmw_implementation_cmake/cmake/rmw_implementation_cmakeConfig.cmake
-- Installing: /home/proto/MARIO/firmware/components/micro_ros_espidf_component/micro_ros_src/install/share/rmw_implementation_cmake/cmake/rmw_implementation_cmakeConfig-version.cmake
-- Installing: /home/proto/MARIO/firmware/components/micro_ros_espidf_component/micro_ros_src/install/share/rmw_implementation_cmake/package.xml
-- Up-to-date: /home/proto/MARIO/firmware/components/micro_ros_espidf_component/micro_ros_src/install/share/rmw_implementation_cmake/cmake
-- Installing: /home/proto/MARIO/firmware/components/micro_ros_espidf_component/micro_ros_src/install/share/rmw_implementation_cmake/cmake/call_for_each_rmw_implementation.cmake
-- Installing: /home/proto/MARIO/firmware/components/micro_ros_espidf_component/micro_ros_src/install/share/rmw_implementation_cmake/cmake/get_available_rmw_implementations.cmake
-- Installing: /home/proto/MARIO/firmware/components/micro_ros_espidf_component/micro_ros_src/install/share/rmw_implementation_cmake/cmake/get_default_rmw_implementation.cmake
