Not searching for unused variables given on the command line.
-- The C compiler identification is GNU 13.2.0
-- The CXX compiler identification is GNU 13.2.0
-- Detecting C compiler ABI info
-- Detecting C compiler ABI info - done
-- Check for working C compiler: /home/proto/.espressif/tools/xtensa-esp-elf/esp-13.2.0_20230928/xtensa-esp-elf/bin/xtensa-esp32-elf-gcc - skipped
-- Detecting C compile features
-- Detecting C compile features - done
-- Detecting CXX compiler ABI info
-- Detecting CXX compiler ABI info - done
-- Check for working CXX compiler: /home/proto/.espressif/tools/xtensa-esp-elf/esp-13.2.0_20230928/xtensa-esp-elf/bin/xtensa-esp32-elf-g++ - skipped
-- Detecting CXX compile features
-- Detecting CXX compile features - done
-- Found ament_cmake: 1.3.8 (/home/proto/MARIO/firmware/components/micro_ros_espidf_component/micro_ros_dev/install/ament_cmake/share/ament_cmake/cmake)
-- Found Python3: /home/proto/.espressif/python_env/idf5.2_py3.10_env/bin/python3 (found version "3.10.12") found components: Interpreter 
-- Found rosidl_default_generators: 1.2.0 (/home/proto/MARIO/firmware/components/micro_ros_espidf_component/micro_ros_src/install/share/rosidl_default_generators/cmake)
-- Using all available rosidl_typesupport_c: rosidl_typesupport_introspection_c;rosidl_typesupport_microxrcedds_c
-- Found rosidl_adapter: 3.1.5 (/home/proto/MARIO/firmware/components/micro_ros_espidf_component/micro_ros_src/install/share/rosidl_adapter/cmake)
CMake Warning at /home/proto/MARIO/firmware/components/micro_ros_espidf_component/micro_ros_src/install/share/rcutils/cmake/ament_cmake_export_libraries-extras.cmake:116 (message):
  Package 'rcutils' exports library 'dl' which couldn't be found
Call Stack (most recent call first):
  /home/proto/MARIO/firmware/components/micro_ros_espidf_component/micro_ros_src/install/share/rcutils/cmake/rcutilsConfig.cmake:41 (include)
  /home/proto/MARIO/firmware/components/micro_ros_espidf_component/micro_ros_src/install/share/rosidl_runtime_c/cmake/ament_cmake_export_dependencies-extras.cmake:21 (find_package)
  /home/proto/MARIO/firmware/components/micro_ros_espidf_component/micro_ros_src/install/share/rosidl_runtime_c/cmake/rosidl_runtime_cConfig.cmake:41 (include)
  /home/proto/MARIO/firmware/components/micro_ros_espidf_component/micro_ros_src/install/share/rosidl_typesupport_introspection_c/cmake/ament_cmake_export_dependencies-extras.cmake:21 (find_package)
  /home/proto/MARIO/firmware/components/micro_ros_espidf_component/micro_ros_src/install/share/rosidl_typesupport_introspection_c/cmake/rosidl_typesupport_introspection_cConfig.cmake:41 (include)
  /home/proto/MARIO/firmware/components/micro_ros_espidf_component/micro_ros_src/install/share/rosidl_typesupport_c/cmake/rosidl_typesupport_c-extras.cmake:13 (find_package)
  /home/proto/MARIO/firmware/components/micro_ros_espidf_component/micro_ros_src/install/share/rosidl_typesupport_c/cmake/rosidl_typesupport_cConfig.cmake:41 (include)
  /home/proto/MARIO/firmware/components/micro_ros_espidf_component/micro_ros_src/install/share/rosidl_default_generators/cmake/rosidl_default_generators-extras.cmake:21 (find_package)
  /home/proto/MARIO/firmware/components/micro_ros_espidf_component/micro_ros_src/install/share/rosidl_default_generators/cmake/rosidl_default_generatorsConfig.cmake:41 (include)
  CMakeLists.txt:14 (find_package)


-- Found ament_cmake_ros: 0.10.0 (/home/proto/MARIO/firmware/components/micro_ros_espidf_component/micro_ros_dev/install/ament_cmake_ros/share/ament_cmake_ros/cmake)
-- Using all available rosidl_typesupport_c: rosidl_typesupport_introspection_c;rosidl_typesupport_microxrcedds_c
-- Configuring done
-- Generating done
-- Build files have been written to: /home/proto/MARIO/firmware/components/micro_ros_espidf_component/micro_ros_src/build/builtin_interfaces
gmake[1]: Entering directory '/home/proto/MARIO/firmware/components/micro_ros_espidf_component/micro_ros_src/build/builtin_interfaces'
gmake[2]: Entering directory '/home/proto/MARIO/firmware/components/micro_ros_espidf_component/micro_ros_src/build/builtin_interfaces'
gmake[3]: Entering directory '/home/proto/MARIO/firmware/components/micro_ros_espidf_component/micro_ros_src/build/builtin_interfaces'
[  6%] Generating C code for ROS interfaces
gmake[3]: Leaving directory '/home/proto/MARIO/firmware/components/micro_ros_espidf_component/micro_ros_src/build/builtin_interfaces'
gmake[3]: Entering directory '/home/proto/MARIO/firmware/components/micro_ros_espidf_component/micro_ros_src/build/builtin_interfaces'
[ 12%] Building C object CMakeFiles/builtin_interfaces__rosidl_generator_c.dir/rosidl_generator_c/builtin_interfaces/msg/detail/time__functions.c.obj
[ 18%] Building C object CMakeFiles/builtin_interfaces__rosidl_generator_c.dir/rosidl_generator_c/builtin_interfaces/msg/detail/duration__functions.c.obj
[ 25%] Linking C static library libbuiltin_interfaces__rosidl_generator_c.a
gmake[3]: Leaving directory '/home/proto/MARIO/firmware/components/micro_ros_espidf_component/micro_ros_src/build/builtin_interfaces'
[ 25%] Built target builtin_interfaces__rosidl_generator_c
gmake[3]: Entering directory '/home/proto/MARIO/firmware/components/micro_ros_espidf_component/micro_ros_src/build/builtin_interfaces'
gmake[3]: Entering directory '/home/proto/MARIO/firmware/components/micro_ros_espidf_component/micro_ros_src/build/builtin_interfaces'
gmake[3]: Entering directory '/home/proto/MARIO/firmware/components/micro_ros_espidf_component/micro_ros_src/build/builtin_interfaces'
[ 31%] Generating C type support for eProsima Micro XRCE-DDS
[ 37%] Generating C type support dispatch for ROS interfaces
[ 43%] Generating C introspection for ROS interfaces
gmake[3]: Leaving directory '/home/proto/MARIO/firmware/components/micro_ros_espidf_component/micro_ros_src/build/builtin_interfaces'
gmake[3]: Entering directory '/home/proto/MARIO/firmware/components/micro_ros_espidf_component/micro_ros_src/build/builtin_interfaces'
[ 50%] Building CXX object CMakeFiles/builtin_interfaces__rosidl_typesupport_c.dir/rosidl_typesupport_c/builtin_interfaces/msg/duration__type_support.cpp.obj
[ 56%] Building CXX object CMakeFiles/builtin_interfaces__rosidl_typesupport_c.dir/rosidl_typesupport_c/builtin_interfaces/msg/time__type_support.cpp.obj
gmake[3]: Leaving directory '/home/proto/MARIO/firmware/components/micro_ros_espidf_component/micro_ros_src/build/builtin_interfaces'
gmake[3]: Entering directory '/home/proto/MARIO/firmware/components/micro_ros_espidf_component/micro_ros_src/build/builtin_interfaces'
[ 62%] Linking CXX static library libbuiltin_interfaces__rosidl_typesupport_c.a
[ 68%] Building C object CMakeFiles/builtin_interfaces__rosidl_typesupport_introspection_c.dir/rosidl_typesupport_introspection_c/builtin_interfaces/msg/detail/duration__type_support.c.obj
[ 75%] Building C object CMakeFiles/builtin_interfaces__rosidl_typesupport_introspection_c.dir/rosidl_typesupport_introspection_c/builtin_interfaces/msg/detail/time__type_support.c.obj
gmake[3]: Leaving directory '/home/proto/MARIO/firmware/components/micro_ros_espidf_component/micro_ros_src/build/builtin_interfaces'
gmake[3]: Leaving directory '/home/proto/MARIO/firmware/components/micro_ros_espidf_component/micro_ros_src/build/builtin_interfaces'
gmake[3]: Entering directory '/home/proto/MARIO/firmware/components/micro_ros_espidf_component/micro_ros_src/build/builtin_interfaces'
[ 75%] Built target builtin_interfaces__rosidl_typesupport_c
[ 81%] Building C object CMakeFiles/builtin_interfaces__rosidl_typesupport_microxrcedds_c.dir/rosidl_typesupport_microxrcedds_c/builtin_interfaces/msg/detail/microxrcedds/duration__type_support_c.c.obj
[ 87%] Building C object CMakeFiles/builtin_interfaces__rosidl_typesupport_microxrcedds_c.dir/rosidl_typesupport_microxrcedds_c/builtin_interfaces/msg/detail/microxrcedds/time__type_support_c.c.obj
[ 93%] Linking C static library libbuiltin_interfaces__rosidl_typesupport_introspection_c.a
gmake[3]: Leaving directory '/home/proto/MARIO/firmware/components/micro_ros_espidf_component/micro_ros_src/build/builtin_interfaces'
[ 93%] Built target builtin_interfaces__rosidl_typesupport_introspection_c
[100%] Linking C static library libbuiltin_interfaces__rosidl_typesupport_microxrcedds_c.a
gmake[3]: Leaving directory '/home/proto/MARIO/firmware/components/micro_ros_espidf_component/micro_ros_src/build/builtin_interfaces'
[100%] Built target builtin_interfaces__rosidl_typesupport_microxrcedds_c
gmake[3]: Entering directory '/home/proto/MARIO/firmware/components/micro_ros_espidf_component/micro_ros_src/build/builtin_interfaces'
gmake[3]: Leaving directory '/home/proto/MARIO/firmware/components/micro_ros_espidf_component/micro_ros_src/build/builtin_interfaces'
[100%] Built target builtin_interfaces
gmake[2]: Leaving directory '/home/proto/MARIO/firmware/components/micro_ros_espidf_component/micro_ros_src/build/builtin_interfaces'
gmake[1]: Leaving directory '/home/proto/MARIO/firmware/components/micro_ros_espidf_component/micro_ros_src/build/builtin_interfaces'
-- Install configuration: "Release"
-- Installing: /home/proto/MARIO/firmware/components/micro_ros_espidf_component/micro_ros_src/install/share/ament_index/resource_index/rosidl_interfaces/builtin_interfaces
-- Installing: /home/proto/MARIO/firmware/components/micro_ros_espidf_component/micro_ros_src/install/include/builtin_interfaces/builtin_interfaces
-- Installing: /home/proto/MARIO/firmware/components/micro_ros_espidf_component/micro_ros_src/install/include/builtin_interfaces/builtin_interfaces/msg
-- Installing: /home/proto/MARIO/firmware/components/micro_ros_espidf_component/micro_ros_src/install/include/builtin_interfaces/builtin_interfaces/msg/duration.h
-- Installing: /home/proto/MARIO/firmware/components/micro_ros_espidf_component/micro_ros_src/install/include/builtin_interfaces/builtin_interfaces/msg/detail
-- Installing: /home/proto/MARIO/firmware/components/micro_ros_espidf_component/micro_ros_src/install/include/builtin_interfaces/builtin_interfaces/msg/detail/time__functions.h
-- Installing: /home/proto/MARIO/firmware/components/micro_ros_espidf_component/micro_ros_src/install/include/builtin_interfaces/builtin_interfaces/msg/detail/duration__type_support.h
-- Installing: /home/proto/MARIO/firmware/components/micro_ros_espidf_component/micro_ros_src/install/include/builtin_interfaces/builtin_interfaces/msg/detail/duration__functions.c
-- Installing: /home/proto/MARIO/firmware/components/micro_ros_espidf_component/micro_ros_src/install/include/builtin_interfaces/builtin_interfaces/msg/detail/time__functions.c
-- Installing: /home/proto/MARIO/firmware/components/micro_ros_espidf_component/micro_ros_src/install/include/builtin_interfaces/builtin_interfaces/msg/detail/time__type_support.h
-- Installing: /home/proto/MARIO/firmware/components/micro_ros_espidf_component/micro_ros_src/install/include/builtin_interfaces/builtin_interfaces/msg/detail/time__struct.h
-- Installing: /home/proto/MARIO/firmware/components/micro_ros_espidf_component/micro_ros_src/install/include/builtin_interfaces/builtin_interfaces/msg/detail/duration__struct.h
-- Installing: /home/proto/MARIO/firmware/components/micro_ros_espidf_component/micro_ros_src/install/include/builtin_interfaces/builtin_interfaces/msg/detail/duration__functions.h
-- Installing: /home/proto/MARIO/firmware/components/micro_ros_espidf_component/micro_ros_src/install/include/builtin_interfaces/builtin_interfaces/msg/rosidl_generator_c__visibility_control.h
-- Installing: /home/proto/MARIO/firmware/components/micro_ros_espidf_component/micro_ros_src/install/include/builtin_interfaces/builtin_interfaces/msg/time.h
-- Installing: /home/proto/MARIO/firmware/components/micro_ros_espidf_component/micro_ros_src/install/share/builtin_interfaces/environment/library_path.sh
-- Installing: /home/proto/MARIO/firmware/components/micro_ros_espidf_component/micro_ros_src/install/share/builtin_interfaces/environment/library_path.dsv
-- Installing: /home/proto/MARIO/firmware/components/micro_ros_espidf_component/micro_ros_src/install/lib/libbuiltin_interfaces__rosidl_generator_c.a
-- Up-to-date: /home/proto/MARIO/firmware/components/micro_ros_espidf_component/micro_ros_src/install/include/builtin_interfaces/builtin_interfaces
-- Up-to-date: /home/proto/MARIO/firmware/components/micro_ros_espidf_component/micro_ros_src/install/include/builtin_interfaces/builtin_interfaces/msg
-- Installing: /home/proto/MARIO/firmware/components/micro_ros_espidf_component/micro_ros_src/install/include/builtin_interfaces/builtin_interfaces/msg/rosidl_typesupport_introspection_c__visibility_control.h
-- Up-to-date: /home/proto/MARIO/firmware/components/micro_ros_espidf_component/micro_ros_src/install/include/builtin_interfaces/builtin_interfaces/msg/detail
-- Installing: /home/proto/MARIO/firmware/components/micro_ros_espidf_component/micro_ros_src/install/include/builtin_interfaces/builtin_interfaces/msg/detail/duration__type_support.c
-- Installing: /home/proto/MARIO/firmware/components/micro_ros_espidf_component/micro_ros_src/install/include/builtin_interfaces/builtin_interfaces/msg/detail/duration__rosidl_typesupport_introspection_c.h
-- Installing: /home/proto/MARIO/firmware/components/micro_ros_espidf_component/micro_ros_src/install/include/builtin_interfaces/builtin_interfaces/msg/detail/time__type_support.c
-- Installing: /home/proto/MARIO/firmware/components/micro_ros_espidf_component/micro_ros_src/install/include/builtin_interfaces/builtin_interfaces/msg/detail/time__rosidl_typesupport_introspection_c.h
-- Installing: /home/proto/MARIO/firmware/components/micro_ros_espidf_component/micro_ros_src/install/lib/libbuiltin_interfaces__rosidl_typesupport_introspection_c.a
-- Up-to-date: /home/proto/MARIO/firmware/components/micro_ros_espidf_component/micro_ros_src/install/include/builtin_interfaces
-- Installing: /home/proto/MARIO/firmware/components/micro_ros_espidf_component/micro_ros_src/install/include/builtin_interfaces/msg
-- Installing: /home/proto/MARIO/firmware/components/micro_ros_espidf_component/micro_ros_src/install/include/builtin_interfaces/msg/detail
-- Installing: /home/proto/MARIO/firmware/components/micro_ros_espidf_component/micro_ros_src/install/include/builtin_interfaces/msg/detail/duration__rosidl_typesupport_microxrcedds_c.h
-- Installing: /home/proto/MARIO/firmware/components/micro_ros_espidf_component/micro_ros_src/install/include/builtin_interfaces/msg/detail/time__rosidl_typesupport_microxrcedds_c.h
-- Installing: /home/proto/MARIO/firmware/components/micro_ros_espidf_component/micro_ros_src/install/include/builtin_interfaces/msg/detail/microxrcedds
-- Installing: /home/proto/MARIO/firmware/components/micro_ros_espidf_component/micro_ros_src/install/include/builtin_interfaces/msg/rosidl_typesupport_microxrcedds_c__visibility_control.h
-- Installing: /home/proto/MARIO/firmware/components/micro_ros_espidf_component/micro_ros_src/install/lib/libbuiltin_interfaces__rosidl_typesupport_microxrcedds_c.a
-- Installing: /home/proto/MARIO/firmware/components/micro_ros_espidf_component/micro_ros_src/install/lib/libbuiltin_interfaces__rosidl_typesupport_c.a
-- Installing: /home/proto/MARIO/firmware/components/micro_ros_espidf_component/micro_ros_src/install/share/builtin_interfaces/msg/Duration.idl
-- Installing: /home/proto/MARIO/firmware/components/micro_ros_espidf_component/micro_ros_src/install/share/builtin_interfaces/msg/Time.idl
-- Installing: /home/proto/MARIO/firmware/components/micro_ros_espidf_component/micro_ros_src/install/share/builtin_interfaces/msg/Duration.msg
-- Installing: /home/proto/MARIO/firmware/components/micro_ros_espidf_component/micro_ros_src/install/share/builtin_interfaces/msg/Time.msg
-- Installing: /home/proto/MARIO/firmware/components/micro_ros_espidf_component/micro_ros_src/install/share/ament_index/resource_index/package_run_dependencies/builtin_interfaces
-- Installing: /home/proto/MARIO/firmware/components/micro_ros_espidf_component/micro_ros_src/install/share/ament_index/resource_index/parent_prefix_path/builtin_interfaces
-- Installing: /home/proto/MARIO/firmware/components/micro_ros_espidf_component/micro_ros_src/install/share/builtin_interfaces/environment/ament_prefix_path.sh
-- Installing: /home/proto/MARIO/firmware/components/micro_ros_espidf_component/micro_ros_src/install/share/builtin_interfaces/environment/ament_prefix_path.dsv
-- Installing: /home/proto/MARIO/firmware/components/micro_ros_espidf_component/micro_ros_src/install/share/builtin_interfaces/environment/path.sh
-- Installing: /home/proto/MARIO/firmware/components/micro_ros_espidf_component/micro_ros_src/install/share/builtin_interfaces/environment/path.dsv
-- Installing: /home/proto/MARIO/firmware/components/micro_ros_espidf_component/micro_ros_src/install/share/builtin_interfaces/local_setup.bash
-- Installing: /home/proto/MARIO/firmware/components/micro_ros_espidf_component/micro_ros_src/install/share/builtin_interfaces/local_setup.sh
-- Installing: /home/proto/MARIO/firmware/components/micro_ros_espidf_component/micro_ros_src/install/share/builtin_interfaces/local_setup.zsh
-- Installing: /home/proto/MARIO/firmware/components/micro_ros_espidf_component/micro_ros_src/install/share/builtin_interfaces/local_setup.dsv
-- Installing: /home/proto/MARIO/firmware/components/micro_ros_espidf_component/micro_ros_src/install/share/builtin_interfaces/package.dsv
-- Installing: /home/proto/MARIO/firmware/components/micro_ros_espidf_component/micro_ros_src/install/share/ament_index/resource_index/packages/builtin_interfaces
-- Installing: /home/proto/MARIO/firmware/components/micro_ros_espidf_component/micro_ros_src/install/share/builtin_interfaces/cmake/export_builtin_interfaces__rosidl_generator_cExport.cmake
-- Installing: /home/proto/MARIO/firmware/components/micro_ros_espidf_component/micro_ros_src/install/share/builtin_interfaces/cmake/export_builtin_interfaces__rosidl_generator_cExport-release.cmake
-- Installing: /home/proto/MARIO/firmware/components/micro_ros_espidf_component/micro_ros_src/install/share/builtin_interfaces/cmake/builtin_interfaces__rosidl_typesupport_introspection_cExport.cmake
-- Installing: /home/proto/MARIO/firmware/components/micro_ros_espidf_component/micro_ros_src/install/share/builtin_interfaces/cmake/builtin_interfaces__rosidl_typesupport_introspection_cExport-release.cmake
-- Installing: /home/proto/MARIO/firmware/components/micro_ros_espidf_component/micro_ros_src/install/share/builtin_interfaces/cmake/builtin_interfaces__rosidl_typesupport_cExport.cmake
-- Installing: /home/proto/MARIO/firmware/components/micro_ros_espidf_component/micro_ros_src/install/share/builtin_interfaces/cmake/builtin_interfaces__rosidl_typesupport_cExport-release.cmake
-- Installing: /home/proto/MARIO/firmware/components/micro_ros_espidf_component/micro_ros_src/install/share/builtin_interfaces/cmake/rosidl_cmake-extras.cmake
-- Installing: /home/proto/MARIO/firmware/components/micro_ros_espidf_component/micro_ros_src/install/share/builtin_interfaces/cmake/ament_cmake_export_include_directories-extras.cmake
-- Installing: /home/proto/MARIO/firmware/components/micro_ros_espidf_component/micro_ros_src/install/share/builtin_interfaces/cmake/ament_cmake_export_libraries-extras.cmake
-- Installing: /home/proto/MARIO/firmware/components/micro_ros_espidf_component/micro_ros_src/install/share/builtin_interfaces/cmake/ament_cmake_export_targets-extras.cmake
-- Installing: /home/proto/MARIO/firmware/components/micro_ros_espidf_component/micro_ros_src/install/share/builtin_interfaces/cmake/rosidl_cmake_export_typesupport_targets-extras.cmake
-- Installing: /home/proto/MARIO/firmware/components/micro_ros_espidf_component/micro_ros_src/install/share/builtin_interfaces/cmake/ament_cmake_export_dependencies-extras.cmake
-- Installing: /home/proto/MARIO/firmware/components/micro_ros_espidf_component/micro_ros_src/install/share/builtin_interfaces/cmake/rosidl_cmake_export_typesupport_libraries-extras.cmake
-- Installing: /home/proto/MARIO/firmware/components/micro_ros_espidf_component/micro_ros_src/install/share/builtin_interfaces/cmake/builtin_interfacesConfig.cmake
-- Installing: /home/proto/MARIO/firmware/components/micro_ros_espidf_component/micro_ros_src/install/share/builtin_interfaces/cmake/builtin_interfacesConfig-version.cmake
-- Installing: /home/proto/MARIO/firmware/components/micro_ros_espidf_component/micro_ros_src/install/share/builtin_interfaces/package.xml
