[0.081s] Invoking command in '/home/proto/MARIO/firmware/components/micro_ros_espidf_component/micro_ros_src/build/microxrcedds_client': CMAKE_PREFIX_PATH=/home/proto/MARIO/firmware/components/micro_ros_espidf_component/micro_ros_src/install:${CMAKE_PREFIX_PATH} PATH=/home/proto/MARIO/firmware/components/micro_ros_espidf_component/micro_ros_src/install/bin:${PATH} PYTHONPATH=/home/proto/MARIO/firmware/components/micro_ros_espidf_component/micro_ros_src/install/lib/python3.10/site-packages:${PYTHONPATH} X_CFLAGS=-mlongcalls -Wno-frame-address X_CXXFLAGS=-mlongcalls -Wno-frame-address /usr/bin/cmake /home/proto/MARIO/firmware/components/micro_ros_espidf_component/micro_ros_src/src/Micro-XRCE-DDS-Client --no-warn-unused-cli -DCMAKE_POSITION_INDEPENDENT_CODE:BOOL=OFF -DTHIRDPARTY=ON -DBUILD_SHARED_LIBS=OFF -DBUILD_TESTING=OFF -DCMAKE_BUILD_TYPE=Release -DCMAKE_TOOLCHAIN_FILE=/home/proto/MARIO/firmware/components/micro_ros_espidf_component/esp32_toolchain.cmake -DCMAKE_VERBOSE_MAKEFILE=OFF -DIDF_INCLUDES=-I/home/proto/esp/esp-idf/components/xtensa/esp32/include -I/home/proto/esp/esp-idf/components/xtensa/include -I/home/proto/esp/esp-idf/components/xtensa/deprecated_include -I/home/proto/esp/esp-idf/components/esp_ringbuf/include -I/home/proto/esp/esp-idf/components/efuse/include -I/home/proto/esp/esp-idf/components/efuse/esp32/include -I/home/proto/esp/esp-idf/components/esp_mm/include -I/home/proto/esp/esp-idf/components/driver/include -I/home/proto/esp/esp-idf/components/driver/deprecated -I/home/proto/esp/esp-idf/components/driver/analog_comparator/include -I/home/proto/esp/esp-idf/components/driver/dac/include -I/home/proto/esp/esp-idf/components/driver/gpio/include -I/home/proto/esp/esp-idf/components/driver/gptimer/include -I/home/proto/esp/esp-idf/components/driver/i2c/include -I/home/proto/esp/esp-idf/components/driver/i2s/include -I/home/proto/esp/esp-idf/components/driver/ledc/include -I/home/proto/esp/esp-idf/components/driver/mcpwm/include -I/home/proto/esp/esp-idf/components/driver/parlio/include -I/home/proto/esp/esp-idf/components/driver/pcnt/include -I/home/proto/esp/esp-idf/components/driver/rmt/include -I/home/proto/esp/esp-idf/components/driver/sdio_slave/include -I/home/proto/esp/esp-idf/components/driver/sdmmc/include -I/home/proto/esp/esp-idf/components/driver/sigma_delta/include -I/home/proto/esp/esp-idf/components/driver/spi/include -I/home/proto/esp/esp-idf/components/driver/temperature_sensor/include -I/home/proto/esp/esp-idf/components/driver/touch_sensor/include -I/home/proto/esp/esp-idf/components/driver/twai/include -I/home/proto/esp/esp-idf/components/driver/uart/include -I/home/proto/esp/esp-idf/components/driver/usb_serial_jtag/include -I/home/proto/esp/esp-idf/components/driver/touch_sensor/esp32/include -I/home/proto/esp/esp-idf/components/esp_pm/include -I/home/proto/esp/esp-idf/components/mbedtls/port/include -I/home/proto/esp/esp-idf/components/mbedtls/mbedtls/include -I/home/proto/esp/esp-idf/components/mbedtls/mbedtls/library -I/home/proto/esp/esp-idf/components/mbedtls/esp_crt_bundle/include -I/home/proto/esp/esp-idf/components/esp_bootloader_format/include -I/home/proto/esp/esp-idf/components/esp_app_format/include -I/home/proto/esp/esp-idf/components/bootloader_support/include -I/home/proto/esp/esp-idf/components/bootloader_support/bootloader_flash/include -I/home/proto/esp/esp-idf/components/esp_partition/include -I/home/proto/esp/esp-idf/components/app_update/include -I/home/proto/esp/esp-idf/components/spi_flash/include -I/home/proto/esp/esp-idf/components/pthread/include -I/home/proto/esp/esp-idf/components/esp_system/include -I/home/proto/esp/esp-idf/components/esp_rom/include -I/home/proto/esp/esp-idf/components/esp_rom/include/esp32 -I/home/proto/esp/esp-idf/components/esp_rom/esp32 -I/home/proto/esp/esp-idf/components/hal/platform_port/include -I/home/proto/esp/esp-idf/components/hal/esp32/include -I/home/proto/esp/esp-idf/components/hal/include -I/home/proto/esp/esp-idf/components/log/include -I/home/proto/esp/esp-idf/components/heap/include -I/home/proto/esp/esp-idf/components/soc/include -I/home/proto/esp/esp-idf/components/soc/esp32 -I/home/proto/esp/esp-idf/components/soc/esp32/include -I/home/proto/esp/esp-idf/components/esp_hw_support/include -I/home/proto/esp/esp-idf/components/esp_hw_support/include/soc -I/home/proto/esp/esp-idf/components/esp_hw_support/include/soc/esp32 -I/home/proto/esp/esp-idf/components/freertos/config/include -I/home/proto/esp/esp-idf/components/freertos/config/include/freertos -I/home/proto/esp/esp-idf/components/freertos/config/xtensa/include -I/home/proto/esp/esp-idf/components/freertos/FreeRTOS-Kernel/include -I/home/proto/esp/esp-idf/components/freertos/FreeRTOS-Kernel/portable/xtensa/include -I/home/proto/esp/esp-idf/components/freertos/FreeRTOS-Kernel/portable/xtensa/include/freertos -I/home/proto/esp/esp-idf/components/freertos/esp_additions/include -I/home/proto/esp/esp-idf/components/newlib/platform_include -I/home/proto/esp/esp-idf/components/esp_common/include -I/home/proto/esp/esp-idf/components/esp_timer/include -I/home/proto/esp/esp-idf/components/app_trace/include -I/home/proto/esp/esp-idf/components/esp_event/include -I/home/proto/esp/esp-idf/components/nvs_flash/include -I/home/proto/esp/esp-idf/components/nvs_flash/../spi_flash/include -I/home/proto/esp/esp-idf/components/esp_phy/include -I/home/proto/esp/esp-idf/components/esp_phy/esp32/include -I/home/proto/esp/esp-idf/components/vfs/include -I/home/proto/esp/esp-idf/components/lwip/include -I/home/proto/esp/esp-idf/components/lwip/include/apps -I/home/proto/esp/esp-idf/components/lwip/include/apps/sntp -I/home/proto/esp/esp-idf/components/lwip/lwip/src/include -I/home/proto/esp/esp-idf/components/lwip/port/include -I/home/proto/esp/esp-idf/components/lwip/port/freertos/include/ -I/home/proto/esp/esp-idf/components/lwip/port/esp32xx/include -I/home/proto/esp/esp-idf/components/lwip/port/esp32xx/include/arch -I/home/proto/esp/esp-idf/components/lwip/port/esp32xx/include/sys -I/home/proto/esp/esp-idf/components/esp_netif/include -I/home/proto/esp/esp-idf/components/wpa_supplicant/include -I/home/proto/esp/esp-idf/components/wpa_supplicant/port/include -I/home/proto/esp/esp-idf/components/wpa_supplicant/esp_supplicant/include -I/home/proto/esp/esp-idf/components/esp_coex/include -I/home/proto/esp/esp-idf/components/esp_wifi/include -I/home/proto/esp/esp-idf/components/esp_wifi/wifi_apps/include -I/home/proto/esp/esp-idf/components/unity/include -I/home/proto/esp/esp-idf/components/unity/unity/src -I/home/proto/esp/esp-idf/components/cmock/CMock/src -I/home/proto/esp/esp-idf/components/console//home/proto/esp/esp-idf/components/console -I/home/proto/esp/esp-idf/components/http_parser/. -I/home/proto/esp/esp-idf/components/esp-tls//home/proto/esp/esp-idf/components/esp-tls -I/home/proto/esp/esp-idf/components/esp-tls/esp-tls-crypto -I/home/proto/esp/esp-idf/components/esp_adc/include -I/home/proto/esp/esp-idf/components/esp_adc/interface -I/home/proto/esp/esp-idf/components/esp_adc/esp32/include -I/home/proto/esp/esp-idf/components/esp_adc/deprecated/include -I/home/proto/esp/esp-idf/components/esp_eth/include -I/home/proto/esp/esp-idf/components/esp_gdbstub/include -I/home/proto/esp/esp-idf/components/esp_hid/include -I/home/proto/esp/esp-idf/components/tcp_transport/include -I/home/proto/esp/esp-idf/components/esp_http_client/include -I/home/proto/esp/esp-idf/components/esp_http_server/include -I/home/proto/esp/esp-idf/components/esp_https_ota/include -I/home/proto/esp/esp-idf/components/esp_psram/include -I/home/proto/esp/esp-idf/components/esp_lcd/include -I/home/proto/esp/esp-idf/components/esp_lcd/interface -I/home/proto/esp/esp-idf/components/protobuf-c/protobuf-c -I/home/proto/esp/esp-idf/components/protocomm/include/common -I/home/proto/esp/esp-idf/components/protocomm/include/security -I/home/proto/esp/esp-idf/components/protocomm/include/transports -I/home/proto/esp/esp-idf/components/protocomm/include/crypto/srp6a -I/home/proto/esp/esp-idf/components/esp_local_ctrl/include -I/home/proto/esp/esp-idf/components/espcoredump/include -I/home/proto/esp/esp-idf/components/espcoredump/include/port/xtensa -I/home/proto/esp/esp-idf/components/wear_levelling/include -I/home/proto/esp/esp-idf/components/sdmmc/include -I/home/proto/esp/esp-idf/components/fatfs/diskio -I/home/proto/esp/esp-idf/components/fatfs/src -I/home/proto/esp/esp-idf/components/fatfs/vfs -I/home/proto/esp/esp-idf/components/idf_test/include -I/home/proto/esp/esp-idf/components/idf_test/include/esp32 -I/home/proto/esp/esp-idf/components/ieee802154/include -I/home/proto/esp/esp-idf/components/json/cJSON -I/home/proto/esp/esp-idf/components/mqtt//home/proto/esp/esp-idf/components/mqtt/esp-mqtt/include -I/home/proto/esp/esp-idf/components/nvs_sec_provider/include -I/home/proto/esp/esp-idf/components/perfmon/include -I/home/proto/esp/esp-idf/components/spiffs/include -I/home/proto/esp/esp-idf/components/wifi_provisioning/include -I/home/proto/MARIO/firmware/components/micro_ros_espidf_component/network_interfaces -DCMAKE_C_STANDARD=17 -DUCLIENT_C_STANDARD=17 -DUCLIENT_ISOLATED_INSTALL=OFF -DUCLIENT_SUPERBUILD=OFF -DUCLIENT_PIC=OFF -DUCLIENT_PROFILE_DISCOVERY=ON -DUCLIENT_PROFILE_UDP=ON -DUCLIENT_PROFILE_CUSTOM_TRANSPORT=ON -DUCLIENT_PROFILE_SERIAL=OFF -DUCLIENT_PROFILE_TCP=OFF -DUCLIENT_MIN_HEARTBEAT_TIME_INTERVAL=1 -DCMAKE_INSTALL_PREFIX=/home/proto/MARIO/firmware/components/micro_ros_espidf_component/micro_ros_src/install
[0.088s] Not searching for unused variables given on the command line.
[0.125s] -- The C compiler identification is GNU 13.2.0
[0.188s] -- Detecting C compiler ABI info
[0.291s] -- Detecting C compiler ABI info - done
[0.292s] -- Check for working C compiler: /home/proto/.espressif/tools/xtensa-esp-elf/esp-13.2.0_20230928/xtensa-esp-elf/bin/xtensa-esp32-elf-gcc - skipped
[0.292s] -- Detecting C compile features
[0.292s] -- Detecting C compile features - done
[0.292s] -- Configuring done
[0.292s] -- Generating done
[0.292s] -- Build files have been written to: /home/proto/MARIO/firmware/components/micro_ros_espidf_component/micro_ros_src/build/microxrcedds_client
[0.293s] Invoked command in '/home/proto/MARIO/firmware/components/micro_ros_espidf_component/micro_ros_src/build/microxrcedds_client' returned '0': CMAKE_PREFIX_PATH=/home/proto/MARIO/firmware/components/micro_ros_espidf_component/micro_ros_src/install:${CMAKE_PREFIX_PATH} PATH=/home/proto/MARIO/firmware/components/micro_ros_espidf_component/micro_ros_src/install/bin:${PATH} PYTHONPATH=/home/proto/MARIO/firmware/components/micro_ros_espidf_component/micro_ros_src/install/lib/python3.10/site-packages:${PYTHONPATH} X_CFLAGS=-mlongcalls -Wno-frame-address X_CXXFLAGS=-mlongcalls -Wno-frame-address /usr/bin/cmake /home/proto/MARIO/firmware/components/micro_ros_espidf_component/micro_ros_src/src/Micro-XRCE-DDS-Client --no-warn-unused-cli -DCMAKE_POSITION_INDEPENDENT_CODE:BOOL=OFF -DTHIRDPARTY=ON -DBUILD_SHARED_LIBS=OFF -DBUILD_TESTING=OFF -DCMAKE_BUILD_TYPE=Release -DCMAKE_TOOLCHAIN_FILE=/home/proto/MARIO/firmware/components/micro_ros_espidf_component/esp32_toolchain.cmake -DCMAKE_VERBOSE_MAKEFILE=OFF -DIDF_INCLUDES=-I/home/proto/esp/esp-idf/components/xtensa/esp32/include -I/home/proto/esp/esp-idf/components/xtensa/include -I/home/proto/esp/esp-idf/components/xtensa/deprecated_include -I/home/proto/esp/esp-idf/components/esp_ringbuf/include -I/home/proto/esp/esp-idf/components/efuse/include -I/home/proto/esp/esp-idf/components/efuse/esp32/include -I/home/proto/esp/esp-idf/components/esp_mm/include -I/home/proto/esp/esp-idf/components/driver/include -I/home/proto/esp/esp-idf/components/driver/deprecated -I/home/proto/esp/esp-idf/components/driver/analog_comparator/include -I/home/proto/esp/esp-idf/components/driver/dac/include -I/home/proto/esp/esp-idf/components/driver/gpio/include -I/home/proto/esp/esp-idf/components/driver/gptimer/include -I/home/proto/esp/esp-idf/components/driver/i2c/include -I/home/proto/esp/esp-idf/components/driver/i2s/include -I/home/proto/esp/esp-idf/components/driver/ledc/include -I/home/proto/esp/esp-idf/components/driver/mcpwm/include -I/home/proto/esp/esp-idf/components/driver/parlio/include -I/home/proto/esp/esp-idf/components/driver/pcnt/include -I/home/proto/esp/esp-idf/components/driver/rmt/include -I/home/proto/esp/esp-idf/components/driver/sdio_slave/include -I/home/proto/esp/esp-idf/components/driver/sdmmc/include -I/home/proto/esp/esp-idf/components/driver/sigma_delta/include -I/home/proto/esp/esp-idf/components/driver/spi/include -I/home/proto/esp/esp-idf/components/driver/temperature_sensor/include -I/home/proto/esp/esp-idf/components/driver/touch_sensor/include -I/home/proto/esp/esp-idf/components/driver/twai/include -I/home/proto/esp/esp-idf/components/driver/uart/include -I/home/proto/esp/esp-idf/components/driver/usb_serial_jtag/include -I/home/proto/esp/esp-idf/components/driver/touch_sensor/esp32/include -I/home/proto/esp/esp-idf/components/esp_pm/include -I/home/proto/esp/esp-idf/components/mbedtls/port/include -I/home/proto/esp/esp-idf/components/mbedtls/mbedtls/include -I/home/proto/esp/esp-idf/components/mbedtls/mbedtls/library -I/home/proto/esp/esp-idf/components/mbedtls/esp_crt_bundle/include -I/home/proto/esp/esp-idf/components/esp_bootloader_format/include -I/home/proto/esp/esp-idf/components/esp_app_format/include -I/home/proto/esp/esp-idf/components/bootloader_support/include -I/home/proto/esp/esp-idf/components/bootloader_support/bootloader_flash/include -I/home/proto/esp/esp-idf/components/esp_partition/include -I/home/proto/esp/esp-idf/components/app_update/include -I/home/proto/esp/esp-idf/components/spi_flash/include -I/home/proto/esp/esp-idf/components/pthread/include -I/home/proto/esp/esp-idf/components/esp_system/include -I/home/proto/esp/esp-idf/components/esp_rom/include -I/home/proto/esp/esp-idf/components/esp_rom/include/esp32 -I/home/proto/esp/esp-idf/components/esp_rom/esp32 -I/home/proto/esp/esp-idf/components/hal/platform_port/include -I/home/proto/esp/esp-idf/components/hal/esp32/include -I/home/proto/esp/esp-idf/components/hal/include -I/home/proto/esp/esp-idf/components/log/include -I/home/proto/esp/esp-idf/components/heap/include -I/home/proto/esp/esp-idf/components/soc/include -I/home/proto/esp/esp-idf/components/soc/esp32 -I/home/proto/esp/esp-idf/components/soc/esp32/include -I/home/proto/esp/esp-idf/components/esp_hw_support/include -I/home/proto/esp/esp-idf/components/esp_hw_support/include/soc -I/home/proto/esp/esp-idf/components/esp_hw_support/include/soc/esp32 -I/home/proto/esp/esp-idf/components/freertos/config/include -I/home/proto/esp/esp-idf/components/freertos/config/include/freertos -I/home/proto/esp/esp-idf/components/freertos/config/xtensa/include -I/home/proto/esp/esp-idf/components/freertos/FreeRTOS-Kernel/include -I/home/proto/esp/esp-idf/components/freertos/FreeRTOS-Kernel/portable/xtensa/include -I/home/proto/esp/esp-idf/components/freertos/FreeRTOS-Kernel/portable/xtensa/include/freertos -I/home/proto/esp/esp-idf/components/freertos/esp_additions/include -I/home/proto/esp/esp-idf/components/newlib/platform_include -I/home/proto/esp/esp-idf/components/esp_common/include -I/home/proto/esp/esp-idf/components/esp_timer/include -I/home/proto/esp/esp-idf/components/app_trace/include -I/home/proto/esp/esp-idf/components/esp_event/include -I/home/proto/esp/esp-idf/components/nvs_flash/include -I/home/proto/esp/esp-idf/components/nvs_flash/../spi_flash/include -I/home/proto/esp/esp-idf/components/esp_phy/include -I/home/proto/esp/esp-idf/components/esp_phy/esp32/include -I/home/proto/esp/esp-idf/components/vfs/include -I/home/proto/esp/esp-idf/components/lwip/include -I/home/proto/esp/esp-idf/components/lwip/include/apps -I/home/proto/esp/esp-idf/components/lwip/include/apps/sntp -I/home/proto/esp/esp-idf/components/lwip/lwip/src/include -I/home/proto/esp/esp-idf/components/lwip/port/include -I/home/proto/esp/esp-idf/components/lwip/port/freertos/include/ -I/home/proto/esp/esp-idf/components/lwip/port/esp32xx/include -I/home/proto/esp/esp-idf/components/lwip/port/esp32xx/include/arch -I/home/proto/esp/esp-idf/components/lwip/port/esp32xx/include/sys -I/home/proto/esp/esp-idf/components/esp_netif/include -I/home/proto/esp/esp-idf/components/wpa_supplicant/include -I/home/proto/esp/esp-idf/components/wpa_supplicant/port/include -I/home/proto/esp/esp-idf/components/wpa_supplicant/esp_supplicant/include -I/home/proto/esp/esp-idf/components/esp_coex/include -I/home/proto/esp/esp-idf/components/esp_wifi/include -I/home/proto/esp/esp-idf/components/esp_wifi/wifi_apps/include -I/home/proto/esp/esp-idf/components/unity/include -I/home/proto/esp/esp-idf/components/unity/unity/src -I/home/proto/esp/esp-idf/components/cmock/CMock/src -I/home/proto/esp/esp-idf/components/console//home/proto/esp/esp-idf/components/console -I/home/proto/esp/esp-idf/components/http_parser/. -I/home/proto/esp/esp-idf/components/esp-tls//home/proto/esp/esp-idf/components/esp-tls -I/home/proto/esp/esp-idf/components/esp-tls/esp-tls-crypto -I/home/proto/esp/esp-idf/components/esp_adc/include -I/home/proto/esp/esp-idf/components/esp_adc/interface -I/home/proto/esp/esp-idf/components/esp_adc/esp32/include -I/home/proto/esp/esp-idf/components/esp_adc/deprecated/include -I/home/proto/esp/esp-idf/components/esp_eth/include -I/home/proto/esp/esp-idf/components/esp_gdbstub/include -I/home/proto/esp/esp-idf/components/esp_hid/include -I/home/proto/esp/esp-idf/components/tcp_transport/include -I/home/proto/esp/esp-idf/components/esp_http_client/include -I/home/proto/esp/esp-idf/components/esp_http_server/include -I/home/proto/esp/esp-idf/components/esp_https_ota/include -I/home/proto/esp/esp-idf/components/esp_psram/include -I/home/proto/esp/esp-idf/components/esp_lcd/include -I/home/proto/esp/esp-idf/components/esp_lcd/interface -I/home/proto/esp/esp-idf/components/protobuf-c/protobuf-c -I/home/proto/esp/esp-idf/components/protocomm/include/common -I/home/proto/esp/esp-idf/components/protocomm/include/security -I/home/proto/esp/esp-idf/components/protocomm/include/transports -I/home/proto/esp/esp-idf/components/protocomm/include/crypto/srp6a -I/home/proto/esp/esp-idf/components/esp_local_ctrl/include -I/home/proto/esp/esp-idf/components/espcoredump/include -I/home/proto/esp/esp-idf/components/espcoredump/include/port/xtensa -I/home/proto/esp/esp-idf/components/wear_levelling/include -I/home/proto/esp/esp-idf/components/sdmmc/include -I/home/proto/esp/esp-idf/components/fatfs/diskio -I/home/proto/esp/esp-idf/components/fatfs/src -I/home/proto/esp/esp-idf/components/fatfs/vfs -I/home/proto/esp/esp-idf/components/idf_test/include -I/home/proto/esp/esp-idf/components/idf_test/include/esp32 -I/home/proto/esp/esp-idf/components/ieee802154/include -I/home/proto/esp/esp-idf/components/json/cJSON -I/home/proto/esp/esp-idf/components/mqtt//home/proto/esp/esp-idf/components/mqtt/esp-mqtt/include -I/home/proto/esp/esp-idf/components/nvs_sec_provider/include -I/home/proto/esp/esp-idf/components/perfmon/include -I/home/proto/esp/esp-idf/components/spiffs/include -I/home/proto/esp/esp-idf/components/wifi_provisioning/include -I/home/proto/MARIO/firmware/components/micro_ros_espidf_component/network_interfaces -DCMAKE_C_STANDARD=17 -DUCLIENT_C_STANDARD=17 -DUCLIENT_ISOLATED_INSTALL=OFF -DUCLIENT_SUPERBUILD=OFF -DUCLIENT_PIC=OFF -DUCLIENT_PROFILE_DISCOVERY=ON -DUCLIENT_PROFILE_UDP=ON -DUCLIENT_PROFILE_CUSTOM_TRANSPORT=ON -DUCLIENT_PROFILE_SERIAL=OFF -DUCLIENT_PROFILE_TCP=OFF -DUCLIENT_MIN_HEARTBEAT_TIME_INTERVAL=1 -DCMAKE_INSTALL_PREFIX=/home/proto/MARIO/firmware/components/micro_ros_espidf_component/micro_ros_src/install
[0.295s] Invoking command in '/home/proto/MARIO/firmware/components/micro_ros_espidf_component/micro_ros_src/build/microxrcedds_client': CMAKE_PREFIX_PATH=/home/proto/MARIO/firmware/components/micro_ros_espidf_component/micro_ros_src/install:${CMAKE_PREFIX_PATH} PATH=/home/proto/MARIO/firmware/components/micro_ros_espidf_component/micro_ros_src/install/bin:${PATH} PYTHONPATH=/home/proto/MARIO/firmware/components/micro_ros_espidf_component/micro_ros_src/install/lib/python3.10/site-packages:${PYTHONPATH} X_CFLAGS=-mlongcalls -Wno-frame-address X_CXXFLAGS=-mlongcalls -Wno-frame-address /usr/bin/cmake --build /home/proto/MARIO/firmware/components/micro_ros_espidf_component/micro_ros_src/build/microxrcedds_client
[0.303s] gmake[1]: Entering directory '/home/proto/MARIO/firmware/components/micro_ros_espidf_component/micro_ros_src/build/microxrcedds_client'
[0.320s] gmake[2]: Entering directory '/home/proto/MARIO/firmware/components/micro_ros_espidf_component/micro_ros_src/build/microxrcedds_client'
[0.322s] gmake[3]: Entering directory '/home/proto/MARIO/firmware/components/micro_ros_espidf_component/micro_ros_src/build/microxrcedds_client'
[0.329s] gmake[3]: Leaving directory '/home/proto/MARIO/firmware/components/micro_ros_espidf_component/micro_ros_src/build/microxrcedds_client'
[0.331s] gmake[3]: Entering directory '/home/proto/MARIO/firmware/components/micro_ros_espidf_component/micro_ros_src/build/microxrcedds_client'
[0.340s] [  3%] Building C object CMakeFiles/microxrcedds_client.dir/src/c/core/session/stream/input_best_effort_stream.c.obj
[0.342s] [  6%] Building C object CMakeFiles/microxrcedds_client.dir/src/c/core/session/stream/output_best_effort_stream.c.obj
[0.342s] [ 10%] Building C object CMakeFiles/microxrcedds_client.dir/src/c/core/session/stream/output_reliable_stream.c.obj
[0.347s] [ 13%] Building C object CMakeFiles/microxrcedds_client.dir/src/c/core/session/stream/input_reliable_stream.c.obj
[0.349s] [ 20%] Building C object CMakeFiles/microxrcedds_client.dir/src/c/core/session/stream/seq_num.c.obj
[0.349s] [ 20%] Building C object CMakeFiles/microxrcedds_client.dir/src/c/core/session/stream/stream_storage.c.obj
[0.354s] [ 23%] Building C object CMakeFiles/microxrcedds_client.dir/src/c/core/session/stream/stream_id.c.obj
[0.355s] [ 26%] Building C object CMakeFiles/microxrcedds_client.dir/src/c/core/session/session.c.obj
[0.362s] [ 30%] Building C object CMakeFiles/microxrcedds_client.dir/src/c/core/session/session_info.c.obj
[0.377s] [ 33%] Building C object CMakeFiles/microxrcedds_client.dir/src/c/core/session/submessage.c.obj
[0.387s] [ 36%] Building C object CMakeFiles/microxrcedds_client.dir/src/c/core/session/object_id.c.obj
[0.400s] [ 40%] Building C object CMakeFiles/microxrcedds_client.dir/src/c/core/serialization/xrce_types.c.obj
[0.418s] [ 43%] Building C object CMakeFiles/microxrcedds_client.dir/src/c/core/serialization/xrce_header.c.obj
[0.451s] [ 46%] Building C object CMakeFiles/microxrcedds_client.dir/src/c/core/serialization/xrce_subheader.c.obj
[0.462s] [ 50%] Building C object CMakeFiles/microxrcedds_client.dir/src/c/util/time.c.obj
[0.470s] [ 53%] Building C object CMakeFiles/microxrcedds_client.dir/src/c/util/ping.c.obj
[0.479s] [ 56%] Building C object CMakeFiles/microxrcedds_client.dir/src/c/core/session/common_create_entities.c.obj
[0.520s] [ 60%] Building C object CMakeFiles/microxrcedds_client.dir/src/c/core/session/create_entities_ref.c.obj
[0.521s] [ 63%] Building C object CMakeFiles/microxrcedds_client.dir/src/c/core/session/create_entities_xml.c.obj
[0.530s] [ 66%] Building C object CMakeFiles/microxrcedds_client.dir/src/c/core/session/create_entities_bin.c.obj
[0.533s] In file included from /home/proto/MARIO/firmware/components/micro_ros_espidf_component/micro_ros_src/src/Micro-XRCE-DDS-Client/src/c/util/time.c:3:
[0.533s] /home/proto/esp/esp-idf/components/newlib/platform_include/time.h:11:2: warning: #include_next is a GCC extension
[0.533s]    11 | #include_next <time.h>
[0.533s]       |  ^~~~~~~~~~~~
[0.540s] [ 70%] Building C object CMakeFiles/microxrcedds_client.dir/src/c/core/session/read_access.c.obj
[0.606s] [ 73%] Building C object CMakeFiles/microxrcedds_client.dir/src/c/profile/transport/stream_framing/stream_framing_protocol.c.obj
[0.606s] [ 76%] Building C object CMakeFiles/microxrcedds_client.dir/src/c/core/session/write_access.c.obj
[0.629s] [ 80%] Building C object CMakeFiles/microxrcedds_client.dir/src/c/profile/transport/ip/udp/udp_transport.c.obj
[0.629s] [ 83%] Building C object CMakeFiles/microxrcedds_client.dir/src/c/profile/transport/ip/udp/udp_transport_posix_nopoll.c.obj
[0.633s] [ 86%] Building C object CMakeFiles/microxrcedds_client.dir/src/c/profile/discovery/discovery.c.obj
[0.646s] [ 90%] Building C object CMakeFiles/microxrcedds_client.dir/src/c/profile/transport/ip/ip_posix.c.obj
[0.651s] [ 93%] Building C object CMakeFiles/microxrcedds_client.dir/src/c/profile/discovery/transport/udp_transport_datagram_posix_nopoll.c.obj
[0.661s] [ 96%] Building C object CMakeFiles/microxrcedds_client.dir/src/c/profile/transport/custom/custom_transport.c.obj
[0.701s] In file included from /home/proto/esp/esp-idf/components/lwip/port/esp32xx/include/sys/socket.h:15,
[0.701s]                  from /home/proto/MARIO/firmware/components/micro_ros_espidf_component/micro_ros_src/src/Micro-XRCE-DDS-Client/src/c/profile/transport/ip/udp/udp_transport_posix_nopoll.c:5:
[0.701s] /home/proto/esp/esp-idf/components/lwip/include/lwip/sockets.h:8:2: warning: #include_next is a GCC extension
[0.701s]     8 | #include_next "lwip/sockets.h"
[0.702s]       |  ^~~~~~~~~~~~
[0.829s] In file included from /home/proto/esp/esp-idf/components/lwip/port/esp32xx/include/sys/socket.h:15,
[0.829s]                  from /home/proto/MARIO/firmware/components/micro_ros_espidf_component/micro_ros_src/src/Micro-XRCE-DDS-Client/src/c/profile/discovery/transport/udp_transport_datagram_posix_nopoll.c:4:
[0.829s] /home/proto/esp/esp-idf/components/lwip/include/lwip/sockets.h:8:2: warning: #include_next is a GCC extension
[0.829s]     8 | #include_next "lwip/sockets.h"
[0.829s]       |  ^~~~~~~~~~~~
[0.829s] In file included from /home/proto/esp/esp-idf/components/freertos/FreeRTOS-Kernel/portable/xtensa/include/freertos/portmacro.h:49,
[0.829s]                  from /home/proto/esp/esp-idf/components/freertos/FreeRTOS-Kernel/include/freertos/portable.h:57,
[0.829s]                  from /home/proto/esp/esp-idf/components/freertos/FreeRTOS-Kernel/include/freertos/FreeRTOS.h:69,
[0.830s]                  from /home/proto/esp/esp-idf/components/esp_system/include/esp_task.h:24,
[0.830s]                  from /home/proto/esp/esp-idf/components/lwip/port/include/lwipopts.h:20,
[0.830s]                  from /home/proto/esp/esp-idf/components/lwip/lwip/src/include/lwip/opt.h:51,
[0.830s]                  from /home/proto/esp/esp-idf/components/lwip/lwip/src/include/lwip/sockets.h:42,
[0.830s]                  from /home/proto/esp/esp-idf/components/lwip/include/lwip/sockets.h:8:
[0.830s] /home/proto/esp/esp-idf/components/esp_hw_support/include/spinlock.h: In function 'spinlock_acquire':
[0.830s] /home/proto/esp/esp-idf/components/esp_hw_support/include/spinlock.h:135:94: warning: comparison of integer expressions of different signedness: 'esp_cpu_cycle_count_t' {aka 'long unsigned int'} and 'int32_t' {aka 'long int'} [-Wsign-compare]
[0.830s]   135 |     } while ((timeout == SPINLOCK_WAIT_FOREVER) || (esp_cpu_get_cycle_count() - start_count) <= timeout);
[0.830s]       |                                                                                              ^~
[0.830s] In file included from /home/proto/esp/esp-idf/components/freertos/FreeRTOS-Kernel/portable/xtensa/include/freertos/portmacro.h:49,
[0.830s]                  from /home/proto/esp/esp-idf/components/freertos/FreeRTOS-Kernel/include/freertos/portable.h:57,
[0.830s]                  from /home/proto/esp/esp-idf/components/freertos/FreeRTOS-Kernel/include/freertos/FreeRTOS.h:69,
[0.830s]                  from /home/proto/esp/esp-idf/components/esp_system/include/esp_task.h:24,
[0.830s]                  from /home/proto/esp/esp-idf/components/lwip/port/include/lwipopts.h:20,
[0.830s]                  from /home/proto/esp/esp-idf/components/lwip/lwip/src/include/lwip/opt.h:51,
[0.830s]                  from /home/proto/esp/esp-idf/components/lwip/lwip/src/include/lwip/sockets.h:42,
[0.830s]                  from /home/proto/esp/esp-idf/components/lwip/include/lwip/sockets.h:8:
[0.831s] /home/proto/esp/esp-idf/components/esp_hw_support/include/spinlock.h: In function 'spinlock_acquire':
[0.831s] /home/proto/esp/esp-idf/components/esp_hw_support/include/spinlock.h:135:94: warning: comparison of integer expressions of different signedness: 'esp_cpu_cycle_count_t' {aka 'long unsigned int'} and 'int32_t' {aka 'long int'} [-Wsign-compare]
[0.831s]   135 |     } while ((timeout == SPINLOCK_WAIT_FOREVER) || (esp_cpu_get_cycle_count() - start_count) <= timeout);
[0.831s]       |                                                                                              ^~
[0.831s] In file included from /home/proto/esp/esp-idf/components/freertos/FreeRTOS-Kernel/portable/xtensa/include/freertos/portmacro.h:49,
[0.831s]                  from /home/proto/esp/esp-idf/components/freertos/FreeRTOS-Kernel/include/freertos/portable.h:57,
[0.831s]                  from /home/proto/esp/esp-idf/components/freertos/FreeRTOS-Kernel/include/freertos/FreeRTOS.h:69,
[0.831s]                  from /home/proto/esp/esp-idf/components/esp_system/include/esp_task.h:24,
[0.831s]                  from /home/proto/esp/esp-idf/components/lwip/port/include/lwipopts.h:20,
[0.831s]                  from /home/proto/esp/esp-idf/components/lwip/lwip/src/include/lwip/opt.h:51,
[0.831s]                  from /home/proto/esp/esp-idf/components/lwip/lwip/src/include/lwip/inet.h:43,
[0.831s]                  from /home/proto/esp/esp-idf/components/lwip/port/include/arpa/inet.h:10,
[0.831s]                  from /home/proto/MARIO/firmware/components/micro_ros_espidf_component/micro_ros_src/src/Micro-XRCE-DDS-Client/src/c/profile/transport/ip/ip_posix.c:18:
[0.831s] /home/proto/esp/esp-idf/components/esp_hw_support/include/spinlock.h: In function 'spinlock_acquire':
[0.831s] /home/proto/esp/esp-idf/components/esp_hw_support/include/spinlock.h:135:94: warning: comparison of integer expressions of different signedness: 'esp_cpu_cycle_count_t' {aka 'long unsigned int'} and 'int32_t' {aka 'long int'} [-Wsign-compare]
[0.832s]   135 |     } while ((timeout == SPINLOCK_WAIT_FOREVER) || (esp_cpu_get_cycle_count() - start_count) <= timeout);
[0.832s]       |                                                                                              ^~
[0.832s] In file included from /home/proto/esp/esp-idf/components/lwip/port/esp32xx/include/arch/cc.h:12,
[0.832s]                  from /home/proto/esp/esp-idf/components/lwip/lwip/src/include/lwip/arch.h:48,
[0.832s]                  from /home/proto/esp/esp-idf/components/lwip/lwip/src/include/lwip/debug.h:40,
[0.832s]                  from /home/proto/esp/esp-idf/components/lwip/lwip/src/include/lwip/opt.h:52:
[0.832s] /home/proto/esp/esp-idf/components/newlib/platform_include/errno.h: At top level:
[0.832s] /home/proto/esp/esp-idf/components/newlib/platform_include/errno.h:10:2: warning: #include_next is a GCC extension
[0.832s]    10 | #include_next "errno.h"
[0.832s]       |  ^~~~~~~~~~~~
[0.832s] In file included from /home/proto/esp/esp-idf/components/lwip/port/esp32xx/include/arch/cc.h:12,
[0.832s]                  from /home/proto/esp/esp-idf/components/lwip/lwip/src/include/lwip/arch.h:48,
[0.832s]                  from /home/proto/esp/esp-idf/components/lwip/lwip/src/include/lwip/debug.h:40,
[0.832s]                  from /home/proto/esp/esp-idf/components/lwip/lwip/src/include/lwip/opt.h:52:
[0.832s] /home/proto/esp/esp-idf/components/newlib/platform_include/errno.h: At top level:
[0.832s] /home/proto/esp/esp-idf/components/newlib/platform_include/errno.h:10:2: warning: #include_next is a GCC extension
[0.832s]    10 | #include_next "errno.h"
[0.833s]       |  ^~~~~~~~~~~~
[0.833s] In file included from /home/proto/esp/esp-idf/components/lwip/port/esp32xx/include/arch/cc.h:12,
[0.833s]                  from /home/proto/esp/esp-idf/components/lwip/lwip/src/include/lwip/arch.h:48,
[0.833s]                  from /home/proto/esp/esp-idf/components/lwip/lwip/src/include/lwip/debug.h:40,
[0.834s]                  from /home/proto/esp/esp-idf/components/lwip/lwip/src/include/lwip/opt.h:52:
[0.834s] /home/proto/esp/esp-idf/components/newlib/platform_include/errno.h: At top level:
[0.834s] /home/proto/esp/esp-idf/components/newlib/platform_include/errno.h:10:2: warning: #include_next is a GCC extension
[0.834s]    10 | #include_next "errno.h"
[0.834s]       |  ^~~~~~~~~~~~
[0.925s] In file included from /home/proto/esp/esp-idf/components/lwip/port/esp32xx/include/sys/socket.h:15,
[0.926s]                  from /home/proto/MARIO/firmware/components/micro_ros_espidf_component/micro_ros_src/src/Micro-XRCE-DDS-Client/src/c/profile/transport/ip/ip_posix.c:20:
[0.926s] /home/proto/esp/esp-idf/components/lwip/include/lwip/sockets.h:8:2: warning: #include_next is a GCC extension
[0.926s]     8 | #include_next "lwip/sockets.h"
[0.926s]       |  ^~~~~~~~~~~~
[0.926s] In file included from /home/proto/esp/esp-idf/components/lwip/port/include/netdb.h:14,
[0.926s]                  from /home/proto/MARIO/firmware/components/micro_ros_espidf_component/micro_ros_src/src/Micro-XRCE-DDS-Client/src/c/profile/discovery/transport/udp_transport_datagram_posix_nopoll.c:5:
[0.926s] /home/proto/esp/esp-idf/components/lwip/include/lwip/netdb.h:9:2: warning: #include_next is a GCC extension
[0.926s]     9 | #include_next "lwip/netdb.h"
[0.927s]       |  ^~~~~~~~~~~~
[0.927s] In file included from /home/proto/MARIO/firmware/components/micro_ros_espidf_component/micro_ros_src/src/Micro-XRCE-DDS-Client/src/c/profile/transport/ip/udp/udp_transport_posix_nopoll.c:6:
[0.927s] /home/proto/esp/esp-idf/components/newlib/platform_include/sys/time.h:21:2: warning: #include_next is a GCC extension
[0.927s]    21 | #include_next <sys/time.h>
[0.927s]       |  ^~~~~~~~~~~~
[0.927s] In file included from /home/proto/esp/esp-idf/components/lwip/port/include/netdb.h:14,
[0.927s]                  from /home/proto/MARIO/firmware/components/micro_ros_espidf_component/micro_ros_src/src/Micro-XRCE-DDS-Client/src/c/profile/transport/ip/udp/udp_transport_posix_nopoll.c:7:
[0.927s] /home/proto/esp/esp-idf/components/lwip/include/lwip/netdb.h:9:2: warning: #include_next is a GCC extension
[0.927s]     9 | #include_next "lwip/netdb.h"
[0.927s]       |  ^~~~~~~~~~~~
[1.443s] [100%] Linking C static library libmicroxrcedds_client.a
[1.472s] gmake[3]: Leaving directory '/home/proto/MARIO/firmware/components/micro_ros_espidf_component/micro_ros_src/build/microxrcedds_client'
[1.478s] [100%] Built target microxrcedds_client
[1.479s] gmake[2]: Leaving directory '/home/proto/MARIO/firmware/components/micro_ros_espidf_component/micro_ros_src/build/microxrcedds_client'
[1.486s] gmake[1]: Leaving directory '/home/proto/MARIO/firmware/components/micro_ros_espidf_component/micro_ros_src/build/microxrcedds_client'
[1.487s] Invoked command in '/home/proto/MARIO/firmware/components/micro_ros_espidf_component/micro_ros_src/build/microxrcedds_client' returned '0': CMAKE_PREFIX_PATH=/home/proto/MARIO/firmware/components/micro_ros_espidf_component/micro_ros_src/install:${CMAKE_PREFIX_PATH} PATH=/home/proto/MARIO/firmware/components/micro_ros_espidf_component/micro_ros_src/install/bin:${PATH} PYTHONPATH=/home/proto/MARIO/firmware/components/micro_ros_espidf_component/micro_ros_src/install/lib/python3.10/site-packages:${PYTHONPATH} X_CFLAGS=-mlongcalls -Wno-frame-address X_CXXFLAGS=-mlongcalls -Wno-frame-address /usr/bin/cmake --build /home/proto/MARIO/firmware/components/micro_ros_espidf_component/micro_ros_src/build/microxrcedds_client
[1.554s] Invoking command in '/home/proto/MARIO/firmware/components/micro_ros_espidf_component/micro_ros_src/build/microxrcedds_client': CMAKE_PREFIX_PATH=/home/proto/MARIO/firmware/components/micro_ros_espidf_component/micro_ros_src/install:${CMAKE_PREFIX_PATH} PATH=/home/proto/MARIO/firmware/components/micro_ros_espidf_component/micro_ros_src/install/bin:${PATH} PYTHONPATH=/home/proto/MARIO/firmware/components/micro_ros_espidf_component/micro_ros_src/install/lib/python3.10/site-packages:${PYTHONPATH} X_CFLAGS=-mlongcalls -Wno-frame-address X_CXXFLAGS=-mlongcalls -Wno-frame-address /usr/bin/cmake --install /home/proto/MARIO/firmware/components/micro_ros_espidf_component/micro_ros_src/build/microxrcedds_client
[1.559s] -- Install configuration: "Release"
[1.559s] -- Installing: /home/proto/MARIO/firmware/components/micro_ros_espidf_component/micro_ros_src/install/lib/libmicroxrcedds_client.a
[1.560s] -- Installing: /home/proto/MARIO/firmware/components/micro_ros_espidf_component/micro_ros_src/install/include/uxr/client
[1.560s] -- Installing: /home/proto/MARIO/firmware/components/micro_ros_espidf_component/micro_ros_src/install/include/uxr/client/profile
[1.560s] -- Installing: /home/proto/MARIO/firmware/components/micro_ros_espidf_component/micro_ros_src/install/include/uxr/client/profile/discovery
[1.560s] -- Installing: /home/proto/MARIO/firmware/components/micro_ros_espidf_component/micro_ros_src/install/include/uxr/client/profile/discovery/discovery.h
[1.561s] -- Installing: /home/proto/MARIO/firmware/components/micro_ros_espidf_component/micro_ros_src/install/include/uxr/client/profile/multithread
[1.561s] -- Installing: /home/proto/MARIO/firmware/components/micro_ros_espidf_component/micro_ros_src/install/include/uxr/client/profile/multithread/multithread.h
[1.561s] -- Installing: /home/proto/MARIO/firmware/components/micro_ros_espidf_component/micro_ros_src/install/include/uxr/client/profile/transport
[1.561s] -- Installing: /home/proto/MARIO/firmware/components/micro_ros_espidf_component/micro_ros_src/install/include/uxr/client/profile/transport/serial
[1.561s] -- Installing: /home/proto/MARIO/firmware/components/micro_ros_espidf_component/micro_ros_src/install/include/uxr/client/profile/transport/serial/serial_transport_platform.h
[1.561s] -- Installing: /home/proto/MARIO/firmware/components/micro_ros_espidf_component/micro_ros_src/install/include/uxr/client/profile/transport/serial/serial_transport.h
[1.561s] -- Installing: /home/proto/MARIO/firmware/components/micro_ros_espidf_component/micro_ros_src/install/include/uxr/client/profile/transport/serial/serial_transport_posix.h
[1.561s] -- Installing: /home/proto/MARIO/firmware/components/micro_ros_espidf_component/micro_ros_src/install/include/uxr/client/profile/transport/serial/serial_transport_rtems_bsd_net.h
[1.561s] -- Installing: /home/proto/MARIO/firmware/components/micro_ros_espidf_component/micro_ros_src/install/include/uxr/client/profile/transport/stream_framing
[1.561s] -- Installing: /home/proto/MARIO/firmware/components/micro_ros_espidf_component/micro_ros_src/install/include/uxr/client/profile/transport/stream_framing/stream_framing_protocol.h
[1.562s] -- Installing: /home/proto/MARIO/firmware/components/micro_ros_espidf_component/micro_ros_src/install/include/uxr/client/profile/transport/custom
[1.562s] -- Installing: /home/proto/MARIO/firmware/components/micro_ros_espidf_component/micro_ros_src/install/include/uxr/client/profile/transport/custom/custom_transport.h
[1.562s] -- Installing: /home/proto/MARIO/firmware/components/micro_ros_espidf_component/micro_ros_src/install/include/uxr/client/profile/transport/can
[1.562s] -- Installing: /home/proto/MARIO/firmware/components/micro_ros_espidf_component/micro_ros_src/install/include/uxr/client/profile/transport/can/can_transport_posix.h
[1.562s] -- Installing: /home/proto/MARIO/firmware/components/micro_ros_espidf_component/micro_ros_src/install/include/uxr/client/profile/transport/can/can_transport.h
[1.562s] -- Installing: /home/proto/MARIO/firmware/components/micro_ros_espidf_component/micro_ros_src/install/include/uxr/client/profile/transport/ip
[1.562s] -- Installing: /home/proto/MARIO/firmware/components/micro_ros_espidf_component/micro_ros_src/install/include/uxr/client/profile/transport/ip/ip.h
[1.562s] -- Installing: /home/proto/MARIO/firmware/components/micro_ros_espidf_component/micro_ros_src/install/include/uxr/client/profile/transport/ip/tcp
[1.562s] -- Installing: /home/proto/MARIO/firmware/components/micro_ros_espidf_component/micro_ros_src/install/include/uxr/client/profile/transport/ip/tcp/tcp_transport.h
[1.562s] -- Installing: /home/proto/MARIO/firmware/components/micro_ros_espidf_component/micro_ros_src/install/include/uxr/client/profile/transport/ip/tcp/tcp_transport_windows.h
[1.563s] -- Installing: /home/proto/MARIO/firmware/components/micro_ros_espidf_component/micro_ros_src/install/include/uxr/client/profile/transport/ip/tcp/tcp_transport_posix.h
[1.563s] -- Installing: /home/proto/MARIO/firmware/components/micro_ros_espidf_component/micro_ros_src/install/include/uxr/client/profile/transport/ip/tcp/tcp_transport_freertos_plus_tcp.h
[1.563s] -- Installing: /home/proto/MARIO/firmware/components/micro_ros_espidf_component/micro_ros_src/install/include/uxr/client/profile/transport/ip/tcp/tcp_transport_rtems_bsd_net.h
[1.563s] -- Installing: /home/proto/MARIO/firmware/components/micro_ros_espidf_component/micro_ros_src/install/include/uxr/client/profile/transport/ip/tcp/tcp_transport_posix_nopoll.h
[1.563s] -- Installing: /home/proto/MARIO/firmware/components/micro_ros_espidf_component/micro_ros_src/install/include/uxr/client/profile/transport/ip/udp
[1.563s] -- Installing: /home/proto/MARIO/firmware/components/micro_ros_espidf_component/micro_ros_src/install/include/uxr/client/profile/transport/ip/udp/udp_transport_windows.h
[1.563s] -- Installing: /home/proto/MARIO/firmware/components/micro_ros_espidf_component/micro_ros_src/install/include/uxr/client/profile/transport/ip/udp/udp_transport.h
[1.563s] -- Installing: /home/proto/MARIO/firmware/components/micro_ros_espidf_component/micro_ros_src/install/include/uxr/client/profile/transport/ip/udp/udp_transport_freertos_plus_tcp.h
[1.563s] -- Installing: /home/proto/MARIO/firmware/components/micro_ros_espidf_component/micro_ros_src/install/include/uxr/client/profile/transport/ip/udp/udp_transport_rtems_bsd_net.h
[1.563s] -- Installing: /home/proto/MARIO/firmware/components/micro_ros_espidf_component/micro_ros_src/install/include/uxr/client/profile/transport/ip/udp/udp_transport_posix.h
[1.563s] -- Installing: /home/proto/MARIO/firmware/components/micro_ros_espidf_component/micro_ros_src/install/include/uxr/client/profile/transport/ip/udp/udp_transport_posix_nopoll.h
[1.564s] -- Installing: /home/proto/MARIO/firmware/components/micro_ros_espidf_component/micro_ros_src/install/include/uxr/client/client.h
[1.564s] -- Installing: /home/proto/MARIO/firmware/components/micro_ros_espidf_component/micro_ros_src/install/include/uxr/client/visibility.h
[1.564s] -- Installing: /home/proto/MARIO/firmware/components/micro_ros_espidf_component/micro_ros_src/install/include/uxr/client/core
[1.564s] -- Installing: /home/proto/MARIO/firmware/components/micro_ros_espidf_component/micro_ros_src/install/include/uxr/client/core/type
[1.564s] -- Installing: /home/proto/MARIO/firmware/components/micro_ros_espidf_component/micro_ros_src/install/include/uxr/client/core/type/xrce_types.h
[1.564s] -- Installing: /home/proto/MARIO/firmware/components/micro_ros_espidf_component/micro_ros_src/install/include/uxr/client/core/session
[1.564s] -- Installing: /home/proto/MARIO/firmware/components/micro_ros_espidf_component/micro_ros_src/install/include/uxr/client/core/session/time_sync.h
[1.564s] -- Installing: /home/proto/MARIO/firmware/components/micro_ros_espidf_component/micro_ros_src/install/include/uxr/client/core/session/stream
[1.564s] -- Installing: /home/proto/MARIO/firmware/components/micro_ros_espidf_component/micro_ros_src/install/include/uxr/client/core/session/stream/seq_num.h
[1.564s] -- Installing: /home/proto/MARIO/firmware/components/micro_ros_espidf_component/micro_ros_src/install/include/uxr/client/core/session/stream/output_reliable_stream.h
[1.564s] -- Installing: /home/proto/MARIO/firmware/components/micro_ros_espidf_component/micro_ros_src/install/include/uxr/client/core/session/stream/stream_storage.h
[1.565s] -- Installing: /home/proto/MARIO/firmware/components/micro_ros_espidf_component/micro_ros_src/install/include/uxr/client/core/session/stream/reliable_stream.h
[1.565s] -- Installing: /home/proto/MARIO/firmware/components/micro_ros_espidf_component/micro_ros_src/install/include/uxr/client/core/session/stream/input_best_effort_stream.h
[1.565s] -- Installing: /home/proto/MARIO/firmware/components/micro_ros_espidf_component/micro_ros_src/install/include/uxr/client/core/session/stream/output_best_effort_stream.h
[1.565s] -- Installing: /home/proto/MARIO/firmware/components/micro_ros_espidf_component/micro_ros_src/install/include/uxr/client/core/session/stream/input_reliable_stream.h
[1.565s] -- Installing: /home/proto/MARIO/firmware/components/micro_ros_espidf_component/micro_ros_src/install/include/uxr/client/core/session/stream/stream_id.h
[1.565s] -- Installing: /home/proto/MARIO/firmware/components/micro_ros_espidf_component/micro_ros_src/install/include/uxr/client/core/session/read_access.h
[1.565s] -- Installing: /home/proto/MARIO/firmware/components/micro_ros_espidf_component/micro_ros_src/install/include/uxr/client/core/session/create_entities_xml.h
[1.565s] -- Installing: /home/proto/MARIO/firmware/components/micro_ros_espidf_component/micro_ros_src/install/include/uxr/client/core/session/session_info.h
[1.565s] -- Installing: /home/proto/MARIO/firmware/components/micro_ros_espidf_component/micro_ros_src/install/include/uxr/client/core/session/create_entities_bin.h
[1.565s] -- Installing: /home/proto/MARIO/firmware/components/micro_ros_espidf_component/micro_ros_src/install/include/uxr/client/core/session/object_id.h
[1.565s] -- Installing: /home/proto/MARIO/firmware/components/micro_ros_espidf_component/micro_ros_src/install/include/uxr/client/core/session/session.h
[1.565s] -- Installing: /home/proto/MARIO/firmware/components/micro_ros_espidf_component/micro_ros_src/install/include/uxr/client/core/session/common_create_entities.h
[1.565s] -- Installing: /home/proto/MARIO/firmware/components/micro_ros_espidf_component/micro_ros_src/install/include/uxr/client/core/session/create_entities_ref.h
[1.565s] -- Installing: /home/proto/MARIO/firmware/components/micro_ros_espidf_component/micro_ros_src/install/include/uxr/client/core/session/write_access.h
[1.566s] -- Installing: /home/proto/MARIO/firmware/components/micro_ros_espidf_component/micro_ros_src/install/include/uxr/client/core/communication
[1.566s] -- Installing: /home/proto/MARIO/firmware/components/micro_ros_espidf_component/micro_ros_src/install/include/uxr/client/core/communication/communication.h
[1.566s] -- Installing: /home/proto/MARIO/firmware/components/micro_ros_espidf_component/micro_ros_src/install/include/uxr/client/defines.h
[1.566s] -- Installing: /home/proto/MARIO/firmware/components/micro_ros_espidf_component/micro_ros_src/install/include/uxr/client/transport.h
[1.566s] -- Installing: /home/proto/MARIO/firmware/components/micro_ros_espidf_component/micro_ros_src/install/include/uxr/client/util
[1.566s] -- Installing: /home/proto/MARIO/firmware/components/micro_ros_espidf_component/micro_ros_src/install/include/uxr/client/util/time.h
[1.566s] -- Installing: /home/proto/MARIO/firmware/components/micro_ros_espidf_component/micro_ros_src/install/include/uxr/client/util/ping.h
[1.566s] -- Installing: /home/proto/MARIO/firmware/components/micro_ros_espidf_component/micro_ros_src/install/include/uxr/client/config.h
[1.566s] -- Installing: /home/proto/MARIO/firmware/components/micro_ros_espidf_component/micro_ros_src/install/share/microxrcedds_client/cmake/microxrcedds_clientTargets.cmake
[1.566s] -- Installing: /home/proto/MARIO/firmware/components/micro_ros_espidf_component/micro_ros_src/install/share/microxrcedds_client/cmake/microxrcedds_clientTargets-release.cmake
[1.566s] -- Installing: /home/proto/MARIO/firmware/components/micro_ros_espidf_component/micro_ros_src/install/share/microxrcedds_client/cmake/microxrcedds_clientConfig.cmake
[1.566s] -- Installing: /home/proto/MARIO/firmware/components/micro_ros_espidf_component/micro_ros_src/install/share/microxrcedds_client/cmake/microxrcedds_clientConfigVersion.cmake
[1.567s] Invoked command in '/home/proto/MARIO/firmware/components/micro_ros_espidf_component/micro_ros_src/build/microxrcedds_client' returned '0': CMAKE_PREFIX_PATH=/home/proto/MARIO/firmware/components/micro_ros_espidf_component/micro_ros_src/install:${CMAKE_PREFIX_PATH} PATH=/home/proto/MARIO/firmware/components/micro_ros_espidf_component/micro_ros_src/install/bin:${PATH} PYTHONPATH=/home/proto/MARIO/firmware/components/micro_ros_espidf_component/micro_ros_src/install/lib/python3.10/site-packages:${PYTHONPATH} X_CFLAGS=-mlongcalls -Wno-frame-address X_CXXFLAGS=-mlongcalls -Wno-frame-address /usr/bin/cmake --install /home/proto/MARIO/firmware/components/micro_ros_espidf_component/micro_ros_src/build/microxrcedds_client
